<?xml version="1.0" encoding="utf-8"?>
<TestRun id="31d4e21d-271c-43b8-abcc-ab0866478515" name="pngz@PHCNGUYEN 2026-04-12 16:22:09" runUser="PHCNGUYEN\pngz" xmlns="http://microsoft.com/schemas/VisualStudio/TeamTest/2010">
  <Times creation="2026-04-12T16:22:09.8044791+07:00" queuing="2026-04-12T16:22:09.8044795+07:00" start="2026-04-12T16:22:09.3122431+07:00" finish="2026-04-12T16:22:09.8048206+07:00" />
  <TestSettings name="default" id="154759eb-6645-4664-aaa5-a5bdca9004f4">
    <Deployment runDeploymentRoot="pngz_PHCNGUYEN_2026-04-12_16_22_09" />
  </TestSettings>
  <TestLists>
    <TestList name="Results Not in a List" id="8c84fa94-04c1-424b-9868-57a2d4851a1d" />
    <TestList name="All Loaded Results" id="19431567-8539-422a-85d7-44ee4e166bda" />
  </TestLists>
  <ResultSummary outcome="Completed">
    <Counters total="0" executed="0" passed="0" failed="0" error="0" timeout="0" aborted="0" inconclusive="0" passedButRunAborted="0" notRunnable="0" notExecuted="0" disconnected="0" warning="0" completed="0" inProgress="0" pending="0" />
    <Output>
      <StdOut>[xUnit.net 00:00:00.00] xUnit.net VSTest Adapter v3.1.5+1b188a7b0a (64-bit .NET 10.0.5)&#xD;
[xUnit.net 00:00:00.06]   Discovering: Nalix.Framework.Tests&#xD;
[xUnit.net 00:00:00.12]   Discovered:  Nalix.Framework.Tests&#xD;
</StdOut>
    </Output>
    <RunInfos>
      <RunInfo computerName="PHCNGUYEN" outcome="Warning" timestamp="2026-04-12T16:22:09.7621997+07:00">
        <Text>No test matches the given testcase filter `FullyQualifiedName~Nalix.Network.Tests.PolicyRateLimiterTests` in E:\Cs\Nalix\tests\Nalix.Framework.Tests\bin\Release\net10.0\Nalix.Framework.Tests.dll</Text>
      </RunInfo>
    </RunInfos>
  </ResultSummary>
</TestRun>