<?xml version="1.0" encoding="utf-8"?>
<TestRun id="4ec1ef90-193b-42ad-bd5d-580397383fa3" name="pngz@PHCNGUYEN 2026-04-12 16:22:15" runUser="PHCNGUYEN\pngz" xmlns="http://microsoft.com/schemas/VisualStudio/TeamTest/2010">
  <Times creation="2026-04-12T16:22:15.5593929+07:00" queuing="2026-04-12T16:22:15.5593930+07:00" start="2026-04-12T16:22:14.9370889+07:00" finish="2026-04-12T16:22:21.2377077+07:00" />
  <TestSettings name="default" id="778bae7a-28ef-45a2-a6ce-9d9dfe4937ac">
    <Deployment runDeploymentRoot="pngz_PHCNGUYEN_2026-04-12_16_22_15" />
  </TestSettings>
  <Results>
    <UnitTestResult executionId="3e01b017-f5f2-43c2-913b-21b81fa800dc" testId="4c082315-dc0e-067b-e13d-a0bfb7b0614f" testName="Nalix.Framework.Tests.DataFrames.PacketRegistryTests.DeserializeWhenBufferIsTooShortThrowsArgumentException" computerName="PHCNGUYEN" duration="00:00:00.0003870" startTime="2026-04-12T16:22:15.6167444+07:00" endTime="2026-04-12T16:22:15.6169718+07:00" testType="13cdc9d9-ddb5-4fa4-a97d-d965ccfc6d4b" outcome="Passed" testListId="8c84fa94-04c1-424b-9868-57a2d4851a1d" relativeResultsDirectory="3e01b017-f5f2-43c2-913b-21b81fa800dc" />
    <UnitTestResult executionId="c107adbc-775f-4ecd-bce6-d8d7eda155c3" testId="d9963685-3e9e-7ec9-72c1-549841bf0e9c" testName="Nalix.Framework.Tests.DataFrames.PacketRegistryTests.AllRegisteredPacketsHaveUniqueMagicNumbers" computerName="PHCNGUYEN" duration="00:00:00.0013435" startTime="2026-04-12T16:22:15.6202209+07:00" endTime="2026-04-12T16:22:15.6203366+07:00" testType="13cdc9d9-ddb5-4fa4-a97d-d965ccfc6d4b" outcome="Passed" testListId="8c84fa94-04c1-424b-9868-57a2d4851a1d" relativeResultsDirectory="c107adbc-775f-4ecd-bce6-d8d7eda155c3" />
    <UnitTestResult executionId="7d146282-005a-467a-9a1f-3dee78e576a7" testId="028cda04-7546-7425-05a6-e8981c12539a" testName="Nalix.Framework.Tests.Serialization.LiteSerializerReferenceTypeTests.SerializeDeserialize_StringReference_RoundTripsValue(input: &quot;hello&quot;)" computerName="PHCNGUYEN" duration="00:00:00.0000131" startTime="2026-04-12T16:22:15.5992281+07:00" endTime="2026-04-12T16:22:15.5993691+07:00" testType="13cdc9d9-ddb5-4fa4-a97d-d965ccfc6d4b" outcome="Passed" testListId="8c84fa94-04c1-424b-9868-57a2d4851a1d" relativeResultsDirectory="7d146282-005a-467a-9a1f-3dee78e576a7" />
    <UnitTestResult executionId="1ecb41e1-3815-4d78-bf4e-18f46df5abe9" testId="4267d01e-f8bd-8c18-e7d1-b44ba7abc5dc" testName="Nalix.Framework.Tests.Cryptography.SymmetricEngineTests.SymmetricEngineEnvelopeBufferTooSmallReturnsFalse(algorithm: Chacha20)" computerName="PHCNGUYEN" duration="00:00:00.0001890" startTime="2026-04-12T16:22:15.5532421+07:00" endTime="2026-04-12T16:22:15.5533330+07:00" testType="13cdc9d9-ddb5-4fa4-a97d-d965ccfc6d4b" outcome="Passed" testListId="8c84fa94-04c1-424b-9868-57a2d4851a1d" relativeResultsDirectory="1ecb41e1-3815-4d78-bf4e-18f46df5abe9" />
    <UnitTestResult executionId="fbbd1ff9-4bdf-44f8-bcb6-a10686391044" testId="609bec79-237c-bc1c-7ac2-db4963551f91" testName="Nalix.Framework.Tests.Tasks.TaskManagerTests.RunOnceAsyncWhenDelegateCompletesExecutesSuccessfully" computerName="PHCNGUYEN" duration="00:00:00.0006339" startTime="2026-04-12T16:22:16.3276031+07:00" endTime="2026-04-12T16:22:16.3282022+07:00" testType="13cdc9d9-ddb5-4fa4-a97d-d965ccfc6d4b" outcome="Passed" testListId="8c84fa94-04c1-424b-9868-57a2d4851a1d" relativeResultsDirectory="fbbd1ff9-4bdf-44f8-bcb6-a10686391044" />
    <UnitTestResult executionId="93257f34-7c20-4140-ab58-67ebe165c112" testId="8a9e3d2d-fa3f-eafc-763a-a0bafa0b398a" testName="Nalix.Framework.Tests.DataFrames.DataFramesPublicApiTests.GetMaxCiphertextSizeWhenSuiteIsValidReturnsExpectedEnvelopeCapacity(suite: Salsa20Poly1305, plaintextSize: 24)" computerName="PHCNGUYEN" duration="00:00:00.0003127" startTime="2026-04-12T16:22:15.5831254+07:00" endTime="2026-04-12T16:22:15.5839404+07:00" testType="13cdc9d9-ddb5-4fa4-a97d-d965ccfc6d4b" outcome="Passed" testListId="8c84fa94-04c1-424b-9868-57a2d4851a1d" relativeResultsDirectory="93257f34-7c20-4140-ab58-67ebe165c112" />
    <UnitTestResult executionId="3d18325f-a063-4399-9c98-cb9c4f459fb9" testId="e32c64ea-6131-47b6-c890-811bcf7844cd" testName="Nalix.Framework.Tests.Time.ClockValidationTests.SynchronizeUnixMillisecondsRejectsZeroMaxAllowedDrift" computerName="PHCNGUYEN" duration="00:00:00.0022220" startTime="2026-04-12T16:22:15.5495169+07:00" endTime="2026-04-12T16:22:15.5538199+07:00" testType="13cdc9d9-ddb5-4fa4-a97d-d965ccfc6d4b" outcome="Passed" testListId="8c84fa94-04c1-424b-9868-57a2d4851a1d" relativeResultsDirectory="3d18325f-a063-4399-9c98-cb9c4f459fb9" />
    <UnitTestResult executionId="f1b051c1-8caf-4f45-9eb7-51e5161b86d7" testId="910b3980-8d9d-53e6-2ea5-f46cc60765dc" testName="Nalix.Framework.Tests.Memory.MemoryTests.Advance_ReaderHasData_UpdatesBytesReadAndRemaining(sourceKind: &quot;span&quot;)" computerName="PHCNGUYEN" duration="00:00:00.0007127" startTime="2026-04-12T16:22:15.6053816+07:00" endTime="2026-04-12T16:22:15.6054162+07:00" testType="13cdc9d9-ddb5-4fa4-a97d-d965ccfc6d4b" outcome="Passed" testListId="8c84fa94-04c1-424b-9868-57a2d4851a1d" relativeResultsDirectory="f1b051c1-8caf-4f45-9eb7-51e5161b86d7" />
    <UnitTestResult executionId="b4b42c54-89e0-4bdf-a20b-87480ae356ca" testId="17d10503-4eac-5110-7533-fcd25a8cbf96" testName="Nalix.Framework.Tests.Cryptography.Salsa20Poly1305Tests.DecryptWhenTagIsTamperedReturnsNegativeResult" computerName="PHCNGUYEN" duration="00:00:00.0002095" startTime="2026-04-12T16:22:15.5747502+07:00" endTime="2026-04-12T16:22:15.5749707+07:00" testType="13cdc9d9-ddb5-4fa4-a97d-d965ccfc6d4b" outcome="Passed" testListId="8c84fa94-04c1-424b-9868-57a2d4851a1d" relativeResultsDirectory="b4b42c54-89e0-4bdf-a20b-87480ae356ca" />
    <UnitTestResult executionId="5ae8f069-e79d-4e38-a1f8-70ed10d625bb" testId="a1aa5208-17e6-571f-f1e8-70ca5d65701e" testName="Nalix.Framework.Tests.Memory.MemoryTests.GenerateReport_StateUnderTest_ReturnsReportAndData" computerName="PHCNGUYEN" duration="00:00:00.0340554" startTime="2026-04-12T16:22:15.6098420+07:00" endTime="2026-04-12T16:22:15.6224594+07:00" testType="13cdc9d9-ddb5-4fa4-a97d-d965ccfc6d4b" outcome="Passed" testListId="8c84fa94-04c1-424b-9868-57a2d4851a1d" relativeResultsDirectory="5ae8f069-e79d-4e38-a1f8-70ed10d625bb" />
    <UnitTestResult executionId="a022845f-2c27-48fe-afd1-b11baeee5cdc" testId="0045f643-e6bc-cea9-b10c-95737f734272" testName="Nalix.Framework.Tests.Tasks.TaskManagerTests.ScheduleWorkerAverageExecutionTimeTracksRuntimeInsteadOfEnqueueTime" computerName="PHCNGUYEN" duration="00:00:00.1298949" startTime="2026-04-12T16:22:15.6564443+07:00" endTime="2026-04-12T16:22:15.7860254+07:00" testType="13cdc9d9-ddb5-4fa4-a97d-d965ccfc6d4b" outcome="Passed" testListId="8c84fa94-04c1-424b-9868-57a2d4851a1d" relativeResultsDirectory="a022845f-2c27-48fe-afd1-b11baeee5cdc" />
    <UnitTestResult executionId="38e0d611-1200-4c01-985e-6c3702a9fc06" testId="2fd5ba6b-b474-7ee9-aa59-a4781e857cdb" testName="Nalix.Framework.Tests.Memory.MemoryTests.GetUsageRatio_StateVaries_ReturnsExpectedMetrics(totalBuffers: 100, freeBuffers: 60, misses: 0, expectedCanShrink: True, expectedNeedsExpansion: False, expectedUsageRatio: 0.40000000000000002, expectedMissRate: 0)" computerName="PHCNGUYEN" duration="00:00:00.0004148" startTime="2026-04-12T16:22:15.6082021+07:00" endTime="2026-04-12T16:22:15.6092083+07:00" testType="13cdc9d9-ddb5-4fa4-a97d-d965ccfc6d4b" outcome="Passed" testListId="8c84fa94-04c1-424b-9868-57a2d4851a1d" relativeResultsDirectory="38e0d611-1200-4c01-985e-6c3702a9fc06" />
    <UnitTestResult executionId="5cacaafd-c016-454e-a24e-fbc40533e713" testId="cd2aa294-cafa-b9d4-d20a-9a07d18003b7" testName="Nalix.Framework.Tests.Time.ClockTests.UnixSecondsNowShouldMatch" computerName="PHCNGUYEN" duration="00:00:00.0001555" startTime="2026-04-12T16:22:18.6657271+07:00" endTime="2026-04-12T16:22:18.6658616+07:00" testType="13cdc9d9-ddb5-4fa4-a97d-d965ccfc6d4b" outcome="Passed" testListId="8c84fa94-04c1-424b-9868-57a2d4851a1d" relativeResultsDirectory="5cacaafd-c016-454e-a24e-fbc40533e713" />
    <UnitTestResult executionId="0ff1ec7f-87da-4fc1-bcf0-b6ee5f0901de" testId="3e66847c-894f-9e94-990e-8f9d88a0201e" testName="Nalix.Framework.Tests.Serialization.LiteSerializerArrayTests.SerializeDeserialize_IntArray_RoundTripsValues" computerName="PHCNGUYEN" duration="00:00:00.0024814" startTime="2026-04-12T16:22:15.5808612+07:00" endTime="2026-04-12T16:22:15.5831975+07:00" testType="13cdc9d9-ddb5-4fa4-a97d-d965ccfc6d4b" outcome="Passed" testListId="8c84fa94-04c1-424b-9868-57a2d4851a1d" relativeResultsDirectory="0ff1ec7f-87da-4fc1-bcf0-b6ee5f0901de" />
    <UnitTestResult executionId="2f0908ab-01ec-4383-9a94-8837f6cac55c" testId="cfc2ff5b-5c52-a44a-aeb3-c6e66e925036" testName="Nalix.Framework.Tests.Serialization.LiteSerializerObjectTests.SerializeDeserialize_Handshake_RoundTripsState" computerName="PHCNGUYEN" duration="00:00:00.0877009" startTime="2026-04-12T16:22:15.5058654+07:00" endTime="2026-04-12T16:22:15.6170941+07:00" testType="13cdc9d9-ddb5-4fa4-a97d-d965ccfc6d4b" outcome="Passed" testListId="8c84fa94-04c1-424b-9868-57a2d4851a1d" relativeResultsDirectory="2f0908ab-01ec-4383-9a94-8837f6cac55c" />
    <UnitTestResult executionId="50d1dca2-b112-4ee2-b91d-5bbb15f9da91" testId="aed6aba4-e048-cf60-8a1f-430d25a37c05" testName="Nalix.Framework.Tests.Memory.MemoryTests.SetMaxCapacity_ObjectPoolUsesBatchApis_ReturnsExpectedResults" computerName="PHCNGUYEN" duration="00:00:00.0010303" startTime="2026-04-12T16:22:15.6347262+07:00" endTime="2026-04-12T16:22:15.6347528+07:00" testType="13cdc9d9-ddb5-4fa4-a97d-d965ccfc6d4b" outcome="Passed" testListId="8c84fa94-04c1-424b-9868-57a2d4851a1d" relativeResultsDirectory="50d1dca2-b112-4ee2-b91d-5bbb15f9da91" />
    <UnitTestResult executionId="c28f37cc-3eb2-4bfb-9ce0-4198b8cb508b" testId="59947a1c-2564-a5c4-5fda-b8ba3678908c" testName="Nalix.Framework.Tests.Serialization.LiteSerializerUnmanagedArrayTests.SerializeDeserialize_UnmanagedByteArray_RoundTripsPayload(payload: [1])" computerName="PHCNGUYEN" duration="00:00:00.0002129" startTime="2026-04-12T16:22:15.5353542+07:00" endTime="2026-04-12T16:22:15.5469805+07:00" testType="13cdc9d9-ddb5-4fa4-a97d-d965ccfc6d4b" outcome="Passed" testListId="8c84fa94-04c1-424b-9868-57a2d4851a1d" relativeResultsDirectory="c28f37cc-3eb2-4bfb-9ce0-4198b8cb508b" />
    <UnitTestResult executionId="b85e3a18-3868-4e6a-980c-14c89656012f" testId="dad9f0b1-f4ac-f815-d243-5b30f66f51c2" testName="Nalix.Framework.Tests.Configuration.ConfigurationManagerTests.SetConfigFilePathWhenAutoReloadIsDisabledKeepsExistingValuesUntilReloadAll" computerName="PHCNGUYEN" duration="00:00:00.0038822" startTime="2026-04-12T16:22:15.6318421+07:00" endTime="2026-04-12T16:22:15.6322765+07:00" testType="13cdc9d9-ddb5-4fa4-a97d-d965ccfc6d4b" outcome="Passed" testListId="8c84fa94-04c1-424b-9868-57a2d4851a1d" relativeResultsDirectory="b85e3a18-3868-4e6a-980c-14c89656012f" />
    <UnitTestResult executionId="c2be1e63-0809-4359-b0ea-fe0d35d73885" testId="abfd3331-dec5-3c2e-34d2-194d1b1722c5" testName="Nalix.Framework.Tests.Memory.MemoryTests.Get_ObjectPoolManagerLifecycle_TracksStatisticsAndReports" computerName="PHCNGUYEN" duration="00:00:00.0121908" startTime="2026-04-12T16:22:15.6298917+07:00" endTime="2026-04-12T16:22:15.6318885+07:00" testType="13cdc9d9-ddb5-4fa4-a97d-d965ccfc6d4b" outcome="Passed" testListId="8c84fa94-04c1-424b-9868-57a2d4851a1d" relativeResultsDirectory="c2be1e63-0809-4359-b0ea-fe0d35d73885" />
    <UnitTestResult executionId="81fb8bac-9c4e-4de6-9f72-5f13aedfe61c" testId="784326b8-d0f4-6652-5806-43f4b713c707" testName="Nalix.Framework.Tests.Cryptography.AeadEngineTests.ChaCha20Poly1305WrongNonceLengthThrows" computerName="PHCNGUYEN" duration="00:00:00.0006382" startTime="2026-04-12T16:22:15.5902966+07:00" endTime="2026-04-12T16:22:15.5903412+07:00" testType="13cdc9d9-ddb5-4fa4-a97d-d965ccfc6d4b" outcome="Passed" testListId="8c84fa94-04c1-424b-9868-57a2d4851a1d" relativeResultsDirectory="81fb8bac-9c4e-4de6-9f72-5f13aedfe61c" />
    <UnitTestResult executionId="8466ca16-3a52-43f3-b7e9-1a14de3f5dfa" testId="a4a5ff64-994d-0224-ffbb-b784b42b61b2" testName="Nalix.Framework.Tests.Cryptography.AeadEngineTests.ChaCha20Poly1305DifferentNoncesProduceDifferentCiphertext" computerName="PHCNGUYEN" duration="00:00:00.0003317" startTime="2026-04-12T16:22:15.5636257+07:00" endTime="2026-04-12T16:22:15.5636623+07:00" testType="13cdc9d9-ddb5-4fa4-a97d-d965ccfc6d4b" outcome="Passed" testListId="8c84fa94-04c1-424b-9868-57a2d4851a1d" relativeResultsDirectory="8466ca16-3a52-43f3-b7e9-1a14de3f5dfa" />
    <UnitTestResult executionId="c89f4c44-2b3c-4a14-89f6-05f12fac8933" testId="8c361c0e-5595-728a-28d5-1f55ba7a789a" testName="Nalix.Framework.Tests.Cryptography.AeadEngineTests.AeadEngineDifferentKeysProduceDifferentCiphertext(algorithm: Salsa20Poly1305)" computerName="PHCNGUYEN" duration="00:00:00.0006882" startTime="2026-04-12T16:22:15.5822777+07:00" endTime="2026-04-12T16:22:15.5826571+07:00" testType="13cdc9d9-ddb5-4fa4-a97d-d965ccfc6d4b" outcome="Passed" testListId="8c84fa94-04c1-424b-9868-57a2d4851a1d" relativeResultsDirectory="c89f4c44-2b3c-4a14-89f6-05f12fac8933" />
    <UnitTestResult executionId="7ccb5e7c-c0b7-46f4-91fe-a9f962ba5dd6" testId="363029ca-9522-ce48-64a4-39b1e13d5950" testName="Nalix.Framework.Tests.Serialization.LiteSerializerObjectTests.SerializeDeserialize_ObjectGraphWithNullAndNestedCollection_RoundTripsState" computerName="PHCNGUYEN" duration="00:00:00.0173771" startTime="2026-04-12T16:22:15.6189435+07:00" endTime="2026-04-12T16:22:15.6204825+07:00" testType="13cdc9d9-ddb5-4fa4-a97d-d965ccfc6d4b" outcome="Passed" testListId="8c84fa94-04c1-424b-9868-57a2d4851a1d" relativeResultsDirectory="7ccb5e7c-c0b7-46f4-91fe-a9f962ba5dd6" />
    <UnitTestResult executionId="f1134163-ccbb-462e-81da-1ad47448da26" testId="9240ff46-b551-14d4-0109-c49ddd2e3787" testName="Nalix.Framework.Tests.DataFrames.PacketRegistryTests.DifferentPacketTypesProduceDifferentMagicNumbers" computerName="PHCNGUYEN" duration="00:00:00.0001290" startTime="2026-04-12T16:22:15.6210042+07:00" endTime="2026-04-12T16:22:15.6211506+07:00" testType="13cdc9d9-ddb5-4fa4-a97d-d965ccfc6d4b" outcome="Passed" testListId="8c84fa94-04c1-424b-9868-57a2d4851a1d" relativeResultsDirectory="f1134163-ccbb-462e-81da-1ad47448da26" />
    <UnitTestResult executionId="59165e91-2e24-4404-a9ca-50c3b1433c82" testId="7d7046a2-5728-ec3a-c469-24f6ab36f150" testName="Nalix.Framework.Tests.DataFrames.DataFramesPublicApiTests.AddWhenAllChunksArriveInOrderReturnsAssembledBuffer" computerName="PHCNGUYEN" duration="00:00:00.0007618" startTime="2026-04-12T16:22:17.0697873+07:00" endTime="2026-04-12T16:22:17.0698418+07:00" testType="13cdc9d9-ddb5-4fa4-a97d-d965ccfc6d4b" outcome="Passed" testListId="8c84fa94-04c1-424b-9868-57a2d4851a1d" relativeResultsDirectory="59165e91-2e24-4404-a9ca-50c3b1433c82" />
    <UnitTestResult executionId="ada7614b-b3d2-470b-b849-408e3810035b" testId="db818bf0-c5bc-697e-db0f-77184e727169" testName="Nalix.Framework.Tests.Tasks.TaskManagerTests.ScheduleWorkerWhenWorkThrowsIncrementsWorkerErrorCount" computerName="PHCNGUYEN" duration="00:00:00.0859567" startTime="2026-04-12T16:22:15.5798644+07:00" endTime="2026-04-12T16:22:15.6299774+07:00" testType="13cdc9d9-ddb5-4fa4-a97d-d965ccfc6d4b" outcome="Passed" testListId="8c84fa94-04c1-424b-9868-57a2d4851a1d" relativeResultsDirectory="ada7614b-b3d2-470b-b849-408e3810035b" />
    <UnitTestResult executionId="f57bd6a5-661a-4b51-b24c-a7b746c15216" testId="20d830dc-b3cc-1c94-b717-f9489df1f5a4" testName="Nalix.Framework.Tests.Memory.MemoryTests.DataWriter_StateUnderTest_InvalidInitialSizeThrows(size: -1)" computerName="PHCNGUYEN" duration="00:00:00.0002948" startTime="2026-04-12T16:22:15.6332499+07:00" endTime="2026-04-12T16:22:15.6332713+07:00" testType="13cdc9d9-ddb5-4fa4-a97d-d965ccfc6d4b" outcome="Passed" testListId="8c84fa94-04c1-424b-9868-57a2d4851a1d" relativeResultsDirectory="f57bd6a5-661a-4b51-b24c-a7b746c15216" />
    <UnitTestResult executionId="5a640b28-7f01-4b14-a482-3e98f2695814" testId="bd34d1c3-5e5a-4266-34b1-d6e798cd12a4" testName="Nalix.Framework.Tests.DataFrames.DataFramesPublicApiTests.AddWhenFirstChunkArrivesOutOfOrderThrowsInvalidDataException" computerName="PHCNGUYEN" duration="00:00:00.0004858" startTime="2026-04-12T16:22:17.0679444+07:00" endTime="2026-04-12T16:22:17.0680139+07:00" testType="13cdc9d9-ddb5-4fa4-a97d-d965ccfc6d4b" outcome="Passed" testListId="8c84fa94-04c1-424b-9868-57a2d4851a1d" relativeResultsDirectory="5a640b28-7f01-4b14-a482-3e98f2695814" />
    <UnitTestResult executionId="a0dea0fb-c682-469e-9790-908ffc4e338e" testId="341faec9-d7cb-9111-cc8c-923d93df4591" testName="Nalix.Framework.Tests.DataFrames.PacketBaseLengthTests.LengthWhenPacketContainsStringMatchesSerializedByteCount(text: &quot;xin chao 你好&quot;)" computerName="PHCNGUYEN" duration="00:00:00.0809498" startTime="2026-04-12T16:22:15.5005547+07:00" endTime="2026-04-12T16:22:15.6114141+07:00" testType="13cdc9d9-ddb5-4fa4-a97d-d965ccfc6d4b" outcome="Passed" testListId="8c84fa94-04c1-424b-9868-57a2d4851a1d" relativeResultsDirectory="a0dea0fb-c682-469e-9790-908ffc4e338e" />
    <UnitTestResult executionId="c8fd404f-22e7-4700-94a1-750ba8734586" testId="92a4cc35-2ead-b081-f83e-906c780cada9" testName="Nalix.Framework.Tests.DataFrames.DataFramesPublicApiTests.ReadFromWhenMagicIsInvalidThrowsInvalidDataException" computerName="PHCNGUYEN" duration="00:00:00.0016702" startTime="2026-04-12T16:22:15.5848884+07:00" endTime="2026-04-12T16:22:15.5859930+07:00" testType="13cdc9d9-ddb5-4fa4-a97d-d965ccfc6d4b" outcome="Passed" testListId="8c84fa94-04c1-424b-9868-57a2d4851a1d" relativeResultsDirectory="c8fd404f-22e7-4700-94a1-750ba8734586" />
    <UnitTestResult executionId="a762afe8-a3df-4c0e-8f00-f984066d73ea" testId="b8aad744-d91c-8a5b-aa10-96760fb56ebc" testName="Nalix.Framework.Tests.Cryptography.SymmetricEngineTests.SymmetricEngineEnvelopeCorruptMagicBytesDecryptReturnsFalse" computerName="PHCNGUYEN" duration="00:00:00.0111162" startTime="2026-04-12T16:22:15.5062336+07:00" endTime="2026-04-12T16:22:15.5354519+07:00" testType="13cdc9d9-ddb5-4fa4-a97d-d965ccfc6d4b" outcome="Passed" testListId="8c84fa94-04c1-424b-9868-57a2d4851a1d" relativeResultsDirectory="a762afe8-a3df-4c0e-8f00-f984066d73ea" />
    <UnitTestResult executionId="098ffcd6-b346-4e0f-bdc1-ae822d693465" testId="66f2d8e8-4972-56ff-1e19-349edb7eaaa0" testName="Nalix.Framework.Tests.DataFrames.DataFramesPublicApiTests.ResetForPoolWhenControlPacketWasInitializedRestoresControlDefaults" computerName="PHCNGUYEN" duration="00:00:00.0001828" startTime="2026-04-12T16:22:17.0712571+07:00" endTime="2026-04-12T16:22:17.0713058+07:00" testType="13cdc9d9-ddb5-4fa4-a97d-d965ccfc6d4b" outcome="Passed" testListId="8c84fa94-04c1-424b-9868-57a2d4851a1d" relativeResultsDirectory="098ffcd6-b346-4e0f-bdc1-ae822d693465" />
    <UnitTestResult executionId="97fe4220-7017-4b40-a84f-09b246ed4638" testId="258535b7-8da2-4eb4-2154-69ecd9ce0a6c" testName="Nalix.Framework.Tests.DataFrames.PacketRegistryTests.DeserializeWhenMagicNumberIsUnknownThrowsInvalidOperationException" computerName="PHCNGUYEN" duration="00:00:00.0003830" startTime="2026-04-12T16:22:15.6204464+07:00" endTime="2026-04-12T16:22:15.6207864+07:00" testType="13cdc9d9-ddb5-4fa4-a97d-d965ccfc6d4b" outcome="Passed" testListId="8c84fa94-04c1-424b-9868-57a2d4851a1d" relativeResultsDirectory="97fe4220-7017-4b40-a84f-09b246ed4638" />
    <UnitTestResult executionId="17e27081-cb11-437b-a010-e14e9e0e9414" testId="9f527ab2-bdac-4139-0a6c-96afbc5ce205" testName="HasInstance and GetExistingInstance behave as expected" computerName="PHCNGUYEN" duration="00:00:00.0007244" startTime="2026-04-12T16:22:15.5877853+07:00" endTime="2026-04-12T16:22:15.5881064+07:00" testType="13cdc9d9-ddb5-4fa4-a97d-d965ccfc6d4b" outcome="Passed" testListId="8c84fa94-04c1-424b-9868-57a2d4851a1d" relativeResultsDirectory="17e27081-cb11-437b-a010-e14e9e0e9414" />
    <UnitTestResult executionId="a6287768-0155-49b6-b030-0595eb65cf36" testId="9108df1c-bc25-bd0f-0183-8604e344e530" testName="Nalix.Framework.Tests.Cryptography.AeadEngineTests.Salsa20Poly1305EncryptDecryptOneBlockRoundTrips" computerName="PHCNGUYEN" duration="00:00:00.0001781" startTime="2026-04-12T16:22:15.5893686+07:00" endTime="2026-04-12T16:22:15.5894349+07:00" testType="13cdc9d9-ddb5-4fa4-a97d-d965ccfc6d4b" outcome="Passed" testListId="8c84fa94-04c1-424b-9868-57a2d4851a1d" relativeResultsDirectory="a6287768-0155-49b6-b030-0595eb65cf36" />
    <UnitTestResult executionId="97de53cb-ab3a-4fa8-8205-d65a3f7c6831" testId="e91e0d90-cf33-43e1-9029-e89b97ea0703" testName="Nalix.Framework.Tests.LZ4.LZ4CodecTests.EncodeDecodeWithEmptyInputWorks" computerName="PHCNGUYEN" duration="00:00:00.0008288" startTime="2026-04-12T16:22:15.5602284+07:00" endTime="2026-04-12T16:22:15.5608893+07:00" testType="13cdc9d9-ddb5-4fa4-a97d-d965ccfc6d4b" outcome="Passed" testListId="8c84fa94-04c1-424b-9868-57a2d4851a1d" relativeResultsDirectory="97de53cb-ab3a-4fa8-8205-d65a3f7c6831" />
    <UnitTestResult executionId="2a21728f-188e-418c-a9af-e1ce8be30072" testId="dd890c31-0670-7964-5bb9-a49e58520263" testName="Nalix.Framework.Tests.Tasks.TasksTests.TagsExposeExpectedPublicConstants" computerName="PHCNGUYEN" duration="00:00:00.0004339" startTime="2026-04-12T16:22:15.5760085+07:00" endTime="2026-04-12T16:22:15.5760656+07:00" testType="13cdc9d9-ddb5-4fa4-a97d-d965ccfc6d4b" outcome="Passed" testListId="8c84fa94-04c1-424b-9868-57a2d4851a1d" relativeResultsDirectory="2a21728f-188e-418c-a9af-e1ce8be30072" />
    <UnitTestResult executionId="fc299ad0-8920-4b91-a986-3f2134683fae" testId="066ff3fd-8694-b05f-1fc3-70e1a0547e06" testName="Nalix.Framework.Tests.Memory.MemoryTests.Validate_InvalidBufferConfig_ThrowsValidationException(expandThreshold: 0.20000000000000001, shrinkThreshold: 0.59999999999999998, allocations: &quot;256,0.60;256,0.20&quot;, totalBuffers: 32, autoTuneThreshold: 32, growthFactor: 2, minimumIncrease: 4, maxIncreaseLimit: 16)" computerName="PHCNGUYEN" duration="00:00:00.0206071" startTime="2026-04-12T16:22:15.5971851+07:00" endTime="2026-04-12T16:22:15.6048186+07:00" testType="13cdc9d9-ddb5-4fa4-a97d-d965ccfc6d4b" outcome="Passed" testListId="8c84fa94-04c1-424b-9868-57a2d4851a1d" relativeResultsDirectory="fc299ad0-8920-4b91-a986-3f2134683fae" />
    <UnitTestResult executionId="455e4a7c-5b61-4f4c-b842-0ab525391085" testId="1ac66ad1-7a34-62ee-8545-b5971f5ce87f" testName="Nalix.Framework.Tests.Serialization.LiteSerializerStringTests.SerializeDeserialize_String_RoundTripsValue(input: &quot;Hello&quot;)" computerName="PHCNGUYEN" duration="00:00:00.0218553" startTime="2026-04-12T16:22:15.5843256+07:00" endTime="2026-04-12T16:22:15.5977195+07:00" testType="13cdc9d9-ddb5-4fa4-a97d-d965ccfc6d4b" outcome="Passed" testListId="8c84fa94-04c1-424b-9868-57a2d4851a1d" relativeResultsDirectory="455e4a7c-5b61-4f4c-b842-0ab525391085" />
    <UnitTestResult executionId="aba453a8-48f5-4206-b352-887745a8a1a2" testId="379b7061-1053-f54b-9ef8-9d6ec4296bc9" testName="Nalix.Framework.Tests.Cryptography.AeadEngineTests.ChaCha20Poly1305EncryptDecryptEmptyPlaintextRoundTrips" computerName="PHCNGUYEN" duration="00:00:00.0003214" startTime="2026-04-12T16:22:15.5904760+07:00" endTime="2026-04-12T16:22:15.5913734+07:00" testType="13cdc9d9-ddb5-4fa4-a97d-d965ccfc6d4b" outcome="Passed" testListId="8c84fa94-04c1-424b-9868-57a2d4851a1d" relativeResultsDirectory="aba453a8-48f5-4206-b352-887745a8a1a2" />
    <UnitTestResult executionId="92519dd3-b806-4245-b4cc-7eb1c90ec8cd" testId="e49b1e89-fb4f-55c9-f7ab-2d390025658b" testName="Nalix.Framework.Tests.Configuration.ConfigurationManagerTests.ReloadAllWhenConfigurationFileChangesReloadsLoadedConfigurationsAndUpdatesTimestamp" computerName="PHCNGUYEN" duration="00:00:00.0383980" startTime="2026-04-12T16:22:15.6137341+07:00" endTime="2026-04-12T16:22:15.6301558+07:00" testType="13cdc9d9-ddb5-4fa4-a97d-d965ccfc6d4b" outcome="Passed" testListId="8c84fa94-04c1-424b-9868-57a2d4851a1d" relativeResultsDirectory="92519dd3-b806-4245-b4cc-7eb1c90ec8cd" />
    <UnitTestResult executionId="f24318c4-3577-43e3-8b6f-5d6734824ece" testId="5e858420-0ea4-e5ba-d41a-a5b0e8d8dade" testName="Nalix.Framework.Tests.Memory.MemoryTests.Expand_WriterOwnsRentedBuffer_GrowsAndPreservesContent" computerName="PHCNGUYEN" duration="00:00:00.0021095" startTime="2026-04-12T16:22:15.6331493+07:00" endTime="2026-04-12T16:22:15.6331705+07:00" testType="13cdc9d9-ddb5-4fa4-a97d-d965ccfc6d4b" outcome="Passed" testListId="8c84fa94-04c1-424b-9868-57a2d4851a1d" relativeResultsDirectory="f24318c4-3577-43e3-8b6f-5d6734824ece" />
    <UnitTestResult executionId="8c2f4a6f-6b5f-493e-abda-4e4ddb417bb1" testId="e8957e20-3c48-cc68-25ed-45bb5d191a06" testName="Nalix.Framework.Tests.Memory.MemoryTests.Validate_InvalidBufferConfig_ThrowsValidationException(expandThreshold: 0.20000000000000001, shrinkThreshold: 0.59999999999999998, allocations: &quot;256,1.0&quot;, totalBuffers: 32, autoTuneThreshold: 32, growthFactor: 5, minimumIncrease: 4, maxIncreaseLimit: 8)" computerName="PHCNGUYEN" duration="00:00:00.0026807" startTime="2026-04-12T16:22:15.6048977+07:00" endTime="2026-04-12T16:22:15.6050671+07:00" testType="13cdc9d9-ddb5-4fa4-a97d-d965ccfc6d4b" outcome="Passed" testListId="8c84fa94-04c1-424b-9868-57a2d4851a1d" relativeResultsDirectory="8c2f4a6f-6b5f-493e-abda-4e4ddb417bb1" />
    <UnitTestResult executionId="a13db93f-ec28-4ca8-84e4-b95c9cde1f0b" testId="4aee6942-9f56-5c08-954b-d18b6aa3669e" testName="Nalix.Framework.Tests.Time.ClockTests.SynchronizeTimeAndResetSynchronization" computerName="PHCNGUYEN" duration="00:00:00.0003825" startTime="2026-04-12T16:22:18.6646531+07:00" endTime="2026-04-12T16:22:18.6650339+07:00" testType="13cdc9d9-ddb5-4fa4-a97d-d965ccfc6d4b" outcome="Passed" testListId="8c84fa94-04c1-424b-9868-57a2d4851a1d" relativeResultsDirectory="a13db93f-ec28-4ca8-84e4-b95c9cde1f0b" />
    <UnitTestResult executionId="a81ed277-7d7f-47d0-af30-867d8d6ce201" testId="1325e994-dfa9-e3aa-3d66-e679f8c9dfb6" testName="Nalix.Framework.Tests.Memory.MemoryTests.GetUsageRatio_StateVaries_ReturnsExpectedMetrics(totalBuffers: 0, freeBuffers: 0, misses: 5, expectedCanShrink: False, expectedNeedsExpansion: False, expectedUsageRatio: 0, expectedMissRate: 0)" computerName="PHCNGUYEN" duration="00:00:00.0000043" startTime="2026-04-12T16:22:15.6093861+07:00" endTime="2026-04-12T16:22:15.6094233+07:00" testType="13cdc9d9-ddb5-4fa4-a97d-d965ccfc6d4b" outcome="Passed" testListId="8c84fa94-04c1-424b-9868-57a2d4851a1d" relativeResultsDirectory="a81ed277-7d7f-47d0-af30-867d8d6ce201" />
    <UnitTestResult executionId="5dae5482-28ea-4dc3-81e9-8829f876a2d2" testId="e481604d-e096-6dfd-9de6-716055bfe5bb" testName="Nalix.Framework.Tests.DataFrames.PacketRegistryTests.ControlAfterResetForPoolCanBeReinitializedAndRoundTripped" computerName="PHCNGUYEN" duration="00:00:00.0326833" startTime="2026-04-12T16:22:15.5962067+07:00" endTime="2026-04-12T16:22:15.6101686+07:00" testType="13cdc9d9-ddb5-4fa4-a97d-d965ccfc6d4b" outcome="Passed" testListId="8c84fa94-04c1-424b-9868-57a2d4851a1d" relativeResultsDirectory="5dae5482-28ea-4dc3-81e9-8829f876a2d2" />
    <UnitTestResult executionId="4d0b929c-7a5a-4eb2-aaf7-d1ad0c72cf21" testId="4505774e-46db-59c7-1184-353137805783" testName="Nalix.Framework.Tests.DataFrames.DataFramesPublicApiTests.ComputeWhenCalledForSameTypeReturnsSameMagicNumber" computerName="PHCNGUYEN" duration="00:00:00.0001015" startTime="2026-04-12T16:22:18.5757018+07:00" endTime="2026-04-12T16:22:18.5757646+07:00" testType="13cdc9d9-ddb5-4fa4-a97d-d965ccfc6d4b" outcome="Passed" testListId="8c84fa94-04c1-424b-9868-57a2d4851a1d" relativeResultsDirectory="4d0b929c-7a5a-4eb2-aaf7-d1ad0c72cf21" />
    <UnitTestResult executionId="0c00d790-455d-476e-ad66-2643698f4442" testId="bd57918c-6632-4eeb-95c4-0fa0d574dfa6" testName="Nalix.Framework.Tests.DataFrames.DataFramesPublicApiTests.ValidateWhenFragmentOptionsVaryMatchesExpectedValidity(maxPayloadSize: 1000, maxChunkSize: 1400, shouldSucceed: False)" computerName="PHCNGUYEN" duration="00:00:00.0000169" startTime="2026-04-12T16:22:15.6186932+07:00" endTime="2026-04-12T16:22:15.6187232+07:00" testType="13cdc9d9-ddb5-4fa4-a97d-d965ccfc6d4b" outcome="Passed" testListId="8c84fa94-04c1-424b-9868-57a2d4851a1d" relativeResultsDirectory="0c00d790-455d-476e-ad66-2643698f4442" />
    <UnitTestResult executionId="0e36f623-2c88-48dd-87b7-ad1a8b03887a" testId="b9fba4ba-4163-66f9-706a-d7886adf7cf1" testName="Nalix.Framework.Tests.Memory.MemoryTests.ReleaseOwnership_StateUnderTest_ReturnsExpectedOutcome" computerName="PHCNGUYEN" duration="00:00:00.0008724" startTime="2026-04-12T16:22:15.6346081+07:00" endTime="2026-04-12T16:22:15.6346330+07:00" testType="13cdc9d9-ddb5-4fa4-a97d-d965ccfc6d4b" outcome="Passed" testListId="8c84fa94-04c1-424b-9868-57a2d4851a1d" relativeResultsDirectory="0e36f623-2c88-48dd-87b7-ad1a8b03887a" />
    <UnitTestResult executionId="f40143f3-ab0c-488d-948e-18c594b08f6f" testId="1eff2f32-fae1-a6fe-2615-dcf4de3a3a1a" testName="CreateInstance does not cache the created object" computerName="PHCNGUYEN" duration="00:00:00.0002477" startTime="2026-04-12T16:22:15.5954432+07:00" endTime="2026-04-12T16:22:15.5956868+07:00" testType="13cdc9d9-ddb5-4fa4-a97d-d965ccfc6d4b" outcome="Passed" testListId="8c84fa94-04c1-424b-9868-57a2d4851a1d" relativeResultsDirectory="f40143f3-ab0c-488d-948e-18c594b08f6f" />
    <UnitTestResult executionId="3cecc7bb-75dd-4d63-91ad-dd350714c87a" testId="c304a82d-64ac-40ad-5128-7ee6f56a47b3" testName="Nalix.Framework.Tests.Time.ClockTests.UnixMicrosecondsNowShouldMatch" computerName="PHCNGUYEN" duration="00:00:00.0001191" startTime="2026-04-12T16:22:18.6660424+07:00" endTime="2026-04-12T16:22:18.6661292+07:00" testType="13cdc9d9-ddb5-4fa4-a97d-d965ccfc6d4b" outcome="Passed" testListId="8c84fa94-04c1-424b-9868-57a2d4851a1d" relativeResultsDirectory="3cecc7bb-75dd-4d63-91ad-dd350714c87a" />
    <UnitTestResult executionId="871b95cf-89b0-4677-b7a7-c3531926c817" testId="221fdd2e-e66f-43a3-a6bd-9828d25016b0" testName="Nalix.Framework.Tests.Time.ClockOverflowTests.UnixSecondsNowUInt32ShouldThrowForFarFuture" computerName="PHCNGUYEN" duration="00:00:00.0000430" startTime="2026-04-12T16:22:18.7500948+07:00" endTime="2026-04-12T16:22:18.7501227+07:00" testType="13cdc9d9-ddb5-4fa4-a97d-d965ccfc6d4b" outcome="Passed" testListId="8c84fa94-04c1-424b-9868-57a2d4851a1d" relativeResultsDirectory="871b95cf-89b0-4677-b7a7-c3531926c817" />
    <UnitTestResult executionId="8ae24276-5a33-480c-a60d-afbe192b51dc" testId="94cd59d2-6684-13f9-d48e-d043d4f7b85c" testName="Nalix.Framework.Tests.Identity.IdentifierTests.SerializeReturnsNew7ByteArray" computerName="PHCNGUYEN" duration="00:00:00.0002646" startTime="2026-04-12T16:22:15.6075190+07:00" endTime="2026-04-12T16:22:15.6075816+07:00" testType="13cdc9d9-ddb5-4fa4-a97d-d965ccfc6d4b" outcome="Passed" testListId="8c84fa94-04c1-424b-9868-57a2d4851a1d" relativeResultsDirectory="8ae24276-5a33-480c-a60d-afbe192b51dc" />
    <UnitTestResult executionId="30e42cf6-1f8e-4ffe-9ceb-e546f62bf02e" testId="eed23603-0fa9-8dd0-9c69-b2878a9162c3" testName="Nalix.Framework.Tests.Tasks.TaskManagerTests.CancelWorkerWhenWorkerExistsReturnsTrue" computerName="PHCNGUYEN" duration="00:00:00.0030417" startTime="2026-04-12T16:22:15.6524437+07:00" endTime="2026-04-12T16:22:15.6557264+07:00" testType="13cdc9d9-ddb5-4fa4-a97d-d965ccfc6d4b" outcome="Passed" testListId="8c84fa94-04c1-424b-9868-57a2d4851a1d" relativeResultsDirectory="30e42cf6-1f8e-4ffe-9ceb-e546f62bf02e" />
    <UnitTestResult executionId="4f4b3336-459b-4921-8fb2-5e40555f5006" testId="f12c1e28-7048-388f-884f-671a40a44a59" testName="Nalix.Framework.Tests.Time.ClockValidationTests.SynchronizeUnixMillisecondsAcceptsYear2100Boundary" computerName="PHCNGUYEN" duration="00:00:00.0054967" startTime="2026-04-12T16:22:15.5059428+07:00" endTime="2026-04-12T16:22:15.5160476+07:00" testType="13cdc9d9-ddb5-4fa4-a97d-d965ccfc6d4b" outcome="Passed" testListId="8c84fa94-04c1-424b-9868-57a2d4851a1d" relativeResultsDirectory="4f4b3336-459b-4921-8fb2-5e40555f5006" />
    <UnitTestResult executionId="f061bf77-5326-4ee9-af2a-603051ace78a" testId="9bca2452-ef63-02d3-5b4d-9c1af8cff1f7" testName="GetOrCreateInstance generic caches instance; CreateInstance creates new object" computerName="PHCNGUYEN" duration="00:00:00.0072578" startTime="2026-04-12T16:22:15.5882998+07:00" endTime="2026-04-12T16:22:15.5940209+07:00" testType="13cdc9d9-ddb5-4fa4-a97d-d965ccfc6d4b" outcome="Passed" testListId="8c84fa94-04c1-424b-9868-57a2d4851a1d" relativeResultsDirectory="f061bf77-5326-4ee9-af2a-603051ace78a" />
    <UnitTestResult executionId="3db655c8-6784-4f9e-8a28-051fe4af5898" testId="2db15555-af45-0a23-cc3c-0a1e921e9c04" testName="Nalix.Framework.Tests.Time.ClockValidationTests.SynchronizeUnixMillisecondsAcceptsReasonableCurrentTimestamp" computerName="PHCNGUYEN" duration="00:00:00.0112171" startTime="2026-04-12T16:22:15.5925119+07:00" endTime="2026-04-12T16:22:15.5974540+07:00" testType="13cdc9d9-ddb5-4fa4-a97d-d965ccfc6d4b" outcome="Passed" testListId="8c84fa94-04c1-424b-9868-57a2d4851a1d" relativeResultsDirectory="3db655c8-6784-4f9e-8a28-051fe4af5898" />
    <UnitTestResult executionId="ca9f72f4-8952-4e98-8d88-4288e265950e" testId="904bdb53-1e08-edf3-c654-8f45b66572da" testName="Nalix.Framework.Tests.DataFrames.DataFramesPublicApiTests.IsFragmentedFrameWhenPayloadVariesReturnsExpectedResult(useValidPayload: False)" computerName="PHCNGUYEN" duration="00:00:00.0061019" startTime="2026-04-12T16:22:15.5974230+07:00" endTime="2026-04-12T16:22:15.5998137+07:00" testType="13cdc9d9-ddb5-4fa4-a97d-d965ccfc6d4b" outcome="Passed" testListId="8c84fa94-04c1-424b-9868-57a2d4851a1d" relativeResultsDirectory="ca9f72f4-8952-4e98-8d88-4288e265950e" />
    <UnitTestResult executionId="d5f9fab7-03aa-4d95-ae72-8f798f715e9c" testId="ac9ec1c0-cd3d-a2a2-b60d-8a20a48e8253" testName="Nalix.Framework.Tests.Cryptography.AeadEngineTests.ChaCha20Poly1305WrongKeyLengthThrows" computerName="PHCNGUYEN" duration="00:00:00.0012761" startTime="2026-04-12T16:22:15.5829721+07:00" endTime="2026-04-12T16:22:15.5849309+07:00" testType="13cdc9d9-ddb5-4fa4-a97d-d965ccfc6d4b" outcome="Passed" testListId="8c84fa94-04c1-424b-9868-57a2d4851a1d" relativeResultsDirectory="d5f9fab7-03aa-4d95-ae72-8f798f715e9c" />
    <UnitTestResult executionId="c9790a52-9ecb-4d6e-99c0-4d5eaf165fff" testId="ac633d1f-589c-d016-9962-419526a4cfd7" testName="Nalix.Framework.Tests.Memory.MemoryTests.ParseBufferAllocations_ValidInput_ReturnsSortedAllocations(value: &quot;2048,1.0&quot;, expectedSizes: [2048], expectedRatios: [1])" computerName="PHCNGUYEN" duration="00:00:00.0003066" startTime="2026-04-12T16:22:15.6228900+07:00" endTime="2026-04-12T16:22:15.6229260+07:00" testType="13cdc9d9-ddb5-4fa4-a97d-d965ccfc6d4b" outcome="Passed" testListId="8c84fa94-04c1-424b-9868-57a2d4851a1d" relativeResultsDirectory="c9790a52-9ecb-4d6e-99c0-4d5eaf165fff" />
    <UnitTestResult executionId="8964a2ad-3ca2-4400-9318-9f1c57b20885" testId="ab9ed446-5438-9aff-abc4-18412e0cbaaa" testName="Nalix.Framework.Tests.Memory.MemoryTests.PerformHealthCheck_StateUnderTest_ReportsUnhealthyPoolsAndStopsScheduledWork" computerName="PHCNGUYEN" duration="00:00:00.0323099" startTime="2026-04-12T16:22:15.6358121+07:00" endTime="2026-04-12T16:22:15.6610775+07:00" testType="13cdc9d9-ddb5-4fa4-a97d-d965ccfc6d4b" outcome="Passed" testListId="8c84fa94-04c1-424b-9868-57a2d4851a1d" relativeResultsDirectory="8964a2ad-3ca2-4400-9318-9f1c57b20885" />
    <UnitTestResult executionId="734e71b6-dc34-441f-9201-7b7c499a0d3e" testId="33777281-a30a-d4df-00ba-87aeed45273c" testName="Nalix.Framework.Tests.Cryptography.AeadEngineTests.AeadEngineEnvelopeTamperedSequenceHeaderDecryptReturnsFalse(algorithm: Chacha20Poly1305)" computerName="PHCNGUYEN" duration="00:00:00.0168776" startTime="2026-04-12T16:22:15.5061994+07:00" endTime="2026-04-12T16:22:15.5564776+07:00" testType="13cdc9d9-ddb5-4fa4-a97d-d965ccfc6d4b" outcome="Passed" testListId="8c84fa94-04c1-424b-9868-57a2d4851a1d" relativeResultsDirectory="734e71b6-dc34-441f-9201-7b7c499a0d3e" />
    <UnitTestResult executionId="c1ec0272-bee8-415b-b637-9c45cd87f416" testId="465c61cc-0657-82cd-f5af-a34ad2a11180" testName="Nalix.Framework.Tests.DataFrames.DataFramesPublicApiTests.CompressThenDecompressPacketLeaseRoundTripsPayloadAndHeader(payloadText: &quot;payload payload payload payload payload&quot;)" computerName="PHCNGUYEN" duration="00:00:00.0001416" startTime="2026-04-12T16:22:15.5776398+07:00" endTime="2026-04-12T16:22:15.5778476+07:00" testType="13cdc9d9-ddb5-4fa4-a97d-d965ccfc6d4b" outcome="Passed" testListId="8c84fa94-04c1-424b-9868-57a2d4851a1d" relativeResultsDirectory="c1ec0272-bee8-415b-b637-9c45cd87f416" />
    <UnitTestResult executionId="5d746c21-3234-4f42-939f-7ad462d3a2a1" testId="b153fccc-ef1f-195a-6bc5-1e37eba17ee9" testName="Nalix.Framework.Tests.Cryptography.SymmetricEngineTests.Salsa20SpanOverloadReturnsCorrectByteCount" computerName="PHCNGUYEN" duration="00:00:00.0001377" startTime="2026-04-12T16:22:15.5559871+07:00" endTime="2026-04-12T16:22:15.5560325+07:00" testType="13cdc9d9-ddb5-4fa4-a97d-d965ccfc6d4b" outcome="Passed" testListId="8c84fa94-04c1-424b-9868-57a2d4851a1d" relativeResultsDirectory="5d746c21-3234-4f42-939f-7ad462d3a2a1" />
    <UnitTestResult executionId="b46f7b7f-6b5a-4d49-9e92-5ae543236377" testId="07a636fe-57a1-16c9-009c-2d4e2c0e8ee9" testName="Nalix.Framework.Tests.Logging.NLogixLoggingTests.IsEnabled_RespectsConfiguredMinimumLevel(levelToCheck: Information, minimumLevel: Warning, expected: False)" computerName="PHCNGUYEN" duration="00:00:00.1610500" startTime="2026-04-12T16:22:15.5059866+07:00" endTime="2026-04-12T16:22:15.6356863+07:00" testType="13cdc9d9-ddb5-4fa4-a97d-d965ccfc6d4b" outcome="Passed" testListId="8c84fa94-04c1-424b-9868-57a2d4851a1d" relativeResultsDirectory="b46f7b7f-6b5a-4d49-9e92-5ae543236377" />
    <UnitTestResult executionId="10202595-5c80-4f90-b945-55b1ed26b9cd" testId="e7d4efa6-cef6-0126-f460-79f7154b893f" testName="Nalix.Framework.Tests.Configuration.ConfigurationManagerTests.ClearAllWhenConfigurationsWereLoadedRemovesAllCachedInstances" computerName="PHCNGUYEN" duration="00:00:00.0060127" startTime="2026-04-12T16:22:15.6050349+07:00" endTime="2026-04-12T16:22:15.6083190+07:00" testType="13cdc9d9-ddb5-4fa4-a97d-d965ccfc6d4b" outcome="Passed" testListId="8c84fa94-04c1-424b-9868-57a2d4851a1d" relativeResultsDirectory="10202595-5c80-4f90-b945-55b1ed26b9cd" />
    <UnitTestResult executionId="419a7d5a-06c8-416e-b875-97a598502e2f" testId="cfec3873-3f41-810a-1409-7556e176ea75" testName="Nalix.Framework.Tests.Cryptography.AeadEngineTests.AeadEngineEnvelopeTamperedSequenceHeaderDecryptReturnsFalse(algorithm: Salsa20Poly1305)" computerName="PHCNGUYEN" duration="00:00:00.0017254" startTime="2026-04-12T16:22:15.5570590+07:00" endTime="2026-04-12T16:22:15.5594395+07:00" testType="13cdc9d9-ddb5-4fa4-a97d-d965ccfc6d4b" outcome="Passed" testListId="8c84fa94-04c1-424b-9868-57a2d4851a1d" relativeResultsDirectory="419a7d5a-06c8-416e-b875-97a598502e2f" />
    <UnitTestResult executionId="1b577e58-0618-4596-8d0b-81668b4536d9" testId="033a78c4-4df7-66a1-9650-710f2d6916b6" testName="Nalix.Framework.Tests.Identity.IdentifierTests.EqualityAndHashCodeUseAllComponents" computerName="PHCNGUYEN" duration="00:00:00.0037735" startTime="2026-04-12T16:22:15.6091713+07:00" endTime="2026-04-12T16:22:15.6112884+07:00" testType="13cdc9d9-ddb5-4fa4-a97d-d965ccfc6d4b" outcome="Passed" testListId="8c84fa94-04c1-424b-9868-57a2d4851a1d" relativeResultsDirectory="1b577e58-0618-4596-8d0b-81668b4536d9" />
    <UnitTestResult executionId="6a1e4c02-afa0-48ec-a697-d39aa020e49c" testId="ff8221e0-a221-2b95-064c-6ca00ffdc599" testName="Nalix.Framework.Tests.Memory.MemoryTests.Rent_BufferPoolManagerConfigured_ReturnsSizedBuffer" computerName="PHCNGUYEN" duration="00:00:00.0030772" startTime="2026-04-12T16:22:15.6330253+07:00" endTime="2026-04-12T16:22:15.6330639+07:00" testType="13cdc9d9-ddb5-4fa4-a97d-d965ccfc6d4b" outcome="Passed" testListId="8c84fa94-04c1-424b-9868-57a2d4851a1d" relativeResultsDirectory="6a1e4c02-afa0-48ec-a697-d39aa020e49c" />
    <UnitTestResult executionId="64f71903-4ce5-4d86-81ee-80d6ba3a09d1" testId="11d24ae0-e95e-eff0-fa13-ab2cee289596" testName="Nalix.Framework.Tests.DataFrames.DataFramesPublicApiTests.AddWhenHeaderIsInvalidThrowsInvalidDataException(streamId: 0, chunkIndex: 0, totalChunks: 1)" computerName="PHCNGUYEN" duration="00:00:00.0000115" startTime="2026-04-12T16:22:17.0702443+07:00" endTime="2026-04-12T16:22:17.0702965+07:00" testType="13cdc9d9-ddb5-4fa4-a97d-d965ccfc6d4b" outcome="Passed" testListId="8c84fa94-04c1-424b-9868-57a2d4851a1d" relativeResultsDirectory="64f71903-4ce5-4d86-81ee-80d6ba3a09d1" />
    <UnitTestResult executionId="40253806-4cb7-4766-a19a-97b3a83c576e" testId="e0868b89-72e6-2925-c3a2-bc3eb060eae5" testName="Clear disposes all when dispose=true" computerName="PHCNGUYEN" duration="00:00:00.0003333" startTime="2026-04-12T16:22:15.5941131+07:00" endTime="2026-04-12T16:22:15.5943353+07:00" testType="13cdc9d9-ddb5-4fa4-a97d-d965ccfc6d4b" outcome="Passed" testListId="8c84fa94-04c1-424b-9868-57a2d4851a1d" relativeResultsDirectory="40253806-4cb7-4766-a19a-97b3a83c576e" />
    <UnitTestResult executionId="c8e84d70-d449-4b7f-8dca-7b04f6001e5a" testId="48cd1ed3-6774-22c0-2955-71d4cf447c2a" testName="Nalix.Framework.Tests.DataFrames.DataFramesPublicApiTests.SerializeThenDeserializePublicPacketPreservesPublicState(packetKind: Directive)" computerName="PHCNGUYEN" duration="00:00:00.0005469" startTime="2026-04-12T16:22:18.6849001+07:00" endTime="2026-04-12T16:22:18.6854786+07:00" testType="13cdc9d9-ddb5-4fa4-a97d-d965ccfc6d4b" outcome="Passed" testListId="8c84fa94-04c1-424b-9868-57a2d4851a1d" relativeResultsDirectory="c8e84d70-d449-4b7f-8dca-7b04f6001e5a" />
    <UnitTestResult executionId="bbe98e66-a510-44f1-8ab0-bc02c393fe2b" testId="5de9f835-0c04-8c9a-f375-11f21641359d" testName="Nalix.Framework.Tests.Serialization.LiteSerializerUnmanagedTests.Deserialize_UnmanagedStruct_ShortBuffer_ThrowsSerializationFailureException" computerName="PHCNGUYEN" duration="00:00:00.0003397" startTime="2026-04-12T16:22:15.6179091+07:00" endTime="2026-04-12T16:22:15.6180028+07:00" testType="13cdc9d9-ddb5-4fa4-a97d-d965ccfc6d4b" outcome="Passed" testListId="8c84fa94-04c1-424b-9868-57a2d4851a1d" relativeResultsDirectory="bbe98e66-a510-44f1-8ab0-bc02c393fe2b" />
    <UnitTestResult executionId="78254dee-ce9a-4d94-a02d-912f38fde161" testId="2d7c92b0-3c25-2d36-4c35-3b9f47c72664" testName="Nalix.Framework.Tests.Cryptography.AeadEngineTests.AeadEngineEnvelopeBufferTooSmallReturnsFalse(algorithm: Chacha20Poly1305)" computerName="PHCNGUYEN" duration="00:00:00.0002623" startTime="2026-04-12T16:22:15.5864110+07:00" endTime="2026-04-12T16:22:15.5865848+07:00" testType="13cdc9d9-ddb5-4fa4-a97d-d965ccfc6d4b" outcome="Passed" testListId="8c84fa94-04c1-424b-9868-57a2d4851a1d" relativeResultsDirectory="78254dee-ce9a-4d94-a02d-912f38fde161" />
    <UnitTestResult executionId="0c954a86-1a6b-4f47-998e-0cbc7645a478" testId="9543ed7e-79fc-631f-e360-6ab5e8d16e39" testName="Nalix.Framework.Tests.Cryptography.SymmetricEngineTests.Salsa20OutputBufferTooSmallThrowsArgumentException" computerName="PHCNGUYEN" duration="00:00:00.0010569" startTime="2026-04-12T16:22:15.5594049+07:00" endTime="2026-04-12T16:22:15.5602760+07:00" testType="13cdc9d9-ddb5-4fa4-a97d-d965ccfc6d4b" outcome="Passed" testListId="8c84fa94-04c1-424b-9868-57a2d4851a1d" relativeResultsDirectory="0c954a86-1a6b-4f47-998e-0cbc7645a478" />
    <UnitTestResult executionId="a972b35f-ddae-4aed-846a-f6bd84c87adc" testId="f75d862e-7e7f-f5a2-2b88-a529ca943498" testName="Nalix.Framework.Tests.Logging.NLogixLoggingTests.IsEnabled_RespectsConfiguredMinimumLevel(levelToCheck: Trace, minimumLevel: Trace, expected: True)" computerName="PHCNGUYEN" duration="00:00:00.0008381" startTime="2026-04-12T16:22:15.6358628+07:00" endTime="2026-04-12T16:22:15.6358808+07:00" testType="13cdc9d9-ddb5-4fa4-a97d-d965ccfc6d4b" outcome="Passed" testListId="8c84fa94-04c1-424b-9868-57a2d4851a1d" relativeResultsDirectory="a972b35f-ddae-4aed-846a-f6bd84c87adc" />
    <UnitTestResult executionId="3c43ebac-75c2-43b7-8491-04db99777a2a" testId="899bfeae-17ef-3a4b-8253-0c080c3ccc50" testName="Nalix.Framework.Tests.Cryptography.AeadEngineTests.Salsa20Poly1305EncryptDecryptShortPlaintextRoundTrips" computerName="PHCNGUYEN" duration="00:00:00.0002848" startTime="2026-04-12T16:22:15.5879512+07:00" endTime="2026-04-12T16:22:15.5880062+07:00" testType="13cdc9d9-ddb5-4fa4-a97d-d965ccfc6d4b" outcome="Passed" testListId="8c84fa94-04c1-424b-9868-57a2d4851a1d" relativeResultsDirectory="3c43ebac-75c2-43b7-8491-04db99777a2a" />
    <UnitTestResult executionId="f7a839fd-bad2-49e0-a0f4-a6d4bfe446bd" testId="36342c3f-ea3d-eea1-0d0d-cd5bca6e1be8" testName="Nalix.Framework.Tests.DataFrames.PacketRegistryTests.ControlMagicNumberIsConsistentAcrossInstances" computerName="PHCNGUYEN" duration="00:00:00.0001416" startTime="2026-04-12T16:22:15.6213211+07:00" endTime="2026-04-12T16:22:15.6213728+07:00" testType="13cdc9d9-ddb5-4fa4-a97d-d965ccfc6d4b" outcome="Passed" testListId="8c84fa94-04c1-424b-9868-57a2d4851a1d" relativeResultsDirectory="f7a839fd-bad2-49e0-a0f4-a6d4bfe446bd" />
    <UnitTestResult executionId="00f6066a-089c-4e2e-939b-221e5381e418" testId="a72faa79-dba7-5f18-d073-99c02d92c656" testName="Nalix.Framework.Tests.Memory.MemoryTests.GetMultiple_ObjectPoolCountIsInvalid_ThrowsArgumentException" computerName="PHCNGUYEN" duration="00:00:00.0006205" startTime="2026-04-12T16:22:15.5963005+07:00" endTime="2026-04-12T16:22:15.5963592+07:00" testType="13cdc9d9-ddb5-4fa4-a97d-d965ccfc6d4b" outcome="Passed" testListId="8c84fa94-04c1-424b-9868-57a2d4851a1d" relativeResultsDirectory="00f6066a-089c-4e2e-939b-221e5381e418" />
    <UnitTestResult executionId="60f3d891-684f-46a0-bd3d-18bfbb60433a" testId="c7bba6b9-06cd-67d9-09d5-e4bc7d62b6a2" testName="Nalix.Framework.Tests.Tasks.TaskManagerTests.ScheduleWorkerWhenGroupConcurrencyLimitConflictsThrowsInvalidOperationException" computerName="PHCNGUYEN" duration="00:00:00.0004798" startTime="2026-04-12T16:22:16.0356016+07:00" endTime="2026-04-12T16:22:16.0360500+07:00" testType="13cdc9d9-ddb5-4fa4-a97d-d965ccfc6d4b" outcome="Passed" testListId="8c84fa94-04c1-424b-9868-57a2d4851a1d" relativeResultsDirectory="60f3d891-684f-46a0-bd3d-18bfbb60433a" />
    <UnitTestResult executionId="769df129-3870-4409-88f8-921966b83392" testId="bdeb91c0-e14b-3c63-d3b7-58f7cf7a8427" testName="Nalix.Framework.Tests.Tasks.TaskManagerTests.CancelWorkerWhenWorkerDoesNotExistReturnsFalse" computerName="PHCNGUYEN" duration="00:00:00.0002759" startTime="2026-04-12T16:22:16.3273094+07:00" endTime="2026-04-12T16:22:16.3274911+07:00" testType="13cdc9d9-ddb5-4fa4-a97d-d965ccfc6d4b" outcome="Passed" testListId="8c84fa94-04c1-424b-9868-57a2d4851a1d" relativeResultsDirectory="769df129-3870-4409-88f8-921966b83392" />
    <UnitTestResult executionId="8fc7ef42-4445-463a-858c-d422e5f3cc83" testId="8bb10acc-0a44-37bb-4c0b-f8fd9694b69b" testName="Nalix.Framework.Tests.Tasks.TasksTests.SanitizeTokenReturnsExpectedValue(value: &quot;ab c/+&quot;, expected: &quot;ab_c__&quot;)" computerName="PHCNGUYEN" duration="00:00:00.0002926" startTime="2026-04-12T16:22:15.5781328+07:00" endTime="2026-04-12T16:22:15.5781623+07:00" testType="13cdc9d9-ddb5-4fa4-a97d-d965ccfc6d4b" outcome="Passed" testListId="8c84fa94-04c1-424b-9868-57a2d4851a1d" relativeResultsDirectory="8fc7ef42-4445-463a-858c-d422e5f3cc83" />
    <UnitTestResult executionId="b7b32597-b6eb-4c7c-8bd0-0af165d89b5f" testId="472f86e9-c35a-6efe-1426-e9ffc4a855cb" testName="Nalix.Framework.Tests.Serialization.LiteSerializerPrimitiveTests.SerializeDeserialize_Int32_RoundTripsValue(input: 0)" computerName="PHCNGUYEN" duration="00:00:00.0000086" startTime="2026-04-12T16:22:15.5943986+07:00" endTime="2026-04-12T16:22:15.5950918+07:00" testType="13cdc9d9-ddb5-4fa4-a97d-d965ccfc6d4b" outcome="Passed" testListId="8c84fa94-04c1-424b-9868-57a2d4851a1d" relativeResultsDirectory="b7b32597-b6eb-4c7c-8bd0-0af165d89b5f" />
    <UnitTestResult executionId="1b0ee135-b297-48a5-ac64-d30c6a8a81a1" testId="7bf58875-d8e3-687d-4b1e-022785c64fee" testName="Nalix.Framework.Tests.DataFrames.DataFramesPublicApiTests.DeserializeWhenHeaderMagicIsUnknownThrowsInvalidOperationException(bufferLength: 23)" computerName="PHCNGUYEN" duration="00:00:00.0150923" startTime="2026-04-12T16:22:15.5862189+07:00" endTime="2026-04-12T16:22:15.5972182+07:00" testType="13cdc9d9-ddb5-4fa4-a97d-d965ccfc6d4b" outcome="Passed" testListId="8c84fa94-04c1-424b-9868-57a2d4851a1d" relativeResultsDirectory="1b0ee135-b297-48a5-ac64-d30c6a8a81a1" />
    <UnitTestResult executionId="c4104112-ac1f-4328-bf25-34018ba44ca2" testId="cee2287b-dcdf-d833-d85c-e0b5fccde1d2" testName="Nalix.Framework.Tests.Cryptography.AeadEngineTests.AeadEngineEnvelopeTamperedCiphertextDecryptReturnsFalse" computerName="PHCNGUYEN" duration="00:00:00.0006462" startTime="2026-04-12T16:22:15.5875662+07:00" endTime="2026-04-12T16:22:15.5878381+07:00" testType="13cdc9d9-ddb5-4fa4-a97d-d965ccfc6d4b" outcome="Passed" testListId="8c84fa94-04c1-424b-9868-57a2d4851a1d" relativeResultsDirectory="c4104112-ac1f-4328-bf25-34018ba44ca2" />
    <UnitTestResult executionId="63a49904-8116-4ed2-a148-01635d671eb5" testId="33aa0318-7053-0d81-d58b-1d63fec7298d" testName="Register with interfaces publishes interface slot and GetExistingInstance returns it" computerName="PHCNGUYEN" duration="00:00:00.0004197" startTime="2026-04-12T16:22:15.5958390+07:00" endTime="2026-04-12T16:22:15.5959041+07:00" testType="13cdc9d9-ddb5-4fa4-a97d-d965ccfc6d4b" outcome="Passed" testListId="8c84fa94-04c1-424b-9868-57a2d4851a1d" relativeResultsDirectory="63a49904-8116-4ed2-a148-01635d671eb5" />
    <UnitTestResult executionId="7cc9fbb7-6847-4a41-927d-f69e625b219e" testId="caab2404-2ded-db8d-8226-3fd25677d46e" testName="Nalix.Framework.Tests.Tasks.TasksTests.SanitizeTokenReturnsExpectedValue(value: &quot;Xin-Chao.2026&quot;, expected: &quot;Xin-Chao.2026&quot;)" computerName="PHCNGUYEN" duration="00:00:00.0000056" startTime="2026-04-12T16:22:15.5792332+07:00" endTime="2026-04-12T16:22:15.5792663+07:00" testType="13cdc9d9-ddb5-4fa4-a97d-d965ccfc6d4b" outcome="Passed" testListId="8c84fa94-04c1-424b-9868-57a2d4851a1d" relativeResultsDirectory="7cc9fbb7-6847-4a41-927d-f69e625b219e" />
    <UnitTestResult executionId="085599ab-07f5-4c6c-a2c0-08e06da28d51" testId="a2e2d790-f3f5-9f38-f50e-82e43d82c596" testName="Nalix.Framework.Tests.DataFrames.DataFramesPublicApiTests.SerializeThenDeserializePublicPacketPreservesPublicState(packetKind: Control)" computerName="PHCNGUYEN" duration="00:00:00.0002571" startTime="2026-04-12T16:22:18.6855202+07:00" endTime="2026-04-12T16:22:18.6857941+07:00" testType="13cdc9d9-ddb5-4fa4-a97d-d965ccfc6d4b" outcome="Passed" testListId="8c84fa94-04c1-424b-9868-57a2d4851a1d" relativeResultsDirectory="085599ab-07f5-4c6c-a2c0-08e06da28d51" />
    <UnitTestResult executionId="bb2f51d9-6a89-4d0b-9038-8f2b0569026c" testId="8a5a8faa-f030-6302-c65c-268c7ebfbd17" testName="Nalix.Framework.Tests.Tasks.TaskManagerTests.ConstructorParameterlessCreatesInstance" computerName="PHCNGUYEN" duration="00:00:00.0908302" startTime="2026-04-12T16:22:16.2227323+07:00" endTime="2026-04-12T16:22:16.3133083+07:00" testType="13cdc9d9-ddb5-4fa4-a97d-d965ccfc6d4b" outcome="Passed" testListId="8c84fa94-04c1-424b-9868-57a2d4851a1d" relativeResultsDirectory="bb2f51d9-6a89-4d0b-9038-8f2b0569026c" />
    <UnitTestResult executionId="32713987-0764-49ee-bd68-43b0dbfc2da2" testId="c959aca1-b660-eeff-a0c6-e74fc8805a2c" testName="Nalix.Framework.Tests.DataFrames.DataFramesPublicApiTests.GetMaxCiphertextSizeWhenSuiteIsValidReturnsExpectedEnvelopeCapacity(suite: Chacha20Poly1305, plaintextSize: 10)" computerName="PHCNGUYEN" duration="00:00:00.0005762" startTime="2026-04-12T16:22:15.5840318+07:00" endTime="2026-04-12T16:22:15.5844019+07:00" testType="13cdc9d9-ddb5-4fa4-a97d-d965ccfc6d4b" outcome="Passed" testListId="8c84fa94-04c1-424b-9868-57a2d4851a1d" relativeResultsDirectory="32713987-0764-49ee-bd68-43b0dbfc2da2" />
    <UnitTestResult executionId="05e0e5de-4aab-42ae-bc61-8057d8e2b69f" testId="ec8941a3-a1cb-60d8-a12e-19f97ff133c0" testName="Nalix.Framework.Tests.Serialization.LiteSerializerUnmanagedTests.SerializeDeserialize_UnmanagedStruct_RoundTripsValue" computerName="PHCNGUYEN" duration="00:00:00.0054626" startTime="2026-04-12T16:22:15.6124606+07:00" endTime="2026-04-12T16:22:15.6167861+07:00" testType="13cdc9d9-ddb5-4fa4-a97d-d965ccfc6d4b" outcome="Passed" testListId="8c84fa94-04c1-424b-9868-57a2d4851a1d" relativeResultsDirectory="05e0e5de-4aab-42ae-bc61-8057d8e2b69f" />
    <UnitTestResult executionId="788d8a99-03d6-4093-9f54-6cf2b5e746bd" testId="b8529983-acd3-b38b-cdbf-15dc332d9a07" testName="Nalix.Framework.Tests.DataFrames.PacketBaseLengthTests.LengthWhenNestedPacketIsNullMatchesSerializedByteCount" computerName="PHCNGUYEN" duration="00:00:00.0039540" startTime="2026-04-12T16:22:15.6121019+07:00" endTime="2026-04-12T16:22:15.6143535+07:00" testType="13cdc9d9-ddb5-4fa4-a97d-d965ccfc6d4b" outcome="Passed" testListId="8c84fa94-04c1-424b-9868-57a2d4851a1d" relativeResultsDirectory="788d8a99-03d6-4093-9f54-6cf2b5e746bd" />
    <UnitTestResult executionId="08627154-1477-4bc6-80fd-0969d9c90caa" testId="209d5fe0-381a-0f65-11be-dbe02ed5d6e9" testName="Nalix.Framework.Tests.Cryptography.AeadEngineTests.AeadEngineEnvelopeAutoGenerateSeqRoundTrips(algorithm: Chacha20Poly1305)" computerName="PHCNGUYEN" duration="00:00:00.0004313" startTime="2026-04-12T16:22:15.5884263+07:00" endTime="2026-04-12T16:22:15.5884642+07:00" testType="13cdc9d9-ddb5-4fa4-a97d-d965ccfc6d4b" outcome="Passed" testListId="8c84fa94-04c1-424b-9868-57a2d4851a1d" relativeResultsDirectory="08627154-1477-4bc6-80fd-0969d9c90caa" />
    <UnitTestResult executionId="1e489519-a1a4-4867-9e7f-cc5c97fa5e5b" testId="3819126c-2d38-c026-1fa0-3c0523edd5f8" testName="Nalix.Framework.Tests.DataFrames.PacketTransformTests.PacketTransform_Combined_ShouldSucceed" computerName="PHCNGUYEN" duration="00:00:00.0012255" startTime="2026-04-12T16:22:15.5639307+07:00" endTime="2026-04-12T16:22:15.5654380+07:00" testType="13cdc9d9-ddb5-4fa4-a97d-d965ccfc6d4b" outcome="Passed" testListId="8c84fa94-04c1-424b-9868-57a2d4851a1d" relativeResultsDirectory="1e489519-a1a4-4867-9e7f-cc5c97fa5e5b" />
    <UnitTestResult executionId="d7fb8b1a-b913-426e-a3c9-4e9ea100796f" testId="ef6a089d-accc-2cb7-250c-926b0277f909" testName="Nalix.Framework.Tests.Time.ClockSynchronizationTests.GetCurrentErrorEstimateMsNoSyncZero" computerName="PHCNGUYEN" duration="00:00:00.0512766" startTime="2026-04-12T16:22:18.6666063+07:00" endTime="2026-04-12T16:22:18.7175720+07:00" testType="13cdc9d9-ddb5-4fa4-a97d-d965ccfc6d4b" outcome="Passed" testListId="8c84fa94-04c1-424b-9868-57a2d4851a1d" relativeResultsDirectory="d7fb8b1a-b913-426e-a3c9-4e9ea100796f" />
    <UnitTestResult executionId="fc5cbbf3-af8a-45f5-a099-3c90dc172066" testId="69896995-ee2b-3868-1d1c-2db5aeb0c588" testName="Nalix.Framework.Tests.Memory.MemoryTests.Validate_InvalidBufferConfig_ThrowsValidationException(expandThreshold: 0.20000000000000001, shrinkThreshold: 0.59999999999999998, allocations: &quot;256,1.0&quot;, totalBuffers: 32, autoTuneThreshold: 16, growthFactor: 2, minimumIncrease: 4, maxIncreaseLimit: 16)" computerName="PHCNGUYEN" duration="00:00:00.0000719" startTime="2026-04-12T16:22:15.6052394+07:00" endTime="2026-04-12T16:22:15.6052731+07:00" testType="13cdc9d9-ddb5-4fa4-a97d-d965ccfc6d4b" outcome="Passed" testListId="8c84fa94-04c1-424b-9868-57a2d4851a1d" relativeResultsDirectory="fc5cbbf3-af8a-45f5-a099-3c90dc172066" />
    <UnitTestResult executionId="cd7278d4-b113-4855-8db3-6601b30bdb74" testId="3b04f6e2-ae60-235d-47d0-e0ae8db3044d" testName="Nalix.Framework.Tests.Cryptography.SymmetricEngineTests.ChaCha20GenerateKeyBlockMatchesRfc7539Vector" computerName="PHCNGUYEN" duration="00:00:00.0007949" startTime="2026-04-12T16:22:15.5561553+07:00" endTime="2026-04-12T16:22:15.5577946+07:00" testType="13cdc9d9-ddb5-4fa4-a97d-d965ccfc6d4b" outcome="Passed" testListId="8c84fa94-04c1-424b-9868-57a2d4851a1d" relativeResultsDirectory="cd7278d4-b113-4855-8db3-6601b30bdb74" />
    <UnitTestResult executionId="f3119bdd-9286-4ecf-a5f5-5f9f762da966" testId="40a0f29d-133c-17e2-8073-ce57b9fd8a54" testName="Nalix.Framework.Tests.Memory.MemoryTests.Rent_ReturnByteArrayPool_ReturnsUsableArray" computerName="PHCNGUYEN" duration="00:00:00.0001323" startTime="2026-04-12T16:22:15.5970168+07:00" endTime="2026-04-12T16:22:15.5970623+07:00" testType="13cdc9d9-ddb5-4fa4-a97d-d965ccfc6d4b" outcome="Passed" testListId="8c84fa94-04c1-424b-9868-57a2d4851a1d" relativeResultsDirectory="f3119bdd-9286-4ecf-a5f5-5f9f762da966" />
    <UnitTestResult executionId="36152887-d03d-46a3-8513-c5c45c62d668" testId="3cc4e64f-6e3e-e9cc-da91-2e0a10f56d9d" testName="Nalix.Framework.Tests.Tasks.TaskManagerTests.RunOnceAsyncWhenNameIsWhitespaceThrowsArgumentException(name: &quot;   &quot;)" computerName="PHCNGUYEN" duration="00:00:00.0025049" startTime="2026-04-12T16:22:15.6496099+07:00" endTime="2026-04-12T16:22:15.6520442+07:00" testType="13cdc9d9-ddb5-4fa4-a97d-d965ccfc6d4b" outcome="Passed" testListId="8c84fa94-04c1-424b-9868-57a2d4851a1d" relativeResultsDirectory="36152887-d03d-46a3-8513-c5c45c62d668" />
    <UnitTestResult executionId="e1546d57-c401-4290-9ecf-7d291d9ffd1a" testId="42c035b1-8c8e-ae98-9fdc-50b61e567e78" testName="Nalix.Framework.Tests.Tasks.TaskManagerTests.ScheduleRecurringWhenArgumentsAreInvalidThrowsExpectedException" computerName="PHCNGUYEN" duration="00:00:00.0005591" startTime="2026-04-12T16:22:15.6489868+07:00" endTime="2026-04-12T16:22:15.6495064+07:00" testType="13cdc9d9-ddb5-4fa4-a97d-d965ccfc6d4b" outcome="Passed" testListId="8c84fa94-04c1-424b-9868-57a2d4851a1d" relativeResultsDirectory="e1546d57-c401-4290-9ecf-7d291d9ffd1a" />
    <UnitTestResult executionId="0ffd6ca8-670a-4e8c-b0b0-69a2029f4c31" testId="94227f4d-0425-9e43-5b7a-094937903f03" testName="Nalix.Framework.Tests.Cryptography.AeadEngineTests.AeadEngineDifferentKeysProduceDifferentCiphertext(algorithm: Chacha20Poly1305)" computerName="PHCNGUYEN" duration="00:00:00.0002799" startTime="2026-04-12T16:22:15.5827463+07:00" endTime="2026-04-12T16:22:15.5828849+07:00" testType="13cdc9d9-ddb5-4fa4-a97d-d965ccfc6d4b" outcome="Passed" testListId="8c84fa94-04c1-424b-9868-57a2d4851a1d" relativeResultsDirectory="0ffd6ca8-670a-4e8c-b0b0-69a2029f4c31" />
    <UnitTestResult executionId="d570161e-98ae-4d55-9da0-2ff00d4c4b97" testId="21b6354d-5e33-bd7f-8d22-099d156f500a" testName="Nalix.Framework.Tests.DataFrames.DataFramesPublicApiTests.EncryptThenDecryptPacketLeaseRoundTripsPayloadAndHeader(suite: Chacha20Poly1305)" computerName="PHCNGUYEN" duration="00:00:00.0007025" startTime="2026-04-12T16:22:15.5814340+07:00" endTime="2026-04-12T16:22:15.5825009+07:00" testType="13cdc9d9-ddb5-4fa4-a97d-d965ccfc6d4b" outcome="Passed" testListId="8c84fa94-04c1-424b-9868-57a2d4851a1d" relativeResultsDirectory="d570161e-98ae-4d55-9da0-2ff00d4c4b97" />
    <UnitTestResult executionId="cad54cf7-960a-4d7a-a744-2bf2e1b4c6e8" testId="f365a20a-e738-10c0-b361-2827a9d31062" testName="Nalix.Framework.Tests.Cryptography.ChaCha20Poly1305Tests.EncryptThenDecryptWithSpanApiRoundTripsPayload" computerName="PHCNGUYEN" duration="00:00:00.0169833" startTime="2026-04-12T16:22:15.5062698+07:00" endTime="2026-04-12T16:22:15.5576041+07:00" testType="13cdc9d9-ddb5-4fa4-a97d-d965ccfc6d4b" outcome="Passed" testListId="8c84fa94-04c1-424b-9868-57a2d4851a1d" relativeResultsDirectory="cad54cf7-960a-4d7a-a744-2bf2e1b4c6e8" />
    <UnitTestResult executionId="477880ec-84ad-4dbc-b6ca-6695be8fec48" testId="8c3c3e89-1695-5a1c-c4ff-f2a4bc7a7156" testName="Nalix.Framework.Tests.Identity.IdentifierTests.DeserializeFromByteArrayInvalidLengthThrows" computerName="PHCNGUYEN" duration="00:00:00.0018265" startTime="2026-04-12T16:22:15.6045651+07:00" endTime="2026-04-12T16:22:15.6046232+07:00" testType="13cdc9d9-ddb5-4fa4-a97d-d965ccfc6d4b" outcome="Passed" testListId="8c84fa94-04c1-424b-9868-57a2d4851a1d" relativeResultsDirectory="477880ec-84ad-4dbc-b6ca-6695be8fec48" />
    <UnitTestResult executionId="2cc44891-ed6a-4899-a022-7d43d23e52f5" testId="4ecedde2-6f0b-b494-33fe-7f74c5d8d8eb" testName="Nalix.Framework.Tests.Serialization.LiteSerializerUnmanagedArrayTests.SerializeDeserialize_UnmanagedByteArray_RoundTripsPayload(payload: [1, 2, 3, 4, 5])" computerName="PHCNGUYEN" duration="00:00:00.0094014" startTime="2026-04-12T16:22:15.5060818+07:00" endTime="2026-04-12T16:22:15.5160761+07:00" testType="13cdc9d9-ddb5-4fa4-a97d-d965ccfc6d4b" outcome="Passed" testListId="8c84fa94-04c1-424b-9868-57a2d4851a1d" relativeResultsDirectory="2cc44891-ed6a-4899-a022-7d43d23e52f5" />
    <UnitTestResult executionId="8d2b02a8-640b-4d7f-bb40-93b1cc4fb008" testId="45439e9a-b258-a580-13d8-b98bc37c97ab" testName="Nalix.Framework.Tests.Time.ClockValidationTests.SynchronizeUnixMillisecondsAcceptsYear2000Boundary" computerName="PHCNGUYEN" duration="00:00:00.0001094" startTime="2026-04-12T16:22:15.5541738+07:00" endTime="2026-04-12T16:22:15.5542314+07:00" testType="13cdc9d9-ddb5-4fa4-a97d-d965ccfc6d4b" outcome="Passed" testListId="8c84fa94-04c1-424b-9868-57a2d4851a1d" relativeResultsDirectory="8d2b02a8-640b-4d7f-bb40-93b1cc4fb008" />
    <UnitTestResult executionId="addf12a1-8f22-421c-b291-2306a159f23c" testId="e45e2472-460e-fdc1-f20a-1eda9ed0f148" testName="Nalix.Framework.Tests.Cryptography.AeadEngineTests.AeadEngineEnvelopeEmptyPlaintextRoundTrips(algorithm: Chacha20Poly1305)" computerName="PHCNGUYEN" duration="00:00:00.0001820" startTime="2026-04-12T16:22:15.5897011+07:00" endTime="2026-04-12T16:22:15.5897418+07:00" testType="13cdc9d9-ddb5-4fa4-a97d-d965ccfc6d4b" outcome="Passed" testListId="8c84fa94-04c1-424b-9868-57a2d4851a1d" relativeResultsDirectory="addf12a1-8f22-421c-b291-2306a159f23c" />
    <UnitTestResult executionId="fb9fac43-3bdb-4ddd-ba45-7fcdf0cd5933" testId="104fb81a-6c90-55e2-a5b9-e9be9a504d27" testName="Nalix.Framework.Tests.DataFrames.DataFramesPublicApiTests.WriteToThenReadFromFragmentHeaderPreservesPublicState(streamId: 1, chunkIndex: 0, totalChunks: 1, isLast: True)" computerName="PHCNGUYEN" duration="00:00:00.0002575" startTime="2026-04-12T16:22:18.5760768+07:00" endTime="2026-04-12T16:22:18.5763124+07:00" testType="13cdc9d9-ddb5-4fa4-a97d-d965ccfc6d4b" outcome="Passed" testListId="8c84fa94-04c1-424b-9868-57a2d4851a1d" relativeResultsDirectory="fb9fac43-3bdb-4ddd-ba45-7fcdf0cd5933" />
    <UnitTestResult executionId="f5e872df-dce4-46c1-9ec6-bf25bf765b71" testId="ad86c672-2953-ee60-9c2f-fd1b0ae34a17" testName="Nalix.Framework.Tests.Cryptography.AeadEngineTests.Salsa20Poly1305EncryptDecryptEmptyAadRoundTrips" computerName="PHCNGUYEN" duration="00:00:00.0003187" startTime="2026-04-12T16:22:15.5812826+07:00" endTime="2026-04-12T16:22:15.5816323+07:00" testType="13cdc9d9-ddb5-4fa4-a97d-d965ccfc6d4b" outcome="Passed" testListId="8c84fa94-04c1-424b-9868-57a2d4851a1d" relativeResultsDirectory="f5e872df-dce4-46c1-9ec6-bf25bf765b71" />
    <UnitTestResult executionId="89c074e6-0f0c-47cb-af1c-f1965f4f4089" testId="4fe1b5d9-9421-22fe-dcf5-5db282f43ec8" testName="Nalix.Framework.Tests.Configuration.ConfigurationManagerTests.RemoveWhenConfigurationWasLoadedRemovesItFromCache" computerName="PHCNGUYEN" duration="00:00:00.0030915" startTime="2026-04-12T16:22:15.6310419+07:00" endTime="2026-04-12T16:22:15.6311076+07:00" testType="13cdc9d9-ddb5-4fa4-a97d-d965ccfc6d4b" outcome="Passed" testListId="8c84fa94-04c1-424b-9868-57a2d4851a1d" relativeResultsDirectory="89c074e6-0f0c-47cb-af1c-f1965f4f4089" />
    <UnitTestResult executionId="3694e8b1-d536-4dcd-87bf-d99919620f63" testId="f9ae5106-8941-e76e-76d0-68717f09432f" testName="Nalix.Framework.Tests.Time.ClockThreadSafetyTests.ConcurrentSynchronizationAndReadShouldBeThreadSafe" computerName="PHCNGUYEN" duration="00:00:01.5789526" startTime="2026-04-12T16:22:15.5976933+07:00" endTime="2026-04-12T16:22:17.1009730+07:00" testType="13cdc9d9-ddb5-4fa4-a97d-d965ccfc6d4b" outcome="Passed" testListId="8c84fa94-04c1-424b-9868-57a2d4851a1d" relativeResultsDirectory="3694e8b1-d536-4dcd-87bf-d99919620f63" />
    <UnitTestResult executionId="81a5f9e5-14cb-4bca-827f-22396b01e717" testId="078d396f-b753-ff0c-d6db-5f1b32a571ff" testName="Nalix.Framework.Tests.Memory.MemoryTests.Return_TypedObjectPoolAdapterNullObject_ThrowsArgumentNullException" computerName="PHCNGUYEN" duration="00:00:00.0025531" startTime="2026-04-12T16:22:15.5956055+07:00" endTime="2026-04-12T16:22:15.5962273+07:00" testType="13cdc9d9-ddb5-4fa4-a97d-d965ccfc6d4b" outcome="Passed" testListId="8c84fa94-04c1-424b-9868-57a2d4851a1d" relativeResultsDirectory="81a5f9e5-14cb-4bca-827f-22396b01e717" />
    <UnitTestResult executionId="bdab79b3-72a6-44f0-8f91-b424b8215b44" testId="cecae25f-86ce-dc4e-2a68-60ea0fce1727" testName="Nalix.Framework.Tests.Serialization.LiteSerializerUnmanagedArrayTests.Serialize_UnmanagedArrayNull_WritesMinusOneMarker" computerName="PHCNGUYEN" duration="00:00:00.0006133" startTime="2026-04-12T16:22:15.5530270+07:00" endTime="2026-04-12T16:22:15.5535869+07:00" testType="13cdc9d9-ddb5-4fa4-a97d-d965ccfc6d4b" outcome="Passed" testListId="8c84fa94-04c1-424b-9868-57a2d4851a1d" relativeResultsDirectory="bdab79b3-72a6-44f0-8f91-b424b8215b44" />
    <UnitTestResult executionId="60727c16-b86d-4584-88fa-fc22c5271fd0" testId="2a18619d-82db-e518-04ee-361e060dee07" testName="Nalix.Framework.Tests.Serialization.LiteSerializerUnmanagedTests.SerializeToProvidedBuffer_UnmanagedStruct_ExactBuffer_WritesSuccessfully" computerName="PHCNGUYEN" duration="00:00:00.0002857" startTime="2026-04-12T16:22:15.6169120+07:00" endTime="2026-04-12T16:22:15.6171376+07:00" testType="13cdc9d9-ddb5-4fa4-a97d-d965ccfc6d4b" outcome="Passed" testListId="8c84fa94-04c1-424b-9868-57a2d4851a1d" relativeResultsDirectory="60727c16-b86d-4584-88fa-fc22c5271fd0" />
    <UnitTestResult executionId="0f8797b4-748c-4eb9-9d4f-29decb3a3a54" testId="002989e4-aafa-332e-2ab0-708bcc744395" testName="Nalix.Framework.Tests.DataFrames.PacketRegistryTests.DirectiveSerializeThenDeserializePreservesAllFields" computerName="PHCNGUYEN" duration="00:00:00.0109418" startTime="2026-04-12T16:22:15.6170592+07:00" endTime="2026-04-12T16:22:15.6189936+07:00" testType="13cdc9d9-ddb5-4fa4-a97d-d965ccfc6d4b" outcome="Passed" testListId="8c84fa94-04c1-424b-9868-57a2d4851a1d" relativeResultsDirectory="0f8797b4-748c-4eb9-9d4f-29decb3a3a54" />
    <UnitTestResult executionId="5fcbe13a-264b-43c0-b3fc-6fa30589de2f" testId="8b0d1568-18fb-341e-ef85-b4bfcaed3eb8" testName="Nalix.Framework.Tests.Cryptography.AeadEngineTests.ChaCha20Poly1305EncryptDecryptEmptyAadRoundTrips" computerName="PHCNGUYEN" duration="00:00:00.0002946" startTime="2026-04-12T16:22:15.5633417+07:00" endTime="2026-04-12T16:22:15.5633820+07:00" testType="13cdc9d9-ddb5-4fa4-a97d-d965ccfc6d4b" outcome="Passed" testListId="8c84fa94-04c1-424b-9868-57a2d4851a1d" relativeResultsDirectory="5fcbe13a-264b-43c0-b3fc-6fa30589de2f" />
    <UnitTestResult executionId="fa8cb291-670c-4570-a276-f50a63b929ea" testId="8f6348fd-3743-b533-b80e-0e2a072772e9" testName="Nalix.Framework.Tests.Serialization.LiteSerializerArrayTests.SerializeDeserialize_EmptyArray_RoundTripsValues" computerName="PHCNGUYEN" duration="00:00:00.0025668" startTime="2026-04-12T16:22:15.5838995+07:00" endTime="2026-04-12T16:22:15.5861047+07:00" testType="13cdc9d9-ddb5-4fa4-a97d-d965ccfc6d4b" outcome="Passed" testListId="8c84fa94-04c1-424b-9868-57a2d4851a1d" relativeResultsDirectory="fa8cb291-670c-4570-a276-f50a63b929ea" />
    <UnitTestResult executionId="7c1f816b-e7f9-4df0-b9f0-51599c88f5a3" testId="eec14c11-5489-4371-71ed-c158f5b07408" testName="Nalix.Framework.Tests.Time.ClockSynchronizationTests.ResetSynchronizationClearsCurrentErrorEstimate" computerName="PHCNGUYEN" duration="00:00:00.0310218" startTime="2026-04-12T16:22:18.7182336+07:00" endTime="2026-04-12T16:22:18.7488942+07:00" testType="13cdc9d9-ddb5-4fa4-a97d-d965ccfc6d4b" outcome="Passed" testListId="8c84fa94-04c1-424b-9868-57a2d4851a1d" relativeResultsDirectory="7c1f816b-e7f9-4df0-b9f0-51599c88f5a3" />
    <UnitTestResult executionId="befc99c6-be7e-4b8b-9b6b-9dd42adf24f0" testId="214ed1b8-a1ef-d2f8-aa09-dbc9f90c712c" testName="Nalix.Framework.Tests.Logging.NLogixLoggingTests.Publish_WhenTargetThrows_IsolatesFailureAndInvokesErrorHandler" computerName="PHCNGUYEN" duration="00:00:00.0022943" startTime="2026-04-12T16:22:15.6363773+07:00" endTime="2026-04-12T16:22:15.6364097+07:00" testType="13cdc9d9-ddb5-4fa4-a97d-d965ccfc6d4b" outcome="Passed" testListId="8c84fa94-04c1-424b-9868-57a2d4851a1d" relativeResultsDirectory="befc99c6-be7e-4b8b-9b6b-9dd42adf24f0" />
    <UnitTestResult executionId="155d046c-4860-4e20-83ac-f7dc490e96a3" testId="89fb6431-a114-fc89-b1de-261016d344d3" testName="Nalix.Framework.Tests.Configuration.ConfigurationManagerTests.SetConfigFilePathWhenPathIsNullOrWhitespaceThrowsArgumentException(path: null)" computerName="PHCNGUYEN" duration="00:00:00.0007037" startTime="2026-04-12T16:22:15.6024012+07:00" endTime="2026-04-12T16:22:15.6028983+07:00" testType="13cdc9d9-ddb5-4fa4-a97d-d965ccfc6d4b" outcome="Passed" testListId="8c84fa94-04c1-424b-9868-57a2d4851a1d" relativeResultsDirectory="155d046c-4860-4e20-83ac-f7dc490e96a3" />
    <UnitTestResult executionId="5187b527-8c2f-43ca-9854-0eab7dc83fa7" testId="75b773f6-5b2a-7905-acd1-b3e458194d11" testName="Nalix.Framework.Tests.DataFrames.PacketRegistryTests.HandshakeEmptyPayloadRoundTripsCorrectly" computerName="PHCNGUYEN" duration="00:00:00.0022774" startTime="2026-04-12T16:22:15.6141608+07:00" endTime="2026-04-12T16:22:15.6164204+07:00" testType="13cdc9d9-ddb5-4fa4-a97d-d965ccfc6d4b" outcome="Passed" testListId="8c84fa94-04c1-424b-9868-57a2d4851a1d" relativeResultsDirectory="5187b527-8c2f-43ca-9854-0eab7dc83fa7" />
    <UnitTestResult executionId="98cf7434-1933-4a7c-9a47-01e1fd41efa2" testId="e613f3d6-fd3f-cf2e-028a-6ded0f3b3e4e" testName="Nalix.Framework.Tests.Time.ClockOverflowTests.UnixMicrosecondsNowShouldHandleCurrentTime" computerName="PHCNGUYEN" duration="00:00:00.0000308" startTime="2026-04-12T16:22:18.7505895+07:00" endTime="2026-04-12T16:22:18.7506071+07:00" testType="13cdc9d9-ddb5-4fa4-a97d-d965ccfc6d4b" outcome="Passed" testListId="8c84fa94-04c1-424b-9868-57a2d4851a1d" relativeResultsDirectory="98cf7434-1933-4a7c-9a47-01e1fd41efa2" />
    <UnitTestResult executionId="c4504b5b-1d19-4d65-ba96-a50dde2f05b1" testId="5094fd24-8c26-ba38-e9f1-2737a6e87059" testName="Nalix.Framework.Tests.Memory.MemoryTests.ParseBufferAllocations_InvalidInput_ThrowsArgumentException(value: &quot;abc&quot;)" computerName="PHCNGUYEN" duration="00:00:00.0000398" startTime="2026-04-12T16:22:15.6234880+07:00" endTime="2026-04-12T16:22:15.6235771+07:00" testType="13cdc9d9-ddb5-4fa4-a97d-d965ccfc6d4b" outcome="Passed" testListId="8c84fa94-04c1-424b-9868-57a2d4851a1d" relativeResultsDirectory="c4504b5b-1d19-4d65-ba96-a50dde2f05b1" />
    <UnitTestResult executionId="b0062d51-fcea-44e8-a6b8-62b1c3cf9146" testId="9a7f0927-06e6-deb8-515e-b5d020aa003b" testName="Nalix.Framework.Tests.Serialization.LiteSerializerStringTests.SerializeDeserialize_String_RoundTripsValue(input: &quot;&quot;)" computerName="PHCNGUYEN" duration="00:00:00.0001566" startTime="2026-04-12T16:22:15.5986522+07:00" endTime="2026-04-12T16:22:15.5988215+07:00" testType="13cdc9d9-ddb5-4fa4-a97d-d965ccfc6d4b" outcome="Passed" testListId="8c84fa94-04c1-424b-9868-57a2d4851a1d" relativeResultsDirectory="b0062d51-fcea-44e8-a6b8-62b1c3cf9146" />
    <UnitTestResult executionId="1a62be43-0cf5-48a3-8c8b-11330bb2aee0" testId="9207268a-9af2-faf4-d2ef-fe1ad75d9a5c" testName="Nalix.Framework.Tests.Tasks.TaskManagerTests.ScheduleWorkerWhenWorkCompletesUpdatesHandleAndLookups" computerName="PHCNGUYEN" duration="00:00:00.0047900" startTime="2026-04-12T16:22:16.3137259+07:00" endTime="2026-04-12T16:22:16.3184519+07:00" testType="13cdc9d9-ddb5-4fa4-a97d-d965ccfc6d4b" outcome="Passed" testListId="8c84fa94-04c1-424b-9868-57a2d4851a1d" relativeResultsDirectory="1a62be43-0cf5-48a3-8c8b-11330bb2aee0" />
    <UnitTestResult executionId="5a3fecb1-2cc6-42d3-b003-5b6b903812fa" testId="2192bd89-5bce-4d0f-f9e4-1fdffa4ec502" testName="Nalix.Framework.Tests.DataFrames.DataFramesPublicApiTests.InitializeControlPacketUpdatesPublicProperties" computerName="PHCNGUYEN" duration="00:00:00.0225536" startTime="2026-04-12T16:22:15.6025797+07:00" endTime="2026-04-12T16:22:15.6142014+07:00" testType="13cdc9d9-ddb5-4fa4-a97d-d965ccfc6d4b" outcome="Passed" testListId="8c84fa94-04c1-424b-9868-57a2d4851a1d" relativeResultsDirectory="5a3fecb1-2cc6-42d3-b003-5b6b903812fa" />
    <UnitTestResult executionId="d3bfcbcd-d9b3-410b-8fd6-2b568dddf225" testId="ca64edbb-b896-b9ad-f2aa-fb1039207ba0" testName="Nalix.Framework.Tests.Serialization.LiteSerializerUnmanagedArrayTests.SerializeDeserialize_UnmanagedStructArray_RoundTripsPayload" computerName="PHCNGUYEN" duration="00:00:00.0079690" startTime="2026-04-12T16:22:15.5537587+07:00" endTime="2026-04-12T16:22:15.5623424+07:00" testType="13cdc9d9-ddb5-4fa4-a97d-d965ccfc6d4b" outcome="Passed" testListId="8c84fa94-04c1-424b-9868-57a2d4851a1d" relativeResultsDirectory="d3bfcbcd-d9b3-410b-8fd6-2b568dddf225" />
    <UnitTestResult executionId="c4d2d017-221b-495a-b84f-8bbffedfc691" testId="23e799d7-9014-e3ac-8136-0d9fbf98b9f7" testName="Nalix.Framework.Tests.Time.ClockValidationTests.SynchronizeUnixMillisecondsRejectsTimestampBeforeYear2000" computerName="PHCNGUYEN" duration="00:00:00.0005495" startTime="2026-04-12T16:22:15.5543710+07:00" endTime="2026-04-12T16:22:15.5544512+07:00" testType="13cdc9d9-ddb5-4fa4-a97d-d965ccfc6d4b" outcome="Passed" testListId="8c84fa94-04c1-424b-9868-57a2d4851a1d" relativeResultsDirectory="c4d2d017-221b-495a-b84f-8bbffedfc691" />
    <UnitTestResult executionId="f9d7a9bc-fb6e-4f33-b54f-260b49eb8254" testId="e30258ce-6cf1-2340-f6fd-4b99be07322f" testName="Nalix.Framework.Tests.Cryptography.AeadEngineTests.ChaCha20Poly1305EncryptDecryptOneBlockRoundTrips" computerName="PHCNGUYEN" duration="00:00:00.0002207" startTime="2026-04-12T16:22:15.5885840+07:00" endTime="2026-04-12T16:22:15.5886320+07:00" testType="13cdc9d9-ddb5-4fa4-a97d-d965ccfc6d4b" outcome="Passed" testListId="8c84fa94-04c1-424b-9868-57a2d4851a1d" relativeResultsDirectory="f9d7a9bc-fb6e-4f33-b54f-260b49eb8254" />
    <UnitTestResult executionId="d3930937-7842-431d-808b-262581c0f68b" testId="1c838b1c-9d8d-deee-7e01-1606d3b7b58f" testName="Nalix.Framework.Tests.Serialization.LiteSerializerGuardTests.SerializeToProvidedBuffer_NullBuffer_ThrowsArgumentNullException" computerName="PHCNGUYEN" duration="00:00:00.0015379" startTime="2026-04-12T16:22:15.5738783+07:00" endTime="2026-04-12T16:22:15.5762621+07:00" testType="13cdc9d9-ddb5-4fa4-a97d-d965ccfc6d4b" outcome="Passed" testListId="8c84fa94-04c1-424b-9868-57a2d4851a1d" relativeResultsDirectory="d3930937-7842-431d-808b-262581c0f68b" />
    <UnitTestResult executionId="762048c1-dc70-43ea-989b-8e6801d807e8" testId="bd39515a-d984-89fe-dd5f-dca1e52a74c1" testName="Nalix.Framework.Tests.Tasks.TaskManagerTests.GenerateReportWhenWorkersAndRecurringTasksExistContainsSummaryAndNames" computerName="PHCNGUYEN" duration="00:00:00.0722917" startTime="2026-04-12T16:22:15.9307964+07:00" endTime="2026-04-12T16:22:16.0030939+07:00" testType="13cdc9d9-ddb5-4fa4-a97d-d965ccfc6d4b" outcome="Passed" testListId="8c84fa94-04c1-424b-9868-57a2d4851a1d" relativeResultsDirectory="762048c1-dc70-43ea-989b-8e6801d807e8" />
    <UnitTestResult executionId="4d91ecca-ad0b-4667-85be-6b46c34b1845" testId="e966ccc9-cb09-666b-6801-faf614fa3674" testName="Nalix.Framework.Tests.Time.ClockSynchronizationTests.GetCurrentErrorEstimateMsAfterSyncReflectsOffset" computerName="PHCNGUYEN" duration="00:00:00.0000592" startTime="2026-04-12T16:22:18.7181413+07:00" endTime="2026-04-12T16:22:18.7181640+07:00" testType="13cdc9d9-ddb5-4fa4-a97d-d965ccfc6d4b" outcome="Passed" testListId="8c84fa94-04c1-424b-9868-57a2d4851a1d" relativeResultsDirectory="4d91ecca-ad0b-4667-85be-6b46c34b1845" />
    <UnitTestResult executionId="d6166567-8ba1-474d-b4bb-e813044b807b" testId="1dea61f6-6d9a-32da-896e-1f505e2b1084" testName="Nalix.Framework.Tests.Cryptography.AeadEngineTests.Salsa20Poly1305DecryptTamperedTagReturnsNegative" computerName="PHCNGUYEN" duration="00:00:00.0003236" startTime="2026-04-12T16:22:15.5799666+07:00" endTime="2026-04-12T16:22:15.5808761+07:00" testType="13cdc9d9-ddb5-4fa4-a97d-d965ccfc6d4b" outcome="Passed" testListId="8c84fa94-04c1-424b-9868-57a2d4851a1d" relativeResultsDirectory="d6166567-8ba1-474d-b4bb-e813044b807b" />
    <UnitTestResult executionId="37dfd28a-4233-4800-861b-bca4fdc1b1db" testId="bca7989d-986e-2c01-c1b7-58b9f1da1dfa" testName="Nalix.Framework.Tests.DataFrames.DataFramesPublicApiTests.EncryptWhenDestinationUsesMinimumReportedCapacitySucceeds(suite: Chacha20)" computerName="PHCNGUYEN" duration="00:00:00.0002120" startTime="2026-04-12T16:22:15.5811783+07:00" endTime="2026-04-12T16:22:15.5813171+07:00" testType="13cdc9d9-ddb5-4fa4-a97d-d965ccfc6d4b" outcome="Passed" testListId="8c84fa94-04c1-424b-9868-57a2d4851a1d" relativeResultsDirectory="37dfd28a-4233-4800-861b-bca4fdc1b1db" />
    <UnitTestResult executionId="c9f2a340-c70b-4953-9d3b-b8600564218e" testId="68342b51-e2a7-45f0-8ad5-380ec364573e" testName="Concurrent Register/GetOrCreateInstance should not return disposed instance or throw" computerName="PHCNGUYEN" duration="00:00:00.0156677" startTime="2026-04-12T16:22:15.5961325+07:00" endTime="2026-04-12T16:22:15.6004133+07:00" testType="13cdc9d9-ddb5-4fa4-a97d-d965ccfc6d4b" outcome="Passed" testListId="8c84fa94-04c1-424b-9868-57a2d4851a1d" relativeResultsDirectory="c9f2a340-c70b-4953-9d3b-b8600564218e" />
    <UnitTestResult executionId="7bcc05b7-3356-4af3-8979-26e93cbeb843" testId="628e30da-f9e1-ea68-b7de-1e28920c4302" testName="Nalix.Framework.Tests.DataFrames.DataFramesPublicApiTests.AddWhenHeaderIsInvalidThrowsInvalidDataException(streamId: 1, chunkIndex: 0, totalChunks: 0)" computerName="PHCNGUYEN" duration="00:00:00.0002296" startTime="2026-04-12T16:22:17.0699647+07:00" endTime="2026-04-12T16:22:17.0700129+07:00" testType="13cdc9d9-ddb5-4fa4-a97d-d965ccfc6d4b" outcome="Passed" testListId="8c84fa94-04c1-424b-9868-57a2d4851a1d" relativeResultsDirectory="7bcc05b7-3356-4af3-8979-26e93cbeb843" />
    <UnitTestResult executionId="baa5cd1a-eab1-40b6-a232-7bf026fbfafa" testId="705f1acc-afb1-7d8d-a0ba-0651ffb026fd" testName="Nalix.Framework.Tests.Cryptography.SymmetricEngineTests.SymmetricEngineEnvelopeEmptyEnvelopeDecryptReturnsFalse" computerName="PHCNGUYEN" duration="00:00:00.0011410" startTime="2026-04-12T16:22:15.5579079+07:00" endTime="2026-04-12T16:22:15.5589764+07:00" testType="13cdc9d9-ddb5-4fa4-a97d-d965ccfc6d4b" outcome="Passed" testListId="8c84fa94-04c1-424b-9868-57a2d4851a1d" relativeResultsDirectory="baa5cd1a-eab1-40b6-a232-7bf026fbfafa" />
    <UnitTestResult executionId="d671a82a-8e08-489e-ac08-132b70455cd9" testId="87e14d8d-4ab6-74af-b6a8-3d721666d2a6" testName="Nalix.Framework.Tests.Cryptography.AeadEngineTests.Salsa20Poly1305WrongKeyLengthThrows" computerName="PHCNGUYEN" duration="00:00:00.0013726" startTime="2026-04-12T16:22:15.5637918+07:00" endTime="2026-04-12T16:22:15.5655919+07:00" testType="13cdc9d9-ddb5-4fa4-a97d-d965ccfc6d4b" outcome="Passed" testListId="8c84fa94-04c1-424b-9868-57a2d4851a1d" relativeResultsDirectory="d671a82a-8e08-489e-ac08-132b70455cd9" />
[...]
    <TestEntry testId="d0accd30-a9e5-f2b7-1bf0-5143d49606f9" executionId="7be4de47-0984-4774-9160-06c011b64cf2" testListId="8c84fa94-04c1-424b-9868-57a2d4851a1d" />
    <TestEntry testId="a36629d4-c478-0825-d6e3-ceb2cd20fb2b" executionId="6e5c4584-7e8d-4190-8381-6abaf9b4f149" testListId="8c84fa94-04c1-424b-9868-57a2d4851a1d" />
    <TestEntry testId="147e6466-277c-27a0-0b48-1d72675bca45" executionId="9afb66a5-4c2a-4062-b54c-44e06f94100c" testListId="8c84fa94-04c1-424b-9868-57a2d4851a1d" />
    <TestEntry testId="71b46f8f-6129-cb9c-6653-41185cde2e2c" executionId="b0c56912-f0e4-4914-bb27-e8aeb32ded76" testListId="8c84fa94-04c1-424b-9868-57a2d4851a1d" />
    <TestEntry testId="f42e589f-52d7-f93b-21e9-5f90c50e6e83" executionId="25a54971-fb57-450d-a7b4-03420953a44d" testListId="8c84fa94-04c1-424b-9868-57a2d4851a1d" />
    <TestEntry testId="5f78ce92-2920-1a51-72b2-80e2beb4c09d" executionId="6dcf56b7-eef2-457d-ad80-916a98deef81" testListId="8c84fa94-04c1-424b-9868-57a2d4851a1d" />
    <TestEntry testId="1d19b965-224f-4c2a-f1b4-9d2b722d0ba8" executionId="d236c103-dc58-4700-8cd1-205f7c1f643c" testListId="8c84fa94-04c1-424b-9868-57a2d4851a1d" />
    <TestEntry testId="a35fa824-6c90-6ffe-d263-5660e02a45df" executionId="5c417d79-5187-4913-8ad9-e5848491d46e" testListId="8c84fa94-04c1-424b-9868-57a2d4851a1d" />
    <TestEntry testId="9eef98ae-1b0d-a390-66f1-e4010114703f" executionId="6c6ffc1b-d5fb-4f4c-bbd6-665a11ceeff1" testListId="8c84fa94-04c1-424b-9868-57a2d4851a1d" />
    <TestEntry testId="8ae801be-5088-083a-8208-bea82923bea0" executionId="3df05574-86b6-427e-a37d-8a4b88fbac39" testListId="8c84fa94-04c1-424b-9868-57a2d4851a1d" />
    <TestEntry testId="0f70fba1-1527-5293-ecf1-dd6c6765720f" executionId="a10ce33d-2318-406f-be7f-a95ed5c32099" testListId="8c84fa94-04c1-424b-9868-57a2d4851a1d" />
    <TestEntry testId="8cee49f9-3e24-1ac3-5c94-a0e6701a74a1" executionId="8704bf30-a7cf-4a0c-a35b-ee95b607c187" testListId="8c84fa94-04c1-424b-9868-57a2d4851a1d" />
    <TestEntry testId="fc3687d3-ec13-6997-be0a-773f7e8fab71" executionId="24709f46-873e-4d57-87ee-e018adc07120" testListId="8c84fa94-04c1-424b-9868-57a2d4851a1d" />
    <TestEntry testId="d6a59241-146b-97d4-ddc7-f763392ac803" executionId="1213b15d-0cec-401c-95f8-9da451766a6c" testListId="8c84fa94-04c1-424b-9868-57a2d4851a1d" />
    <TestEntry testId="33c76c2b-d419-8afb-2fbb-0fff26479db3" executionId="163023eb-b498-46d4-bd2b-d7a2e19e458d" testListId="8c84fa94-04c1-424b-9868-57a2d4851a1d" />
    <TestEntry testId="1493eced-dd4e-03f0-d56a-7b5330b622c5" executionId="d10990d2-0de1-4cc1-98ee-27e79fa01b45" testListId="8c84fa94-04c1-424b-9868-57a2d4851a1d" />
    <TestEntry testId="dec290f3-df5e-6f09-007c-c6875666c69b" executionId="6a85ab43-6432-4576-a4da-c351e11952f5" testListId="8c84fa94-04c1-424b-9868-57a2d4851a1d" />
    <TestEntry testId="166b4c92-7a7a-2995-ff30-d9aec6c3d85a" executionId="e16050ce-6228-4acf-8899-2b90c1d9c7ee" testListId="8c84fa94-04c1-424b-9868-57a2d4851a1d" />
    <TestEntry testId="5425f246-0793-d405-d8fc-20f5f2ef1acc" executionId="f17457aa-b1f6-40ce-847b-3cd7df5a2cf3" testListId="8c84fa94-04c1-424b-9868-57a2d4851a1d" />
    <TestEntry testId="507478f7-56fe-12de-e23b-f1ff5d35d100" executionId="e51a3428-6aab-42f8-b617-3332daf2e2e8" testListId="8c84fa94-04c1-424b-9868-57a2d4851a1d" />
    <TestEntry testId="8e38a7b0-6d32-d422-1838-3111642605f3" executionId="eed4b72f-0414-465b-917f-efb94e89d9cd" testListId="8c84fa94-04c1-424b-9868-57a2d4851a1d" />
    <TestEntry testId="d2e0b51c-5dd6-688b-8200-00dbf8780ad1" executionId="874580b2-97d7-4da9-9bb6-808e6d2f0f73" testListId="8c84fa94-04c1-424b-9868-57a2d4851a1d" />
    <TestEntry testId="afb64efe-481c-2aa3-d902-e5792f07a5fe" executionId="73bb2433-8340-41b5-ae37-9bd08f6c14ab" testListId="8c84fa94-04c1-424b-9868-57a2d4851a1d" />
    <TestEntry testId="c1f3b36b-39d0-32e7-d007-dec6157d0bb8" executionId="fda6feb5-8429-4a27-884b-9acf10751c02" testListId="8c84fa94-04c1-424b-9868-57a2d4851a1d" />
    <TestEntry testId="954200d9-b7b8-c0ec-f3b4-3dfed76973f9" executionId="e4543215-eb9a-43a1-8a74-ee0ff5a74450" testListId="8c84fa94-04c1-424b-9868-57a2d4851a1d" />
    <TestEntry testId="394aea96-fb8e-cd49-a2ac-4bb0aa0373fb" executionId="4af92bd2-44a3-4b16-9e95-913c94607e45" testListId="8c84fa94-04c1-424b-9868-57a2d4851a1d" />
    <TestEntry testId="efa20404-452b-e37c-bc9b-f47ae15bdced" executionId="73538dd3-9818-4903-bf29-1d8f5cc1e4c8" testListId="8c84fa94-04c1-424b-9868-57a2d4851a1d" />
    <TestEntry testId="9675908e-22fb-0e01-dfef-43a750e983a9" executionId="b1797192-f336-4340-aa17-98ded4e25856" testListId="8c84fa94-04c1-424b-9868-57a2d4851a1d" />
    <TestEntry testId="9cfb8776-51fa-a53d-9362-c35601d334b7" executionId="6c3e0aed-063c-4f73-845e-76cf8fe259c4" testListId="8c84fa94-04c1-424b-9868-57a2d4851a1d" />
    <TestEntry testId="b3d273b4-6b0f-32e7-2cb1-0867b85553af" executionId="48a55c12-2bac-4123-adea-143d3e49feb3" testListId="8c84fa94-04c1-424b-9868-57a2d4851a1d" />
    <TestEntry testId="618f25c7-840c-ab56-86bc-b584bfe6bf84" executionId="e024577c-b285-4a73-9bc5-70c15f9e88bb" testListId="8c84fa94-04c1-424b-9868-57a2d4851a1d" />
    <TestEntry testId="24c5f19a-7a0a-5c01-2f52-658e79c9145d" executionId="4b97aed4-6fd1-467b-bd55-b384d976b787" testListId="8c84fa94-04c1-424b-9868-57a2d4851a1d" />
    <TestEntry testId="44f7b508-b6e5-da99-5fab-2f3f44405417" executionId="76544f78-afe1-4eed-8e99-42da4f9b102e" testListId="8c84fa94-04c1-424b-9868-57a2d4851a1d" />
    <TestEntry testId="f84a6d73-d55c-1253-118c-34a5c70b2a79" executionId="84d46230-49e3-4ec7-a767-7aa4fa544b4e" testListId="8c84fa94-04c1-424b-9868-57a2d4851a1d" />
    <TestEntry testId="894da154-a8a0-92d1-60eb-75b1ec74dd70" executionId="b684ccdd-829a-4d36-b9c0-50e8ac99ad74" testListId="8c84fa94-04c1-424b-9868-57a2d4851a1d" />
    <TestEntry testId="f560ecb2-0362-ef08-709e-5ca01cf1d6d2" executionId="db779ae6-2260-46d2-85f7-b4c0ba58af5e" testListId="8c84fa94-04c1-424b-9868-57a2d4851a1d" />
    <TestEntry testId="94963171-d610-e270-2c9b-5b8627282b12" executionId="c6a74987-9126-4279-90aa-b276e20403cb" testListId="8c84fa94-04c1-424b-9868-57a2d4851a1d" />
    <TestEntry testId="feea3c47-04fc-2d46-6437-13e4a27961ed" executionId="69506cd5-305b-42c0-a059-97a73a4a548f" testListId="8c84fa94-04c1-424b-9868-57a2d4851a1d" />
    <TestEntry testId="c0d91bea-38a4-2f23-4568-21d978b843b2" executionId="683853ab-1c57-44cf-9c16-fdd494885103" testListId="8c84fa94-04c1-424b-9868-57a2d4851a1d" />
    <TestEntry testId="a6fc0825-5ae2-ce81-7e91-37ec7cc39bd8" executionId="c0f48523-a57d-4d6b-86cc-9c95467a4e1c" testListId="8c84fa94-04c1-424b-9868-57a2d4851a1d" />
    <TestEntry testId="b6d11201-6305-bebf-7b30-5fc70dfc790a" executionId="f77ee4d2-25cc-4d8e-baee-9fafe62faf2b" testListId="8c84fa94-04c1-424b-9868-57a2d4851a1d" />
    <TestEntry testId="fc378e26-5561-1e84-d335-03d7cc656aeb" executionId="7a717566-9e69-4c9b-9ed2-7398adf5129e" testListId="8c84fa94-04c1-424b-9868-57a2d4851a1d" />
    <TestEntry testId="537eb458-2b32-8e48-e233-abaacccca60f" executionId="644a2798-8e20-456b-b5e9-b0a57f693979" testListId="8c84fa94-04c1-424b-9868-57a2d4851a1d" />
    <TestEntry testId="4843e579-6753-f68e-1e22-2dc2cfb6a559" executionId="bb88c532-d4a0-450d-9397-2b422416f92c" testListId="8c84fa94-04c1-424b-9868-57a2d4851a1d" />
    <TestEntry testId="30c5909e-4845-50bb-6f60-8b5ffaa46ee4" executionId="3aa22f51-e121-4395-91b6-f54a2f0a1371" testListId="8c84fa94-04c1-424b-9868-57a2d4851a1d" />
    <TestEntry testId="e4a7ef1e-0feb-2b8d-a016-03322a910f08" executionId="24704c01-0c12-4292-b6d7-16cec73e264d" testListId="8c84fa94-04c1-424b-9868-57a2d4851a1d" />
    <TestEntry testId="7a5b9f3b-fdf0-0a2b-2bca-a6fa353a7396" executionId="33392b05-3eac-40df-9ccf-db8414de033a" testListId="8c84fa94-04c1-424b-9868-57a2d4851a1d" />
    <TestEntry testId="757fa4d0-2438-5c4c-41fa-15add2ea31b9" executionId="9725ba64-630d-4c74-b895-7e44120bb29b" testListId="8c84fa94-04c1-424b-9868-57a2d4851a1d" />
    <TestEntry testId="b2a84a73-5968-4286-fb14-beadffa1e7d9" executionId="c85a2f6d-3bce-4bbf-9d2e-f8df75a26611" testListId="8c84fa94-04c1-424b-9868-57a2d4851a1d" />
    <TestEntry testId="e4bed33f-7361-c591-cbb7-9d727e8d614f" executionId="d02d0320-b0ab-47c0-944c-65f3cd97375e" testListId="8c84fa94-04c1-424b-9868-57a2d4851a1d" />
    <TestEntry testId="6d4f53dd-ae75-bd8d-3675-cb222af94afd" executionId="09ea1aa8-376d-4636-88f8-d57e4c5ce711" testListId="8c84fa94-04c1-424b-9868-57a2d4851a1d" />
    <TestEntry testId="643b4e94-9754-d542-9c3e-dc2b4b5cfc2c" executionId="256533df-f408-4f34-9733-adffda67f68e" testListId="8c84fa94-04c1-424b-9868-57a2d4851a1d" />
    <TestEntry testId="921ca8ef-9214-8fa1-f45e-219cb227fae3" executionId="4e7b508b-f909-4175-95bc-ab3742d791e5" testListId="8c84fa94-04c1-424b-9868-57a2d4851a1d" />
    <TestEntry testId="7533f9d3-ba11-236a-252e-4d9607a81041" executionId="58f01853-2a7e-412a-8a27-c474d6b08d91" testListId="8c84fa94-04c1-424b-9868-57a2d4851a1d" />
    <TestEntry testId="2d8cc268-41c6-b44a-be22-f7d41981e498" executionId="726e8e2f-32d8-46f6-a6ce-c3e4645c405f" testListId="8c84fa94-04c1-424b-9868-57a2d4851a1d" />
    <TestEntry testId="2c2a63d4-49fc-06af-a339-816afc8d6c4d" executionId="1aded5b1-8631-43ed-9ed8-9cf2bd96eae7" testListId="8c84fa94-04c1-424b-9868-57a2d4851a1d" />
    <TestEntry testId="9994004b-4f21-df60-adfa-272dcea6d9dc" executionId="6201753f-40b1-435e-813c-f1e1b6d40232" testListId="8c84fa94-04c1-424b-9868-57a2d4851a1d" />
    <TestEntry testId="1b243973-dff1-32a7-4a05-4e072bf22250" executionId="343175bd-2cbc-4182-be9e-845c03919259" testListId="8c84fa94-04c1-424b-9868-57a2d4851a1d" />
    <TestEntry testId="531cfffc-cc77-fff6-1c66-ddab7cc0ed37" executionId="f3189d82-a460-49d3-ba12-2c2a0e81f44d" testListId="8c84fa94-04c1-424b-9868-57a2d4851a1d" />
    <TestEntry testId="0d3d74bf-029f-1ea3-d4a8-0459484d0886" executionId="a0c286b1-3eef-4abb-b501-8a93354fa189" testListId="8c84fa94-04c1-424b-9868-57a2d4851a1d" />
    <TestEntry testId="3d4f2291-0b4c-d237-997f-d49083ff839e" executionId="3eabc1b7-7f7c-41b9-8114-c6eca7ff291b" testListId="8c84fa94-04c1-424b-9868-57a2d4851a1d" />
    <TestEntry testId="63b6b28f-12a8-4151-ceac-28b5cbf090ee" executionId="c90fbf4a-ff5a-442c-9e98-8c1a515ce2e0" testListId="8c84fa94-04c1-424b-9868-57a2d4851a1d" />
    <TestEntry testId="55895d1c-6c70-e0b3-d8f7-83e77db94527" executionId="40575120-0bdc-455b-8a60-c85d8c547be2" testListId="8c84fa94-04c1-424b-9868-57a2d4851a1d" />
    <TestEntry testId="f359223b-ad46-f4b7-1379-6fce32ff3878" executionId="2f4b5bce-4f50-481b-94cc-042e1b41f1b6" testListId="8c84fa94-04c1-424b-9868-57a2d4851a1d" />
    <TestEntry testId="102f1fc9-771c-79fc-95db-7183fabe0fe4" executionId="4e1e3794-55e3-4c71-b8c8-08ae6b257484" testListId="8c84fa94-04c1-424b-9868-57a2d4851a1d" />
    <TestEntry testId="f608b0d4-2bc4-6df1-29c3-8a0c27ff092b" executionId="c2f59507-2885-464d-8274-624a5135b8f4" testListId="8c84fa94-04c1-424b-9868-57a2d4851a1d" />
    <TestEntry testId="0e76b421-2e44-d4c3-1b5d-dd95c17969d3" executionId="b6a0f650-197b-4355-8115-ec57cc10b234" testListId="8c84fa94-04c1-424b-9868-57a2d4851a1d" />
    <TestEntry testId="483e4785-054f-6df0-4a0a-f8b6afb4cba8" executionId="f0471607-f824-4a5b-8de3-8f6a5ba9d555" testListId="8c84fa94-04c1-424b-9868-57a2d4851a1d" />
    <TestEntry testId="f25f2895-e3d1-5852-def3-3ece153b21c6" executionId="ee88c4f9-1bd6-4a55-b842-b989815d79cd" testListId="8c84fa94-04c1-424b-9868-57a2d4851a1d" />
    <TestEntry testId="5d617825-8d72-0cfb-a18c-fcb7c6e2af76" executionId="b6ef41be-5722-4711-a310-ee114e09706e" testListId="8c84fa94-04c1-424b-9868-57a2d4851a1d" />
    <TestEntry testId="af86c0af-a3df-1541-b965-9c7d27807966" executionId="8aaf5718-7781-4ac4-9e9f-fb96240cec1e" testListId="8c84fa94-04c1-424b-9868-57a2d4851a1d" />
    <TestEntry testId="d80e1eec-d56f-666f-bf1a-eabf40699c08" executionId="5fe65c70-8ff4-4e37-9a9c-f13761e5dc40" testListId="8c84fa94-04c1-424b-9868-57a2d4851a1d" />
    <TestEntry testId="af9d4e44-a062-138e-8811-67c05bdc4e5c" executionId="d9e9b13b-9425-4b38-bce0-bb682c29d569" testListId="8c84fa94-04c1-424b-9868-57a2d4851a1d" />
    <TestEntry testId="42866640-928c-da31-b577-0f8ee02bc9f8" executionId="0efaee0e-e4e6-42d6-84c9-4281ae299593" testListId="8c84fa94-04c1-424b-9868-57a2d4851a1d" />
    <TestEntry testId="544d874b-7bba-7034-1a78-d39b568e35d4" executionId="29fba419-be67-4e07-aa6d-6183547406d4" testListId="8c84fa94-04c1-424b-9868-57a2d4851a1d" />
    <TestEntry testId="228e59f6-d265-d511-bf8c-153057b27b9c" executionId="c6e0f017-edf8-46af-abe7-c46e74fea3e1" testListId="8c84fa94-04c1-424b-9868-57a2d4851a1d" />
    <TestEntry testId="0ac1132f-a71d-305f-04e7-36be311bf851" executionId="dbf99f68-a2d8-4c87-8de3-d02d9747d563" testListId="8c84fa94-04c1-424b-9868-57a2d4851a1d" />
    <TestEntry testId="bf13cc9f-025b-416e-b993-8a2be1b6e5d8" executionId="1b11fa2d-1275-418b-8876-6897725ccbf1" testListId="8c84fa94-04c1-424b-9868-57a2d4851a1d" />
    <TestEntry testId="418736d4-dc2e-84e2-68f6-dc0b029b3c1f" executionId="69c1db40-0ce9-4d3f-9efb-a16f32d5b47c" testListId="8c84fa94-04c1-424b-9868-57a2d4851a1d" />
    <TestEntry testId="393ec2c7-664d-e51c-743d-a6b7577ff93d" executionId="b4224c2f-5527-4c73-a3b4-03530832e1d7" testListId="8c84fa94-04c1-424b-9868-57a2d4851a1d" />
    <TestEntry testId="1693e699-d4a8-83a6-2449-8fb839f1381d" executionId="9ccb8cc2-b0ca-419c-8443-82a44bca1cda" testListId="8c84fa94-04c1-424b-9868-57a2d4851a1d" />
    <TestEntry testId="9247c723-7a73-8d7a-3afc-cbb85e6ba5aa" executionId="a4029fbc-27ea-4fb0-834f-e59193988b26" testListId="8c84fa94-04c1-424b-9868-57a2d4851a1d" />
    <TestEntry testId="9a66153f-0a45-c597-a373-a94142408e80" executionId="6f3199dd-34aa-4618-a4ec-6fe3d9beff81" testListId="8c84fa94-04c1-424b-9868-57a2d4851a1d" />
    <TestEntry testId="ec52681c-dda8-c75e-4131-a4d17e88fba0" executionId="ee3d3bee-5740-4c1f-b853-9e4636557e55" testListId="8c84fa94-04c1-424b-9868-57a2d4851a1d" />
    <TestEntry testId="ee00399e-2da4-8d5e-475c-500bb29a8e2f" executionId="75f9d644-87d8-40ba-af5d-c3909f76dca5" testListId="8c84fa94-04c1-424b-9868-57a2d4851a1d" />
    <TestEntry testId="413622be-3df1-c295-ad12-805965121976" executionId="d1435f77-a141-42cd-8d0b-b940d178c0df" testListId="8c84fa94-04c1-424b-9868-57a2d4851a1d" />
    <TestEntry testId="69e177e6-c895-9d69-6611-dc4f4f3a9a2b" executionId="12925b89-3e28-426b-b551-e1de7a815f6c" testListId="8c84fa94-04c1-424b-9868-57a2d4851a1d" />
    <TestEntry testId="2ceedfc7-27b2-476d-a1ed-18680f6ae63c" executionId="79e6b026-4bd7-4182-b0d4-93cfccbee2dd" testListId="8c84fa94-04c1-424b-9868-57a2d4851a1d" />
    <TestEntry testId="00d92dc9-ce55-5c1d-96dc-103e66ac9508" executionId="5a8dbfaf-9a3a-4ced-99e5-2ba6054d84fd" testListId="8c84fa94-04c1-424b-9868-57a2d4851a1d" />
    <TestEntry testId="673715d8-4b84-018c-3900-b1bfb438f165" executionId="008a1675-07d7-4bcf-9467-942e353d037b" testListId="8c84fa94-04c1-424b-9868-57a2d4851a1d" />
    <TestEntry testId="88d9ff14-686f-e9ad-2f25-26227669bf8e" executionId="401d954b-1af0-47e5-af00-e6d61cb4ab2b" testListId="8c84fa94-04c1-424b-9868-57a2d4851a1d" />
    <TestEntry testId="4ee0e48e-8eae-a73f-8a76-1cb319eb95e5" executionId="2d61f633-42e9-4ce6-b37c-059d553631a0" testListId="8c84fa94-04c1-424b-9868-57a2d4851a1d" />
    <TestEntry testId="9c343a9b-123a-3111-8750-d4056b9ce33c" executionId="3e795c34-1994-45f4-be85-50c3ed782e64" testListId="8c84fa94-04c1-424b-9868-57a2d4851a1d" />
    <TestEntry testId="20d90cf1-3887-4820-53c9-cc9cefab8190" executionId="beec937e-2a53-4b1b-bece-fa7a8643958e" testListId="8c84fa94-04c1-424b-9868-57a2d4851a1d" />
    <TestEntry testId="cf820bfd-abe2-df53-8981-69cc44120b12" executionId="5e8c87a0-c690-4c0f-af30-6806cd2c0e6a" testListId="8c84fa94-04c1-424b-9868-57a2d4851a1d" />
    <TestEntry testId="c39f53a6-2dfb-1140-c465-670cdfb82369" executionId="94284613-0134-47e6-9dc3-24ca77c54c27" testListId="8c84fa94-04c1-424b-9868-57a2d4851a1d" />
    <TestEntry testId="f0a2ef99-46e4-c2ca-4f98-44fd7fb2383a" executionId="622bdac2-783e-4b8c-b2e9-c3b6e206eb85" testListId="8c84fa94-04c1-424b-9868-57a2d4851a1d" />
    <TestEntry testId="d1adfb89-4ee1-624f-c7cb-4e52edd139be" executionId="3f8023e3-21d0-425d-a889-640e2f95e0d2" testListId="8c84fa94-04c1-424b-9868-57a2d4851a1d" />
    <TestEntry testId="2bbf968b-f618-cf16-2f87-b94a831181a2" executionId="034da03c-a628-4ab1-837d-5778f20e894b" testListId="8c84fa94-04c1-424b-9868-57a2d4851a1d" />
    <TestEntry testId="90760c01-c0e6-5cde-af4c-278de4ee4599" executionId="1105dbb2-1261-44ae-a4f4-8a127b933807" testListId="8c84fa94-04c1-424b-9868-57a2d4851a1d" />
    <TestEntry testId="5e2b2576-565a-6540-1ac8-cee2653599cf" executionId="46a36304-d365-4c00-9bbd-c77fc0385ab1" testListId="8c84fa94-04c1-424b-9868-57a2d4851a1d" />
    <TestEntry testId="ca7d372c-3811-1188-b9f8-48e995b82ea2" executionId="1b2245de-db8b-40aa-9ef8-b0f3cb16f1c8" testListId="8c84fa94-04c1-424b-9868-57a2d4851a1d" />
    <TestEntry testId="794d47e7-fe15-fd06-704e-2887bcdad3be" executionId="5605d154-85d6-49e2-b92c-e4355f97f712" testListId="8c84fa94-04c1-424b-9868-57a2d4851a1d" />
    <TestEntry testId="2c470668-8bbd-6b07-8d5c-e37ec03519be" executionId="a73b1044-03f1-4072-a5eb-a8bde5d2b368" testListId="8c84fa94-04c1-424b-9868-57a2d4851a1d" />
    <TestEntry testId="90e0c0ff-0d3b-6309-507c-109b6a6acf8f" executionId="3b8532e7-b61f-4d50-92c7-774e9c70892a" testListId="8c84fa94-04c1-424b-9868-57a2d4851a1d" />
    <TestEntry testId="abacafe0-e9ec-de65-5964-66984db7a4e7" executionId="7a21c480-1870-48e2-8e9d-9e73ad7d4d93" testListId="8c84fa94-04c1-424b-9868-57a2d4851a1d" />
    <TestEntry testId="6e838fb3-a886-ba19-5dea-57aaac04b0b9" executionId="89fbfc49-86b0-470e-8bba-f13c37c9fbcc" testListId="8c84fa94-04c1-424b-9868-57a2d4851a1d" />
    <TestEntry testId="9f6b4afb-06b4-b8f5-a8fd-36abc46e7ea9" executionId="78a235dc-5230-4ba8-89f6-ea476db439fc" testListId="8c84fa94-04c1-424b-9868-57a2d4851a1d" />
    <TestEntry testId="6557a6a5-3e12-d922-8b8d-c318a71046f8" executionId="291f3a88-e80a-4f9d-8230-268bfbf148bf" testListId="8c84fa94-04c1-424b-9868-57a2d4851a1d" />
    <TestEntry testId="ee20b05e-2fea-80ca-e6d5-6a8f0425fb24" executionId="3cf490d9-250d-4045-8956-6be590408dd0" testListId="8c84fa94-04c1-424b-9868-57a2d4851a1d" />
    <TestEntry testId="7067ade5-3141-4068-f0db-4a9e03e33da8" executionId="b7aa9fce-e785-44c5-a873-4aacec64d8ba" testListId="8c84fa94-04c1-424b-9868-57a2d4851a1d" />
    <TestEntry testId="0601c0b7-8e39-2d8e-efca-32cb041b0bb7" executionId="483dbfb2-fb5a-4198-9a9b-c00eef5ea667" testListId="8c84fa94-04c1-424b-9868-57a2d4851a1d" />
    <TestEntry testId="f5379970-0b57-455b-4a7c-77e9786a23f1" executionId="2b34e463-8e30-4e1f-8606-3d5fd3e683a3" testListId="8c84fa94-04c1-424b-9868-57a2d4851a1d" />
    <TestEntry testId="19c2186b-a5d6-f894-0d29-d09a6c1e9590" executionId="d18eee9a-42b5-48db-adb2-eb54010233eb" testListId="8c84fa94-04c1-424b-9868-57a2d4851a1d" />
    <TestEntry testId="b8bca92c-9b1c-abc3-d359-6683f916390d" executionId="df4c2bf4-00ac-4144-a934-238d160139d7" testListId="8c84fa94-04c1-424b-9868-57a2d4851a1d" />
  </TestEntries>
  <TestLists>
    <TestList name="Results Not in a List" id="8c84fa94-04c1-424b-9868-57a2d4851a1d" />
    <TestList name="All Loaded Results" id="19431567-8539-422a-85d7-44ee4e166bda" />
  </TestLists>
  <ResultSummary outcome="Completed">
    <Counters total="342" executed="342" passed="342" failed="0" error="0" timeout="0" aborted="0" inconclusive="0" passedButRunAborted="0" notRunnable="0" notExecuted="0" disconnected="0" warning="0" completed="0" inProgress="0" pending="0" />
    <Output>
      <StdOut>[xUnit.net 00:00:00.00] xUnit.net VSTest Adapter v3.1.5+1b188a7b0a (64-bit .NET 10.0.5)&#xD;
[xUnit.net 00:00:00.06]   Discovering: Nalix.Framework.Tests&#xD;
[xUnit.net 00:00:00.12]   Discovered:  Nalix.Framework.Tests&#xD;
[xUnit.net 00:00:00.16]   Starting:    Nalix.Framework.Tests&#xD;
[xUnit.net 00:00:05.91]   Finished:    Nalix.Framework.Tests&#xD;
</StdOut>
    </Output>
  </ResultSummary>
</TestRun>