<?xml version="1.0" encoding="utf-8"?>
<TestRun id="5affe7ac-8422-4132-a220-1c4ac45f9f9d" name="pngz@PHCNGUYEN 2026-04-12 23:36:33" runUser="PHCNGUYEN\pngz" xmlns="http://microsoft.com/schemas/VisualStudio/TeamTest/2010">
  <Times creation="2026-04-12T23:36:33.5212092+07:00" queuing="2026-04-12T23:36:33.5212094+07:00" start="2026-04-12T23:36:32.9053487+07:00" finish="2026-04-12T23:36:39.2760886+07:00" />
  <TestSettings name="default" id="fd19c23a-350f-489d-8aef-121f4e970156">
    <Deployment runDeploymentRoot="pngz_PHCNGUYEN_2026-04-12_23_36_33" />
  </TestSettings>
  <Results>
    <UnitTestResult executionId="1473b1c4-9a38-490e-9658-83421682d26c" testId="f12c1e28-7048-388f-884f-671a40a44a59" testName="Nalix.Framework.Tests.Time.ClockValidationTests.SynchronizeUnixMillisecondsAcceptsYear2100Boundary" computerName="PHCNGUYEN" duration="00:00:00.0020717" startTime="2026-04-12T23:36:33.5484515+07:00" endTime="2026-04-12T23:36:33.5496778+07:00" testType="13cdc9d9-ddb5-4fa4-a97d-d965ccfc6d4b" outcome="Passed" testListId="8c84fa94-04c1-424b-9868-57a2d4851a1d" relativeResultsDirectory="1473b1c4-9a38-490e-9658-83421682d26c" />
    <UnitTestResult executionId="35579bd0-5df8-41d3-b837-54c8bdf6a929" testId="45439e9a-b258-a580-13d8-b98bc37c97ab" testName="Nalix.Framework.Tests.Time.ClockValidationTests.SynchronizeUnixMillisecondsAcceptsYear2000Boundary" computerName="PHCNGUYEN" duration="00:00:00.0002243" startTime="2026-04-12T23:36:33.5511917+07:00" endTime="2026-04-12T23:36:33.5512140+07:00" testType="13cdc9d9-ddb5-4fa4-a97d-d965ccfc6d4b" outcome="Passed" testListId="8c84fa94-04c1-424b-9868-57a2d4851a1d" relativeResultsDirectory="35579bd0-5df8-41d3-b837-54c8bdf6a929" />
    <UnitTestResult executionId="12a8c3c6-ccfa-41a9-8e54-96dec8c207b9" testId="bd11949d-81f3-96bd-f842-7d1fa36e1ad8" testName="Nalix.Framework.Tests.Serialization.LiteSerializerPrimitiveTests.SerializeDeserialize_Double_RoundTripsValue(input: 3.1400000000000001)" computerName="PHCNGUYEN" duration="00:00:00.0038946" startTime="2026-04-12T23:36:33.5104333+07:00" endTime="2026-04-12T23:36:33.5162031+07:00" testType="13cdc9d9-ddb5-4fa4-a97d-d965ccfc6d4b" outcome="Passed" testListId="8c84fa94-04c1-424b-9868-57a2d4851a1d" relativeResultsDirectory="12a8c3c6-ccfa-41a9-8e54-96dec8c207b9" />
    <UnitTestResult executionId="44c76481-dab4-4087-b70b-ff22a1e89014" testId="8a5a8faa-f030-6302-c65c-268c7ebfbd17" testName="Nalix.Framework.Tests.Tasks.TaskManagerTests.ConstructorParameterlessCreatesInstance" computerName="PHCNGUYEN" duration="00:00:00.0012026" startTime="2026-04-12T23:36:34.1493210+07:00" endTime="2026-04-12T23:36:34.1505621+07:00" testType="13cdc9d9-ddb5-4fa4-a97d-d965ccfc6d4b" outcome="Passed" testListId="8c84fa94-04c1-424b-9868-57a2d4851a1d" relativeResultsDirectory="44c76481-dab4-4087-b70b-ff22a1e89014" />
    <UnitTestResult executionId="7e1ad0e3-b160-492e-91cc-e292f048d47a" testId="a6fc0825-5ae2-ce81-7e91-37ec7cc39bd8" testName="Nalix.Framework.Tests.Time.ClockValidationTests.SynchronizeUnixMillisecondsRejectsZeroMaxHardAdjust" computerName="PHCNGUYEN" duration="00:00:00.0006089" startTime="2026-04-12T23:36:33.5542837+07:00" endTime="2026-04-12T23:36:33.5547663+07:00" testType="13cdc9d9-ddb5-4fa4-a97d-d965ccfc6d4b" outcome="Passed" testListId="8c84fa94-04c1-424b-9868-57a2d4851a1d" relativeResultsDirectory="7e1ad0e3-b160-492e-91cc-e292f048d47a" />
    <UnitTestResult executionId="37539c31-edf8-4ff8-b5e4-1b6f0eea7055" testId="b4983890-f18b-13c9-d27f-364792f227f6" testName="Nalix.Framework.Tests.Tasks.TaskManagerTests.ScheduleWorkerWhenFailureCallbackThrowsIncrementsWorkerErrorCountAgain" computerName="PHCNGUYEN" duration="00:00:00.0341702" startTime="2026-04-12T23:36:34.1618610+07:00" endTime="2026-04-12T23:36:34.1962473+07:00" testType="13cdc9d9-ddb5-4fa4-a97d-d965ccfc6d4b" outcome="Passed" testListId="8c84fa94-04c1-424b-9868-57a2d4851a1d" relativeResultsDirectory="37539c31-edf8-4ff8-b5e4-1b6f0eea7055" />
    <UnitTestResult executionId="66b09bbd-0b3e-41cb-a1a5-51a2d9d1ccdd" testId="4012b23b-a420-558b-349b-af902e972f30" testName="Nalix.Framework.Tests.Time.ClockOverflowTests.UnixSecondsNowUInt32DocumentationReflectsOverflowConcern" computerName="PHCNGUYEN" duration="00:00:00.0000795" startTime="2026-04-12T23:36:36.7607804+07:00" endTime="2026-04-12T23:36:36.7608260+07:00" testType="13cdc9d9-ddb5-4fa4-a97d-d965ccfc6d4b" outcome="Passed" testListId="8c84fa94-04c1-424b-9868-57a2d4851a1d" relativeResultsDirectory="66b09bbd-0b3e-41cb-a1a5-51a2d9d1ccdd" />
    <UnitTestResult executionId="e5d30711-1550-441a-9032-3dd662b6d1d4" testId="894da154-a8a0-92d1-60eb-75b1ec74dd70" testName="Nalix.Framework.Tests.Logging.NLogixLoggingTests.PublishAfterDispose_DoesNotThrow" computerName="PHCNGUYEN" duration="00:00:00.0038696" startTime="2026-04-12T23:36:33.5505145+07:00" endTime="2026-04-12T23:36:33.5519921+07:00" testType="13cdc9d9-ddb5-4fa4-a97d-d965ccfc6d4b" outcome="Passed" testListId="8c84fa94-04c1-424b-9868-57a2d4851a1d" relativeResultsDirectory="e5d30711-1550-441a-9032-3dd662b6d1d4" />
    <UnitTestResult executionId="7a166580-800b-48ad-9a28-d0a203de5649" testId="b6d11201-6305-bebf-7b30-5fc70dfc790a" testName="Nalix.Framework.Tests.Cryptography.AeadEngineTests.Salsa20Poly1305DecryptTamperedCiphertextReturnsNegative" computerName="PHCNGUYEN" duration="00:00:00.0005421" startTime="2026-04-12T23:36:33.5349006+07:00" endTime="2026-04-12T23:36:33.5354493+07:00" testType="13cdc9d9-ddb5-4fa4-a97d-d965ccfc6d4b" outcome="Passed" testListId="8c84fa94-04c1-424b-9868-57a2d4851a1d" relativeResultsDirectory="7a166580-800b-48ad-9a28-d0a203de5649" />
    <UnitTestResult executionId="30656940-fb1a-4392-a0be-51abebbf0176" testId="2db15555-af45-0a23-cc3c-0a1e921e9c04" testName="Nalix.Framework.Tests.Time.ClockValidationTests.SynchronizeUnixMillisecondsAcceptsReasonableCurrentTimestamp" computerName="PHCNGUYEN" duration="00:00:00.0191750" startTime="2026-04-12T23:36:33.5552495+07:00" endTime="2026-04-12T23:36:33.5614214+07:00" testType="13cdc9d9-ddb5-4fa4-a97d-d965ccfc6d4b" outcome="Passed" testListId="8c84fa94-04c1-424b-9868-57a2d4851a1d" relativeResultsDirectory="30656940-fb1a-4392-a0be-51abebbf0176" />
    <UnitTestResult executionId="101b676c-b1c0-410b-abdf-a2148ec04913" testId="2192bd89-5bce-4d0f-f9e4-1fdffa4ec502" testName="Nalix.Framework.Tests.DataFrames.DataFramesPublicApiTests.InitializeControlPacketUpdatesPublicProperties" computerName="PHCNGUYEN" duration="00:00:00.0120517" startTime="2026-04-12T23:36:33.5529588+07:00" endTime="2026-04-12T23:36:33.5543135+07:00" testType="13cdc9d9-ddb5-4fa4-a97d-d965ccfc6d4b" outcome="Passed" testListId="8c84fa94-04c1-424b-9868-57a2d4851a1d" relativeResultsDirectory="101b676c-b1c0-410b-abdf-a2148ec04913" />
    <UnitTestResult executionId="85f79f53-8153-433e-9e17-b150880709c6" testId="380e62cf-696a-1474-8c78-40a76a136034" testName="Nalix.Framework.Tests.Tasks.TasksTests.CleanupJobIdBuildsStableIdentifier(prefix: &quot;svc&quot;, instanceKey: 15, expected: &quot;svc.cleanup.0000000F&quot;)" computerName="PHCNGUYEN" duration="00:00:00.0000128" startTime="2026-04-12T23:36:33.5121941+07:00" endTime="2026-04-12T23:36:33.5122599+07:00" testType="13cdc9d9-ddb5-4fa4-a97d-d965ccfc6d4b" outcome="Passed" testListId="8c84fa94-04c1-424b-9868-57a2d4851a1d" relativeResultsDirectory="85f79f53-8153-433e-9e17-b150880709c6" />
    <UnitTestResult executionId="3dcd8882-cb1f-4b83-9302-511a2acec4bb" testId="b8bca92c-9b1c-abc3-d359-6683f916390d" testName="Nalix.Framework.Tests.DataFrames.PacketRegistryTests.ControlSerializeThenDeserializePreservesPublicState" computerName="PHCNGUYEN" duration="00:00:00.0002121" startTime="2026-04-12T23:36:33.5623866+07:00" endTime="2026-04-12T23:36:33.5624820+07:00" testType="13cdc9d9-ddb5-4fa4-a97d-d965ccfc6d4b" outcome="Passed" testListId="8c84fa94-04c1-424b-9868-57a2d4851a1d" relativeResultsDirectory="3dcd8882-cb1f-4b83-9302-511a2acec4bb" />
    <UnitTestResult executionId="58db8646-f64f-4518-bc62-baf926212f27" testId="6db4a2ad-ce85-02af-d798-b5fd63d76fce" testName="Nalix.Framework.Tests.Cryptography.AeadEngineTests.Salsa20Poly1305EncryptProducesCiphertextAndTag" computerName="PHCNGUYEN" duration="00:00:00.0007766" startTime="2026-04-12T23:36:33.5437515+07:00" endTime="2026-04-12T23:36:33.5444489+07:00" testType="13cdc9d9-ddb5-4fa4-a97d-d965ccfc6d4b" outcome="Passed" testListId="8c84fa94-04c1-424b-9868-57a2d4851a1d" relativeResultsDirectory="58db8646-f64f-4518-bc62-baf926212f27" />
    <UnitTestResult executionId="683d3b2f-fe4a-4881-a03a-f521a4e186e6" testId="7a5b9f3b-fdf0-0a2b-2bca-a6fa353a7396" testName="Nalix.Framework.Tests.DataFrames.PacketRegistryTests.HandshakeSerializeThenDeserializePreservesPayload" computerName="PHCNGUYEN" duration="00:00:00.0034754" startTime="2026-04-12T23:36:33.5530811+07:00" endTime="2026-04-12T23:36:33.5539936+07:00" testType="13cdc9d9-ddb5-4fa4-a97d-d965ccfc6d4b" outcome="Passed" testListId="8c84fa94-04c1-424b-9868-57a2d4851a1d" relativeResultsDirectory="683d3b2f-fe4a-4881-a03a-f521a4e186e6" />
    <UnitTestResult executionId="b23cbead-e0c8-4890-8da8-66c6f2dade55" testId="3c2efc77-e9e2-84b7-9280-f8161577b316" testName="Nalix.Framework.Tests.Memory.MemoryTests.RentForSaea_SaeaIsNull_ThrowsArgumentNullException" computerName="PHCNGUYEN" duration="00:00:00.0002746" startTime="2026-04-12T23:36:33.5651039+07:00" endTime="2026-04-12T23:36:33.5651224+07:00" testType="13cdc9d9-ddb5-4fa4-a97d-d965ccfc6d4b" outcome="Passed" testListId="8c84fa94-04c1-424b-9868-57a2d4851a1d" relativeResultsDirectory="b23cbead-e0c8-4890-8da8-66c6f2dade55" />
    <UnitTestResult executionId="d6ca4723-a399-498e-a83b-4c6a0559a1ce" testId="f9ae5106-8941-e76e-76d0-68717f09432f" testName="Nalix.Framework.Tests.Time.ClockThreadSafetyTests.ConcurrentSynchronizationAndReadShouldBeThreadSafe" computerName="PHCNGUYEN" duration="00:00:01.5558511" startTime="2026-04-12T23:36:33.5617030+07:00" endTime="2026-04-12T23:36:35.0871863+07:00" testType="13cdc9d9-ddb5-4fa4-a97d-d965ccfc6d4b" outcome="Passed" testListId="8c84fa94-04c1-424b-9868-57a2d4851a1d" relativeResultsDirectory="d6ca4723-a399-498e-a83b-4c6a0559a1ce" />
    <UnitTestResult executionId="3620d73e-fc0d-49c8-abb9-9029a7e3714f" testId="5094fd24-8c26-ba38-e9f1-2737a6e87059" testName="Nalix.Framework.Tests.Memory.MemoryTests.ParseBufferAllocations_InvalidInput_ThrowsArgumentException(value: &quot;abc&quot;)" computerName="PHCNGUYEN" duration="00:00:00.0000155" startTime="2026-04-12T23:36:33.5603959+07:00" endTime="2026-04-12T23:36:33.5604253+07:00" testType="13cdc9d9-ddb5-4fa4-a97d-d965ccfc6d4b" outcome="Passed" testListId="8c84fa94-04c1-424b-9868-57a2d4851a1d" relativeResultsDirectory="3620d73e-fc0d-49c8-abb9-9029a7e3714f" />
    <UnitTestResult executionId="11d7ca71-0cfc-4e64-8ddf-ecfeb830ffcb" testId="221fdd2e-e66f-43a3-a6bd-9828d25016b0" testName="Nalix.Framework.Tests.Time.ClockOverflowTests.UnixSecondsNowUInt32ShouldThrowForFarFuture" computerName="PHCNGUYEN" duration="00:00:00.0000476" startTime="2026-04-12T23:36:36.7590740+07:00" endTime="2026-04-12T23:36:36.7591205+07:00" testType="13cdc9d9-ddb5-4fa4-a97d-d965ccfc6d4b" outcome="Passed" testListId="8c84fa94-04c1-424b-9868-57a2d4851a1d" relativeResultsDirectory="11d7ca71-0cfc-4e64-8ddf-ecfeb830ffcb" />
    <UnitTestResult executionId="836da7cc-8d6d-4063-8f58-fcfdcffbcc84" testId="aed6aba4-e048-cf60-8a1f-430d25a37c05" testName="Nalix.Framework.Tests.Memory.MemoryTests.SetMaxCapacity_ObjectPoolUsesBatchApis_ReturnsExpectedResults" computerName="PHCNGUYEN" duration="00:00:00.0004573" startTime="2026-04-12T23:36:33.5645440+07:00" endTime="2026-04-12T23:36:33.5645627+07:00" testType="13cdc9d9-ddb5-4fa4-a97d-d965ccfc6d4b" outcome="Passed" testListId="8c84fa94-04c1-424b-9868-57a2d4851a1d" relativeResultsDirectory="836da7cc-8d6d-4063-8f58-fcfdcffbcc84" />
    <UnitTestResult executionId="b15ae01c-8e15-420d-af44-275704479a13" testId="2fd5ba6b-b474-7ee9-aa59-a4781e857cdb" testName="Nalix.Framework.Tests.Memory.MemoryTests.GetUsageRatio_StateVaries_ReturnsExpectedMetrics(totalBuffers: 100, freeBuffers: 60, misses: 0, expectedCanShrink: True, expectedNeedsExpansion: False, expectedUsageRatio: 0.40000000000000002, expectedMissRate: 0)" computerName="PHCNGUYEN" duration="00:00:00.0009279" startTime="2026-04-12T23:36:33.5456956+07:00" endTime="2026-04-12T23:36:33.5462713+07:00" testType="13cdc9d9-ddb5-4fa4-a97d-d965ccfc6d4b" outcome="Passed" testListId="8c84fa94-04c1-424b-9868-57a2d4851a1d" relativeResultsDirectory="b15ae01c-8e15-420d-af44-275704479a13" />
    <UnitTestResult executionId="68ba89bc-d36e-44cd-9467-6f6099d29f9d" testId="bdeb91c0-e14b-3c63-d3b7-58f7cf7a8427" testName="Nalix.Framework.Tests.Tasks.TaskManagerTests.CancelWorkerWhenWorkerDoesNotExistReturnsFalse" computerName="PHCNGUYEN" duration="00:00:00.0002853" startTime="2026-04-12T23:36:34.1610300+07:00" endTime="2026-04-12T23:36:34.1612706+07:00" testType="13cdc9d9-ddb5-4fa4-a97d-d965ccfc6d4b" outcome="Passed" testListId="8c84fa94-04c1-424b-9868-57a2d4851a1d" relativeResultsDirectory="68ba89bc-d36e-44cd-9467-6f6099d29f9d" />
    <UnitTestResult executionId="d1a54ff6-0e9d-4c22-ad10-b9362a935ab7" testId="904bdb53-1e08-edf3-c654-8f45b66572da" testName="Nalix.Framework.Tests.DataFrames.DataFramesPublicApiTests.IsFragmentedFrameWhenPayloadVariesReturnsExpectedResult(useValidPayload: False)" computerName="PHCNGUYEN" duration="00:00:00.0053397" startTime="2026-04-12T23:36:33.5521554+07:00" endTime="2026-04-12T23:36:33.5523877+07:00" testType="13cdc9d9-ddb5-4fa4-a97d-d965ccfc6d4b" outcome="Passed" testListId="8c84fa94-04c1-424b-9868-57a2d4851a1d" relativeResultsDirectory="d1a54ff6-0e9d-4c22-ad10-b9362a935ab7" />
    <UnitTestResult executionId="cd166c1d-e12c-40b3-be28-c779c6cb383a" testId="1d19b965-224f-4c2a-f1b4-9d2b722d0ba8" testName="Nalix.Framework.Tests.Tasks.TaskManagerTests.DisposeWhenCalledClearsTrackedStateAndPreventsFurtherScheduling" computerName="PHCNGUYEN" duration="00:00:00.0007416" startTime="2026-04-12T23:36:34.1996154+07:00" endTime="2026-04-12T23:36:34.2012685+07:00" testType="13cdc9d9-ddb5-4fa4-a97d-d965ccfc6d4b" outcome="Passed" testListId="8c84fa94-04c1-424b-9868-57a2d4851a1d" relativeResultsDirectory="cd166c1d-e12c-40b3-be28-c779c6cb383a" />
    <UnitTestResult executionId="caed186a-9a21-4edf-b9ea-7ee6589d31d6" testId="7533f9d3-ba11-236a-252e-4d9607a81041" testName="Nalix.Framework.Tests.Serialization.LiteSerializerObjectTests.SerializeDeserialize_Object_RoundTripsState" computerName="PHCNGUYEN" duration="00:00:00.0000994" startTime="2026-04-12T23:36:33.5612582+07:00" endTime="2026-04-12T23:36:33.5612840+07:00" testType="13cdc9d9-ddb5-4fa4-a97d-d965ccfc6d4b" outcome="Passed" testListId="8c84fa94-04c1-424b-9868-57a2d4851a1d" relativeResultsDirectory="caed186a-9a21-4edf-b9ea-7ee6589d31d6" />
    <UnitTestResult executionId="c8326067-cc67-4f84-b553-adea1c798107" testId="00d92dc9-ce55-5c1d-96dc-103e66ac9508" testName="Nalix.Framework.Tests.Logging.NLogixLoggingTests.IsEnabled_RespectsConfiguredMinimumLevel(levelToCheck: Warning, minimumLevel: Error, expected: False)" computerName="PHCNGUYEN" duration="00:00:00.0002687" startTime="2026-04-12T23:36:33.5426110+07:00" endTime="2026-04-12T23:36:33.5426361+07:00" testType="13cdc9d9-ddb5-4fa4-a97d-d965ccfc6d4b" outcome="Passed" testListId="8c84fa94-04c1-424b-9868-57a2d4851a1d" relativeResultsDirectory="c8326067-cc67-4f84-b553-adea1c798107" />
    <UnitTestResult executionId="5cecf30c-e5a6-411d-8742-430476a6dac8" testId="dec290f3-df5e-6f09-007c-c6875666c69b" testName="Nalix.Framework.Tests.Identity.IdentifierTests.TrySerializeToByteSpanTooSmallReturnsFalse" computerName="PHCNGUYEN" duration="00:00:00.0005260" startTime="2026-04-12T23:36:33.5398501+07:00" endTime="2026-04-12T23:36:33.5401780+07:00" testType="13cdc9d9-ddb5-4fa4-a97d-d965ccfc6d4b" outcome="Passed" testListId="8c84fa94-04c1-424b-9868-57a2d4851a1d" relativeResultsDirectory="5cecf30c-e5a6-411d-8742-430476a6dac8" />
    <UnitTestResult executionId="4084c04f-bdd9-493a-ba9f-abad1570a246" testId="3736a472-a33c-c5f4-b0f6-e666f9f3a63c" testName="Nalix.Framework.Tests.Serialization.LiteSerializerPrimitiveTests.SerializeDeserialize_Double_RoundTripsValue(input: -1.23)" computerName="PHCNGUYEN" duration="00:00:00.0002275" startTime="2026-04-12T23:36:33.5163048+07:00" endTime="2026-04-12T23:36:33.5163553+07:00" testType="13cdc9d9-ddb5-4fa4-a97d-d965ccfc6d4b" outcome="Passed" testListId="8c84fa94-04c1-424b-9868-57a2d4851a1d" relativeResultsDirectory="4084c04f-bdd9-493a-ba9f-abad1570a246" />
    <UnitTestResult executionId="4598b7a5-a365-4050-9c34-6cbb19982ae6" testId="7082f464-4fce-9462-2181-135701a5ad53" testName="Nalix.Framework.Tests.Cryptography.AeadEngineTests.ChaCha20Poly1305EncryptDecryptMultiBlockRoundTrips" computerName="PHCNGUYEN" duration="00:00:00.0004584" startTime="2026-04-12T23:36:33.5412013+07:00" endTime="2026-04-12T23:36:33.5412384+07:00" testType="13cdc9d9-ddb5-4fa4-a97d-d965ccfc6d4b" outcome="Passed" testListId="8c84fa94-04c1-424b-9868-57a2d4851a1d" relativeResultsDirectory="4598b7a5-a365-4050-9c34-6cbb19982ae6" />
    <UnitTestResult executionId="fd3b3f20-70d0-43e6-bdd6-64ebcf737a7c" testId="9d26163b-29cc-76b7-6c5b-83b132aee20f" testName="Nalix.Framework.Tests.DataFrames.DataFramesPublicApiTests.AddWhenHeaderIsInvalidThrowsInvalidDataException(streamId: 1, chunkIndex: 1, totalChunks: 1)" computerName="PHCNGUYEN" duration="00:00:00.0001836" startTime="2026-04-12T23:36:35.0266236+07:00" endTime="2026-04-12T23:36:35.0267834+07:00" testType="13cdc9d9-ddb5-4fa4-a97d-d965ccfc6d4b" outcome="Passed" testListId="8c84fa94-04c1-424b-9868-57a2d4851a1d" relativeResultsDirectory="fd3b3f20-70d0-43e6-bdd6-64ebcf737a7c" />
    <UnitTestResult executionId="dcdb1c52-f6d3-4b2f-9609-18d656a69552" testId="69896995-ee2b-3868-1d1c-2db5aeb0c588" testName="Nalix.Framework.Tests.Memory.MemoryTests.Validate_InvalidBufferConfig_ThrowsValidationException(expandThreshold: 0.20000000000000001, shrinkThreshold: 0.59999999999999998, allocations: &quot;256,1.0&quot;, totalBuffers: 32, autoTuneThreshold: 16, growthFactor: 2, minimumIncrease: 4, maxIncreaseLimit: 16)" computerName="PHCNGUYEN" duration="00:00:00.0000935" startTime="2026-04-12T23:36:33.5418923+07:00" endTime="2026-04-12T23:36:33.5419135+07:00" testType="13cdc9d9-ddb5-4fa4-a97d-d965ccfc6d4b" outcome="Passed" testListId="8c84fa94-04c1-424b-9868-57a2d4851a1d" relativeResultsDirectory="dcdb1c52-f6d3-4b2f-9609-18d656a69552" />
    <UnitTestResult executionId="3a69e7cd-2192-4ba2-b9c1-22a3eda5ee16" testId="ca64edbb-b896-b9ad-f2aa-fb1039207ba0" testName="Nalix.Framework.Tests.Serialization.LiteSerializerUnmanagedArrayTests.SerializeDeserialize_UnmanagedStructArray_RoundTripsPayload" computerName="PHCNGUYEN" duration="00:00:00.0120175" startTime="2026-04-12T23:36:33.5356537+07:00" endTime="2026-04-12T23:36:33.5398863+07:00" testType="13cdc9d9-ddb5-4fa4-a97d-d965ccfc6d4b" outcome="Passed" testListId="8c84fa94-04c1-424b-9868-57a2d4851a1d" relativeResultsDirectory="3a69e7cd-2192-4ba2-b9c1-22a3eda5ee16" />
    <UnitTestResult executionId="a330d1ca-4a2e-4d32-a89d-362dc208d412" testId="4aee6942-9f56-5c08-954b-d18b6aa3669e" testName="Nalix.Framework.Tests.Time.ClockTests.SynchronizeTimeAndResetSynchronization" computerName="PHCNGUYEN" duration="00:00:00.0005112" startTime="2026-04-12T23:36:36.6726403+07:00" endTime="2026-04-12T23:36:36.6731543+07:00" testType="13cdc9d9-ddb5-4fa4-a97d-d965ccfc6d4b" outcome="Passed" testListId="8c84fa94-04c1-424b-9868-57a2d4851a1d" relativeResultsDirectory="a330d1ca-4a2e-4d32-a89d-362dc208d412" />
    <UnitTestResult executionId="6b96ae6b-e0f7-4428-bb71-462bdca862dd" testId="066ff3fd-8694-b05f-1fc3-70e1a0547e06" testName="Nalix.Framework.Tests.Memory.MemoryTests.Validate_InvalidBufferConfig_ThrowsValidationException(expandThreshold: 0.20000000000000001, shrinkThreshold: 0.59999999999999998, allocations: &quot;256,0.60;256,0.20&quot;, totalBuffers: 32, autoTuneThreshold: 32, growthFactor: 2, minimumIncrease: 4, maxIncreaseLimit: 16)" computerName="PHCNGUYEN" duration="00:00:00.0278882" startTime="2026-04-12T23:36:33.5148836+07:00" endTime="2026-04-12T23:36:33.5379310+07:00" testType="13cdc9d9-ddb5-4fa4-a97d-d965ccfc6d4b" outcome="Passed" testListId="8c84fa94-04c1-424b-9868-57a2d4851a1d" relativeResultsDirectory="6b96ae6b-e0f7-4428-bb71-462bdca862dd" />
    <UnitTestResult executionId="38c7675a-b99d-40f5-8ddd-587e38d556eb" testId="24c5f19a-7a0a-5c01-2f52-658e79c9145d" testName="Nalix.Framework.Tests.Cryptography.AeadEngineTests.AeadEngineEnvelopeBufferTooSmallReturnsFalse(algorithm: Salsa20Poly1305)" computerName="PHCNGUYEN" duration="00:00:00.0010795" startTime="2026-04-12T23:36:33.5376453+07:00" endTime="2026-04-12T23:36:33.5376633+07:00" testType="13cdc9d9-ddb5-4fa4-a97d-d965ccfc6d4b" outcome="Passed" testListId="8c84fa94-04c1-424b-9868-57a2d4851a1d" relativeResultsDirectory="38c7675a-b99d-40f5-8ddd-587e38d556eb" />
    <UnitTestResult executionId="a3f717fa-8e70-473e-9246-8485e33e28a6" testId="0ac1132f-a71d-305f-04e7-36be311bf851" testName="Nalix.Framework.Tests.Configuration.ConfigurationManagerTests.GetWhenConfigurationFileContainsValuesReturnsInitializedConfiguration" computerName="PHCNGUYEN" duration="00:00:00.0046302" startTime="2026-04-12T23:36:33.5417968+07:00" endTime="2026-04-12T23:36:33.5439432+07:00" testType="13cdc9d9-ddb5-4fa4-a97d-d965ccfc6d4b" outcome="Passed" testListId="8c84fa94-04c1-424b-9868-57a2d4851a1d" relativeResultsDirectory="a3f717fa-8e70-473e-9246-8485e33e28a6" />
    <UnitTestResult executionId="bc026f9d-0932-47ba-a357-5e2edb614735" testId="618f25c7-840c-ab56-86bc-b584bfe6bf84" testName="Nalix.Framework.Tests.Tasks.TaskManagerTests.RunOnceAsyncWhenDelegateThrowsRethrowsOriginalException" computerName="PHCNGUYEN" duration="00:00:00.0019993" startTime="2026-04-12T23:36:35.2293665+07:00" endTime="2026-04-12T23:36:35.2312748+07:00" testType="13cdc9d9-ddb5-4fa4-a97d-d965ccfc6d4b" outcome="Passed" testListId="8c84fa94-04c1-424b-9868-57a2d4851a1d" relativeResultsDirectory="bc026f9d-0932-47ba-a357-5e2edb614735" />
    <UnitTestResult executionId="83ef4bb2-e556-431a-ace9-d19637648b03" testId="68342b51-e2a7-45f0-8ad5-380ec364573e" testName="Concurrent Register/GetOrCreateInstance should not return disposed instance or throw" computerName="PHCNGUYEN" duration="00:00:00.0127642" startTime="2026-04-12T23:36:33.5462533+07:00" endTime="2026-04-12T23:36:33.5521888+07:00" testType="13cdc9d9-ddb5-4fa4-a97d-d965ccfc6d4b" outcome="Passed" testListId="8c84fa94-04c1-424b-9868-57a2d4851a1d" relativeResultsDirectory="83ef4bb2-e556-431a-ace9-d19637648b03" />
    <UnitTestResult executionId="552c276a-64cb-415f-bf3e-a03549c05065" testId="f1c1f757-ca47-9f3c-215d-f02dc77ff599" testName="Nalix.Framework.Tests.DataFrames.DataFramesPublicApiTests.AddWhenEvictIntervalIsReachedAutomaticallySweepsExpiredStreams" computerName="PHCNGUYEN" duration="00:00:02.5128803" startTime="2026-04-12T23:36:36.7083938+07:00" endTime="2026-04-12T23:36:39.2213376+07:00" testType="13cdc9d9-ddb5-4fa4-a97d-d965ccfc6d4b" outcome="Passed" testListId="8c84fa94-04c1-424b-9868-57a2d4851a1d" relativeResultsDirectory="552c276a-64cb-415f-bf3e-a03549c05065" />
    <UnitTestResult executionId="eaa988c5-c296-4c77-9443-1fda225515c3" testId="3fb91855-d2ea-1882-5ac9-868e97cf63f1" testName="Nalix.Framework.Tests.Memory.MemoryTests.RentSegment_StateUnderTest_ReturnsAndClearsSocketBuffers" computerName="PHCNGUYEN" duration="00:00:00.0005437" startTime="2026-04-12T23:36:33.5650127+07:00" endTime="2026-04-12T23:36:33.5650397+07:00" testType="13cdc9d9-ddb5-4fa4-a97d-d965ccfc6d4b" outcome="Passed" testListId="8c84fa94-04c1-424b-9868-57a2d4851a1d" relativeResultsDirectory="eaa988c5-c296-4c77-9443-1fda225515c3" />
    <UnitTestResult executionId="30bbbda6-aa24-4719-889c-ff6fb7debbd3" testId="507478f7-56fe-12de-e23b-f1ff5d35d100" testName="Nalix.Framework.Tests.Cryptography.AeadEngineTests.Salsa20Poly1305DecryptWrongAadReturnsNegative" computerName="PHCNGUYEN" duration="00:00:00.0003740" startTime="2026-04-12T23:36:33.5313947+07:00" endTime="2026-04-12T23:36:33.5314200+07:00" testType="13cdc9d9-ddb5-4fa4-a97d-d965ccfc6d4b" outcome="Passed" testListId="8c84fa94-04c1-424b-9868-57a2d4851a1d" relativeResultsDirectory="30bbbda6-aa24-4719-889c-ff6fb7debbd3" />
    <UnitTestResult executionId="54998936-ab07-47fb-8847-0cb9438ce5d6" testId="94cd59d2-6684-13f9-d48e-d043d4f7b85c" testName="Nalix.Framework.Tests.Identity.IdentifierTests.SerializeReturnsNew7ByteArray" computerName="PHCNGUYEN" duration="00:00:00.0013892" startTime="2026-04-12T23:36:33.5485574+07:00" endTime="2026-04-12T23:36:33.5495269+07:00" testType="13cdc9d9-ddb5-4fa4-a97d-d965ccfc6d4b" outcome="Passed" testListId="8c84fa94-04c1-424b-9868-57a2d4851a1d" relativeResultsDirectory="54998936-ab07-47fb-8847-0cb9438ce5d6" />
    <UnitTestResult executionId="f3d53342-cc4e-409c-af24-d2dae2fbdb8a" testId="537eb458-2b32-8e48-e233-abaacccca60f" testName="Register same instance twice should not dispose the instance" computerName="PHCNGUYEN" duration="00:00:00.0284926" startTime="2026-04-12T23:36:33.4630832+07:00" endTime="2026-04-12T23:36:33.5302426+07:00" testType="13cdc9d9-ddb5-4fa4-a97d-d965ccfc6d4b" outcome="Passed" testListId="8c84fa94-04c1-424b-9868-57a2d4851a1d" relativeResultsDirectory="f3d53342-cc4e-409c-af24-d2dae2fbdb8a" />
    <UnitTestResult executionId="a56c4c50-283b-4378-b5fc-34c3a037d4f7" testId="23e799d7-9014-e3ac-8136-0d9fbf98b9f7" testName="Nalix.Framework.Tests.Time.ClockValidationTests.SynchronizeUnixMillisecondsRejectsTimestampBeforeYear2000" computerName="PHCNGUYEN" duration="00:00:00.0010072" startTime="2026-04-12T23:36:33.5512883+07:00" endTime="2026-04-12T23:36:33.5514743+07:00" testType="13cdc9d9-ddb5-4fa4-a97d-d965ccfc6d4b" outcome="Passed" testListId="8c84fa94-04c1-424b-9868-57a2d4851a1d" relativeResultsDirectory="a56c4c50-283b-4378-b5fc-34c3a037d4f7" />
    <UnitTestResult executionId="1bee1593-d28a-4dba-8b58-29038a79b0d3" testId="eb41cba9-fac4-8e28-c922-60db563acee6" testName="Nalix.Framework.Tests.Cryptography.AeadEngineTests.Salsa20Poly1305EncryptDecryptEmptyPlaintextRoundTrips" computerName="PHCNGUYEN" duration="00:00:00.0002619" startTime="2026-04-12T23:36:33.5232577+07:00" endTime="2026-04-12T23:36:33.5301190+07:00" testType="13cdc9d9-ddb5-4fa4-a97d-d965ccfc6d4b" outcome="Passed" testListId="8c84fa94-04c1-424b-9868-57a2d4851a1d" relativeResultsDirectory="1bee1593-d28a-4dba-8b58-29038a79b0d3" />
    <UnitTestResult executionId="6c59c452-6cb1-45ca-b61a-443859de8942" testId="cb8dcf05-c922-6b82-7623-aabe72e2c501" testName="Nalix.Framework.Tests.Serialization.LiteSerializerPrimitiveTests.SerializeDeserialize_Int32_RoundTripsValue(input: 123)" computerName="PHCNGUYEN" duration="00:00:00.0039067" startTime="2026-04-12T23:36:33.5174218+07:00" endTime="2026-04-12T23:36:33.5216796+07:00" testType="13cdc9d9-ddb5-4fa4-a97d-d965ccfc6d4b" outcome="Passed" testListId="8c84fa94-04c1-424b-9868-57a2d4851a1d" relativeResultsDirectory="6c59c452-6cb1-45ca-b61a-443859de8942" />
    <UnitTestResult executionId="d41447d0-5d51-4762-91e4-41e67e899f47" testId="7067ade5-3141-4068-f0db-4a9e03e33da8" testName="Nalix.Framework.Tests.Time.ClockOverflowTests.UnixSecondsNowInt64ShouldAlwaysWork" computerName="PHCNGUYEN" duration="00:00:00.0000396" startTime="2026-04-12T23:36:36.7593874+07:00" endTime="2026-04-12T23:36:36.7594306+07:00" testType="13cdc9d9-ddb5-4fa4-a97d-d965ccfc6d4b" outcome="Passed" testListId="8c84fa94-04c1-424b-9868-57a2d4851a1d" relativeResultsDirectory="d41447d0-5d51-4762-91e4-41e67e899f47" />
    <UnitTestResult executionId="d0d89628-0022-4c95-bb02-777249019bcb" testId="1106a374-c85b-35e0-0b15-4426b9d54b73" testName="Nalix.Framework.Tests.DataFrames.DataFramesPublicApiTests.EvictExpiredAndClearWhenStreamsExistRemovesTrackedStreams" computerName="PHCNGUYEN" duration="00:00:01.5099218" startTime="2026-04-12T23:36:33.5573123+07:00" endTime="2026-04-12T23:36:35.0243775+07:00" testType="13cdc9d9-ddb5-4fa4-a97d-d965ccfc6d4b" outcome="Passed" testListId="8c84fa94-04c1-424b-9868-57a2d4851a1d" relativeResultsDirectory="d0d89628-0022-4c95-bb02-777249019bcb" />
    <UnitTestResult executionId="fce32c63-f665-4115-aab8-2904b41151eb" testId="e613f3d6-fd3f-cf2e-028a-6ded0f3b3e4e" testName="Nalix.Framework.Tests.Time.ClockOverflowTests.UnixMicrosecondsNowShouldHandleCurrentTime" computerName="PHCNGUYEN" duration="00:00:00.0000319" startTime="2026-04-12T23:36:36.7596936+07:00" endTime="2026-04-12T23:36:36.7597288+07:00" testType="13cdc9d9-ddb5-4fa4-a97d-d965ccfc6d4b" outcome="Passed" testListId="8c84fa94-04c1-424b-9868-57a2d4851a1d" relativeResultsDirectory="fce32c63-f665-4115-aab8-2904b41151eb" />
    <UnitTestResult executionId="ef64bb59-0a89-4526-b68e-44b4c417996e" testId="0e76b421-2e44-d4c3-1b5d-dd95c17969d3" testName="Nalix.Framework.Tests.Tasks.TaskManagerTests.ScheduleWorkerWhenCompletionCallbackThrowsIncrementsWorkerErrorCount" computerName="PHCNGUYEN" duration="00:00:00.0348279" startTime="2026-04-12T23:36:33.9282062+07:00" endTime="2026-04-12T23:36:33.9632137+07:00" testType="13cdc9d9-ddb5-4fa4-a97d-d965ccfc6d4b" outcome="Passed" testListId="8c84fa94-04c1-424b-9868-57a2d4851a1d" relativeResultsDirectory="ef64bb59-0a89-4526-b68e-44b4c417996e" />
    <UnitTestResult executionId="da3a48f2-813f-43fe-8670-282b02433692" testId="a35fa824-6c90-6ffe-d263-5660e02a45df" testName="Nalix.Framework.Tests.DataFrames.PacketRegistryTests.ControlAfterResetForPoolMagicNumberPreserved" computerName="PHCNGUYEN" duration="00:00:00.0004980" startTime="2026-04-12T23:36:33.5540634+07:00" endTime="2026-04-12T23:36:33.5540970+07:00" testType="13cdc9d9-ddb5-4fa4-a97d-d965ccfc6d4b" outcome="Passed" testListId="8c84fa94-04c1-424b-9868-57a2d4851a1d" relativeResultsDirectory="da3a48f2-813f-43fe-8670-282b02433692" />
    <UnitTestResult executionId="c1b0b121-e770-40ae-a9ac-b90d8883b70c" testId="ff8221e0-a221-2b95-064c-6ca00ffdc599" testName="Nalix.Framework.Tests.Memory.MemoryTests.Rent_BufferPoolManagerConfigured_ReturnsSizedBuffer" computerName="PHCNGUYEN" duration="00:00:00.0019616" startTime="2026-04-12T23:36:33.5635869+07:00" endTime="2026-04-12T23:36:33.5636510+07:00" testType="13cdc9d9-ddb5-4fa4-a97d-d965ccfc6d4b" outcome="Passed" testListId="8c84fa94-04c1-424b-9868-57a2d4851a1d" relativeResultsDirectory="c1b0b121-e770-40ae-a9ac-b90d8883b70c" />
    <UnitTestResult executionId="c383eba8-a9be-4830-85ec-af3f4f1f5ed4" testId="394aea96-fb8e-cd49-a2ac-4bb0aa0373fb" testName="Nalix.Framework.Tests.Cryptography.AeadEngineTests.AeadEngineEnvelopeWrongAadDecryptReturnsFalse" computerName="PHCNGUYEN" duration="00:00:00.0012358" startTime="2026-04-12T23:36:33.5363946+07:00" endTime="2026-04-12T23:36:33.5364205+07:00" testType="13cdc9d9-ddb5-4fa4-a97d-d965ccfc6d4b" outcome="Passed" testListId="8c84fa94-04c1-424b-9868-57a2d4851a1d" relativeResultsDirectory="c383eba8-a9be-4830-85ec-af3f4f1f5ed4" />
    <UnitTestResult executionId="39b2b322-5359-4849-8133-40f98a87d36b" testId="ec8941a3-a1cb-60d8-a12e-19f97ff133c0" testName="Nalix.Framework.Tests.Serialization.LiteSerializerUnmanagedTests.SerializeDeserialize_UnmanagedStruct_RoundTripsValue" computerName="PHCNGUYEN" duration="00:00:00.0055912" startTime="2026-04-12T23:36:33.5532590+07:00" endTime="2026-04-12T23:36:33.5564264+07:00" testType="13cdc9d9-ddb5-4fa4-a97d-d965ccfc6d4b" outcome="Passed" testListId="8c84fa94-04c1-424b-9868-57a2d4851a1d" relativeResultsDirectory="39b2b322-5359-4849-8133-40f98a87d36b" />
    <UnitTestResult executionId="b6ffa62a-504c-42e2-9521-592bf9f5b872" testId="9f527ab2-bdac-4139-0a6c-96afbc5ce205" testName="HasInstance and GetExistingInstance behave as expected" computerName="PHCNGUYEN" duration="00:00:00.0022129" startTime="2026-04-12T23:36:33.5431143+07:00" endTime="2026-04-12T23:36:33.5439017+07:00" testType="13cdc9d9-ddb5-4fa4-a97d-d965ccfc6d4b" outcome="Passed" testListId="8c84fa94-04c1-424b-9868-57a2d4851a1d" relativeResultsDirectory="b6ffa62a-504c-42e2-9521-592bf9f5b872" />
    <UnitTestResult executionId="97c67b99-2fb3-4fac-8a65-6127325a1cff" testId="d92a4451-3c53-cbf3-2636-9179c9db6203" testName="Nalix.Framework.Tests.Serialization.LiteSerializerReferenceTypeTests.SerializeDeserialize_StringReference_RoundTripsValue(input: &quot;&quot;)" computerName="PHCNGUYEN" duration="00:00:00.0482783" startTime="2026-04-12T23:36:33.5112479+07:00" endTime="2026-04-12T23:36:33.5471696+07:00" testType="13cdc9d9-ddb5-4fa4-a97d-d965ccfc6d4b" outcome="Passed" testListId="8c84fa94-04c1-424b-9868-57a2d4851a1d" relativeResultsDirectory="97c67b99-2fb3-4fac-8a65-6127325a1cff" />
    <UnitTestResult executionId="b036d389-7d77-438c-ba46-ac7362c60f9d" testId="cee2287b-dcdf-d833-d85c-e0b5fccde1d2" testName="Nalix.Framework.Tests.Cryptography.AeadEngineTests.AeadEngineEnvelopeTamperedCiphertextDecryptReturnsFalse" computerName="PHCNGUYEN" duration="00:00:00.0003990" startTime="2026-04-12T23:36:33.5378126+07:00" endTime="2026-04-12T23:36:33.5378393+07:00" testType="13cdc9d9-ddb5-4fa4-a97d-d965ccfc6d4b" outcome="Passed" testListId="8c84fa94-04c1-424b-9868-57a2d4851a1d" relativeResultsDirectory="b036d389-7d77-438c-ba46-ac7362c60f9d" />
    <UnitTestResult executionId="0720d40a-aa86-4174-a262-fd7f69ce5576" testId="17c8d0f1-6f48-bc5c-f55d-4dffe36e98d6" testName="Nalix.Framework.Tests.Cryptography.AeadEngineTests.ChaCha20Poly1305EncryptDecryptShortPlaintextRoundTrips" computerName="PHCNGUYEN" duration="00:00:00.0005204" startTime="2026-04-12T23:36:33.5357227+07:00" endTime="2026-04-12T23:36:33.5357575+07:00" testType="13cdc9d9-ddb5-4fa4-a97d-d965ccfc6d4b" outcome="Passed" testListId="8c84fa94-04c1-424b-9868-57a2d4851a1d" relativeResultsDirectory="0720d40a-aa86-4174-a262-fd7f69ce5576" />
    <UnitTestResult executionId="85f23d9d-4622-49d8-940c-84f348713a4f" testId="ee00399e-2da4-8d5e-475c-500bb29a8e2f" testName="Nalix.Framework.Tests.Memory.MemoryTests.Prealloc_ListPoolStateChanges_TrimClearAndResetStatisticsWork" computerName="PHCNGUYEN" duration="00:00:00.0004602" startTime="2026-04-12T23:36:33.5632560+07:00" endTime="2026-04-12T23:36:33.5632756+07:00" testType="13cdc9d9-ddb5-4fa4-a97d-d965ccfc6d4b" outcome="Passed" testListId="8c84fa94-04c1-424b-9868-57a2d4851a1d" relativeResultsDirectory="85f23d9d-4622-49d8-940c-84f348713a4f" />
    <UnitTestResult executionId="901b259d-fb9a-45f6-b227-0562c1a09759" testId="94963171-d610-e270-2c9b-5b8627282b12" testName="Nalix.Framework.Tests.Cryptography.X25519Tests.GenerateKeyFromPrivateKey_WhenLengthIsInvalid_ThrowsArgumentOutOfRangeException" computerName="PHCNGUYEN" duration="00:00:00.0020055" startTime="2026-04-12T23:36:33.5105336+07:00" endTime="2026-04-12T23:36:33.5123723+07:00" testType="13cdc9d9-ddb5-4fa4-a97d-d965ccfc6d4b" outcome="Passed" testListId="8c84fa94-04c1-424b-9868-57a2d4851a1d" relativeResultsDirectory="901b259d-fb9a-45f6-b227-0562c1a09759" />
    <UnitTestResult executionId="4d02e34f-f88e-47a5-92a2-6e7ed145012d" testId="a72faa79-dba7-5f18-d073-99c02d92c656" testName="Nalix.Framework.Tests.Memory.MemoryTests.GetMultiple_ObjectPoolCountIsInvalid_ThrowsArgumentException" computerName="PHCNGUYEN" duration="00:00:00.0014735" startTime="2026-04-12T23:36:33.5104951+07:00" endTime="2026-04-12T23:36:33.5116768+07:00" testType="13cdc9d9-ddb5-4fa4-a97d-d965ccfc6d4b" outcome="Passed" testListId="8c84fa94-04c1-424b-9868-57a2d4851a1d" relativeResultsDirectory="4d02e34f-f88e-47a5-92a2-6e7ed145012d" />
    <UnitTestResult executionId="f6a0838b-00ac-4f64-b57f-59cffe1743b8" testId="379b7061-1053-f54b-9ef8-9d6ec4296bc9" testName="Nalix.Framework.Tests.Cryptography.AeadEngineTests.ChaCha20Poly1305EncryptDecryptEmptyPlaintextRoundTrips" computerName="PHCNGUYEN" duration="00:00:00.0003527" startTime="2026-04-12T23:36:33.5420729+07:00" endTime="2026-04-12T23:36:33.5421779+07:00" testType="13cdc9d9-ddb5-4fa4-a97d-d965ccfc6d4b" outcome="Passed" testListId="8c84fa94-04c1-424b-9868-57a2d4851a1d" relativeResultsDirectory="f6a0838b-00ac-4f64-b57f-59cffe1743b8" />
    <UnitTestResult executionId="8b96e499-7ce1-4808-bbb2-87727586ba61" testId="69e177e6-c895-9d69-6611-dc4f4f3a9a2b" testName="Nalix.Framework.Tests.Configuration.ConfigurationManagerTests.FlushWhenConfigurationHasNotBeenCreatedDoesNotThrow" computerName="PHCNGUYEN" duration="00:00:00.0012009" startTime="2026-04-12T23:36:33.5624580+07:00" endTime="2026-04-12T23:36:33.5626853+07:00" testType="13cdc9d9-ddb5-4fa4-a97d-d965ccfc6d4b" outcome="Passed" testListId="8c84fa94-04c1-424b-9868-57a2d4851a1d" relativeResultsDirectory="8b96e499-7ce1-4808-bbb2-87727586ba61" />
    <UnitTestResult executionId="b0117f4f-3f64-4e64-9476-c56208fee068" testId="ceeda0b5-37f4-9aa2-b83d-9590446feda4" testName="Nalix.Framework.Tests.DataFrames.PacketRegistryTests.ComputedMagicMatchesInstanceMagicAndSerializedHeader" computerName="PHCNGUYEN" duration="00:00:00.0002292" startTime="2026-04-12T23:36:33.5616267+07:00" endTime="2026-04-12T23:36:33.5617287+07:00" testType="13cdc9d9-ddb5-4fa4-a97d-d965ccfc6d4b" outcome="Passed" testListId="8c84fa94-04c1-424b-9868-57a2d4851a1d" relativeResultsDirectory="b0117f4f-3f64-4e64-9476-c56208fee068" />
    <UnitTestResult executionId="a10eb2d9-165a-4661-b171-89f6a5419666" testId="7bf58875-d8e3-687d-4b1e-022785c64fee" testName="Nalix.Framework.Tests.DataFrames.DataFramesPublicApiTests.DeserializeWhenHeaderMagicIsUnknownThrowsInvalidOperationException(bufferLength: 23)" computerName="PHCNGUYEN" duration="00:00:00.0059817" startTime="2026-04-12T23:36:33.5496579+07:00" endTime="2026-04-12T23:36:33.5520477+07:00" testType="13cdc9d9-ddb5-4fa4-a97d-d965ccfc6d4b" outcome="Passed" testListId="8c84fa94-04c1-424b-9868-57a2d4851a1d" relativeResultsDirectory="a10eb2d9-165a-4661-b171-89f6a5419666" />
    <UnitTestResult executionId="acc948c7-d113-4614-a9bd-b8a9a4243c09" testId="19c2186b-a5d6-f894-0d29-d09a6c1e9590" testName="Nalix.Framework.Tests.Configuration.ConfigurationManagerTests.SetConfigFilePathWhenPathIsNullOrWhitespaceThrowsArgumentException(path: &quot;&quot;)" computerName="PHCNGUYEN" duration="00:00:00.0020550" startTime="2026-04-12T23:36:33.5385853+07:00" endTime="2026-04-12T23:36:33.5404281+07:00" testType="13cdc9d9-ddb5-4fa4-a97d-d965ccfc6d4b" outcome="Passed" testListId="8c84fa94-04c1-424b-9868-57a2d4851a1d" relativeResultsDirectory="acc948c7-d113-4614-a9bd-b8a9a4243c09" />
    <UnitTestResult executionId="d3130041-8403-4d76-9d20-40c6c661366b" testId="caab2404-2ded-db8d-8226-3fd25677d46e" testName="Nalix.Framework.Tests.Tasks.TasksTests.SanitizeTokenReturnsExpectedValue(value: &quot;Xin-Chao.2026&quot;, expected: &quot;Xin-Chao.2026&quot;)" computerName="PHCNGUYEN" duration="00:00:00.0000030" startTime="2026-04-12T23:36:33.5158912+07:00" endTime="2026-04-12T23:36:33.5159686+07:00" testType="13cdc9d9-ddb5-4fa4-a97d-d965ccfc6d4b" outcome="Passed" testListId="8c84fa94-04c1-424b-9868-57a2d4851a1d" relativeResultsDirectory="d3130041-8403-4d76-9d20-40c6c661366b" />
    <UnitTestResult executionId="5a787582-e445-4772-bba3-f6865cb12e30" testId="44f7b508-b6e5-da99-5fab-2f3f44405417" testName="Nalix.Framework.Tests.Cryptography.AeadEngineTests.AeadEngineEnvelopeTamperedTagDecryptReturnsFalse" computerName="PHCNGUYEN" duration="00:00:00.0010104" startTime="2026-04-12T23:36:33.5409492+07:00" endTime="2026-04-12T23:36:33.5411403+07:00" testType="13cdc9d9-ddb5-4fa4-a97d-d965ccfc6d4b" outcome="Passed" testListId="8c84fa94-04c1-424b-9868-57a2d4851a1d" relativeResultsDirectory="5a787582-e445-4772-bba3-f6865cb12e30" />
    <UnitTestResult executionId="e9ba68b8-146e-4d4c-b73e-04ba2bc9c7f7" testId="9207268a-9af2-faf4-d2ef-fe1ad75d9a5c" testName="Nalix.Framework.Tests.Tasks.TaskManagerTests.ScheduleWorkerWhenWorkCompletesUpdatesHandleAndLookups" computerName="PHCNGUYEN" duration="00:00:00.0025425" startTime="2026-04-12T23:36:34.1506451+07:00" endTime="2026-04-12T23:36:34.1533312+07:00" testType="13cdc9d9-ddb5-4fa4-a97d-d965ccfc6d4b" outcome="Passed" testListId="8c84fa94-04c1-424b-9868-57a2d4851a1d" relativeResultsDirectory="e9ba68b8-146e-4d4c-b73e-04ba2bc9c7f7" />
    <UnitTestResult executionId="d069db9e-6433-4df3-812d-7024b938f096" testId="90e0c0ff-0d3b-6309-507c-109b6a6acf8f" testName="Nalix.Framework.Tests.Cryptography.AeadEngineTests.ChaCha20Poly1305DecryptTamperedTagReturnsNegative" computerName="PHCNGUYEN" duration="00:00:00.0004848" startTime="2026-04-12T23:36:33.5301882+07:00" endTime="2026-04-12T23:36:33.5311795+07:00" testType="13cdc9d9-ddb5-4fa4-a97d-d965ccfc6d4b" outcome="Passed" testListId="8c84fa94-04c1-424b-9868-57a2d4851a1d" relativeResultsDirectory="d069db9e-6433-4df3-812d-7024b938f096" />
    <UnitTestResult executionId="3ba78e33-ddfe-4836-b00b-52d11e37b6c5" testId="483e4785-054f-6df0-4a0a-f8b6afb4cba8" testName="Nalix.Framework.Tests.DataFrames.DataFramesPublicApiTests.CreateCatalogWhenIncludeMethodsAreUsedReturnsRegistryWithBuiltIns(recursive: False)" computerName="PHCNGUYEN" duration="00:00:00.0263412" startTime="2026-04-12T23:36:36.6825905+07:00" endTime="2026-04-12T23:36:36.7071478+07:00" testType="13cdc9d9-ddb5-4fa4-a97d-d965ccfc6d4b" outcome="Passed" testListId="8c84fa94-04c1-424b-9868-57a2d4851a1d" relativeResultsDirectory="3ba78e33-ddfe-4836-b00b-52d11e37b6c5" />
    <UnitTestResult executionId="a52e2a87-8e8b-4fa6-8e26-27a1bcbee61f" testId="9240ff46-b551-14d4-0109-c49ddd2e3787" testName="Nalix.Framework.Tests.DataFrames.PacketRegistryTests.DifferentPacketTypesProduceDifferentMagicNumbers" computerName="PHCNGUYEN" duration="00:00:00.0001069" startTime="2026-04-12T23:36:33.5623141+07:00" endTime="2026-04-12T23:36:33.5623442+07:00" testType="13cdc9d9-ddb5-4fa4-a97d-d965ccfc6d4b" outcome="Passed" testListId="8c84fa94-04c1-424b-9868-57a2d4851a1d" relativeResultsDirectory="a52e2a87-8e8b-4fa6-8e26-27a1bcbee61f" />
    <UnitTestResult executionId="24dbc728-772e-4d25-b5dc-43e934b48451" testId="88d9ff14-686f-e9ad-2f25-26227669bf8e" testName="Nalix.Framework.Tests.Tasks.TaskManagerTests.RunOnceAsyncWhenNameIsNullThrowsArgumentNullException" computerName="PHCNGUYEN" duration="00:00:00.0008193" startTime="2026-04-12T23:36:34.1571051+07:00" endTime="2026-04-12T23:36:34.1579205+07:00" testType="13cdc9d9-ddb5-4fa4-a97d-d965ccfc6d4b" outcome="Passed" testListId="8c84fa94-04c1-424b-9868-57a2d4851a1d" relativeResultsDirectory="24dbc728-772e-4d25-b5dc-43e934b48451" />
    <UnitTestResult executionId="9fd79957-e451-4b13-98e1-5bf885b460e7" testId="b2a84a73-5968-4286-fb14-beadffa1e7d9" testName="Nalix.Framework.Tests.Serialization.LiteSerializerUnmanagedArrayTests.Deserialize_UnmanagedArray_BufferTooShortForLength_ThrowsSerializationFailureException" computerName="PHCNGUYEN" duration="00:00:00.0005676" startTime="2026-04-12T23:36:33.5348015+07:00" endTime="2026-04-12T23:36:33.5349220+07:00" testType="13cdc9d9-ddb5-4fa4-a97d-d965ccfc6d4b" outcome="Passed" testListId="8c84fa94-04c1-424b-9868-57a2d4851a1d" relativeResultsDirectory="9fd79957-e451-4b13-98e1-5bf885b460e7" />
    <UnitTestResult executionId="c37bc96d-65ec-4f0e-b5ea-fc5770c471a6" testId="5fa622e3-fa68-2c86-3536-9940621f9157" testName="Nalix.Framework.Tests.DataFrames.DataFramesPublicApiTests.SerializeThenDeserializePublicPacketPreservesPublicState(packetKind: Handshake)" computerName="PHCNGUYEN" duration="00:00:00.0001460" startTime="2026-04-12T23:36:36.7081903+07:00" endTime="2026-04-12T23:36:36.7082895+07:00" testType="13cdc9d9-ddb5-4fa4-a97d-d965ccfc6d4b" outcome="Passed" testListId="8c84fa94-04c1-424b-9868-57a2d4851a1d" relativeResultsDirectory="c37bc96d-65ec-4f0e-b5ea-fc5770c471a6" />
    <UnitTestResult executionId="303063c2-34e3-440a-a882-9054f8a0e3bf" testId="ca7d372c-3811-1188-b9f8-48e995b82ea2" testName="Nalix.Framework.Tests.DataFrames.PacketRegistryTests.DeserializeWhenBufferIsEmptyThrowsArgumentException" computerName="PHCNGUYEN" duration="00:00:00.0003009" startTime="2026-04-12T23:36:33.5615528+07:00" endTime="2026-04-12T23:36:33.5615832+07:00" testType="13cdc9d9-ddb5-4fa4-a97d-d965ccfc6d4b" outcome="Passed" testListId="8c84fa94-04c1-424b-9868-57a2d4851a1d" relativeResultsDirectory="303063c2-34e3-440a-a882-9054f8a0e3bf" />
    <UnitTestResult executionId="81aa08b7-2ad9-432c-b4d4-1c4f373d7ac9" testId="d4dd575a-4c8a-36a7-6eef-565d45f5bdb5" testName="Nalix.Framework.Tests.Time.ClockThreadSafetyTests.DriftRateShouldBeThreadSafe" computerName="PHCNGUYEN" duration="00:00:00.0028836" startTime="2026-04-12T23:36:36.6672983+07:00" endTime="2026-04-12T23:36:36.6688436+07:00" testType="13cdc9d9-ddb5-4fa4-a97d-d965ccfc6d4b" outcome="Passed" testListId="8c84fa94-04c1-424b-9868-57a2d4851a1d" relativeResultsDirectory="81aa08b7-2ad9-432c-b4d4-1c4f373d7ac9" />
    <UnitTestResult executionId="312cf11a-247e-4795-a422-b67a1eab88b0" testId="42c035b1-8c8e-ae98-9fdc-50b61e567e78" testName="Nalix.Framework.Tests.Tasks.TaskManagerTests.ScheduleRecurringWhenArgumentsAreInvalidThrowsExpectedException" computerName="PHCNGUYEN" duration="00:00:00.0004623" startTime="2026-04-12T23:36:33.5753380+07:00" endTime="2026-04-12T23:36:33.5756415+07:00" testType="13cdc9d9-ddb5-4fa4-a97d-d965ccfc6d4b" outcome="Passed" testListId="8c84fa94-04c1-424b-9868-57a2d4851a1d" relativeResultsDirectory="312cf11a-247e-4795-a422-b67a1eab88b0" />
    <UnitTestResult executionId="3d7dcc40-d46f-4890-a048-b75a08ec4cf9" testId="07a636fe-57a1-16c9-009c-2d4e2c0e8ee9" testName="Nalix.Framework.Tests.Logging.NLogixLoggingTests.IsEnabled_RespectsConfiguredMinimumLevel(levelToCheck: Information, minimumLevel: Warning, expected: False)" computerName="PHCNGUYEN" duration="00:00:00.0423235" startTime="2026-04-12T23:36:33.4650157+07:00" endTime="2026-04-12T23:36:33.5386100+07:00" testType="13cdc9d9-ddb5-4fa4-a97d-d965ccfc6d4b" outcome="Passed" testListId="8c84fa94-04c1-424b-9868-57a2d4851a1d" relativeResultsDirectory="3d7dcc40-d46f-4890-a048-b75a08ec4cf9" />
    <UnitTestResult executionId="50371820-22a8-490c-8022-cb80ba43ade3" testId="393ec2c7-664d-e51c-743d-a6b7577ff93d" testName="Nalix.Framework.Tests.Serialization.LiteSerializerUnmanagedTests.SerializeDeserialize_NullClass_RoundTripsValue" computerName="PHCNGUYEN" duration="00:00:00.0600318" startTime="2026-04-12T23:36:33.5300804+07:00" endTime="2026-04-12T23:36:33.5531850+07:00" testType="13cdc9d9-ddb5-4fa4-a97d-d965ccfc6d4b" outcome="Passed" testListId="8c84fa94-04c1-424b-9868-57a2d4851a1d" relativeResultsDirectory="50371820-22a8-490c-8022-cb80ba43ade3" />
    <UnitTestResult executionId="1fb173a2-0669-443e-a1d3-9fdf4ee6f886" testId="ab9ed446-5438-9aff-abc4-18412e0cbaaa" testName="Nalix.Framework.Tests.Memory.MemoryTests.PerformHealthCheck_StateUnderTest_ReportsUnhealthyPoolsAndStopsScheduledWork" computerName="PHCNGUYEN" duration="00:00:00.0217239" startTime="2026-04-12T23:36:33.5653478+07:00" endTime="2026-04-12T23:36:33.5754287+07:00" testType="13cdc9d9-ddb5-4fa4-a97d-d965ccfc6d4b" outcome="Passed" testListId="8c84fa94-04c1-424b-9868-57a2d4851a1d" relativeResultsDirectory="1fb173a2-0669-443e-a1d3-9fdf4ee6f886" />
    <UnitTestResult executionId="b5466aec-8e0f-42b5-8ffd-f5fed5a85299" testId="258535b7-8da2-4eb4-2154-69ecd9ce0a6c" testName="Nalix.Framework.Tests.DataFrames.PacketRegistryTests.DeserializeWhenMagicNumberIsUnknownThrowsInvalidOperationException" computerName="PHCNGUYEN" duration="00:00:00.0002706" startTime="2026-04-12T23:36:33.5622296+07:00" endTime="2026-04-12T23:36:33.5622683+07:00" testType="13cdc9d9-ddb5-4fa4-a97d-d965ccfc6d4b" outcome="Passed" testListId="8c84fa94-04c1-424b-9868-57a2d4851a1d" relativeResultsDirectory="b5466aec-8e0f-42b5-8ffd-f5fed5a85299" />
    <UnitTestResult executionId="0e8364ec-7cc8-4afc-b0d5-164b602f063c" testId="341faec9-d7cb-9111-cc8c-923d93df4591" testName="Nalix.Framework.Tests.DataFrames.PacketBaseLengthTests.LengthWhenPacketContainsStringMatchesSerializedByteCount(text: &quot;xin chao 你好&quot;)" computerName="PHCNGUYEN" duration="00:00:00.0847490" startTime="2026-04-12T23:36:33.4631818+07:00" endTime="2026-04-12T23:36:33.5531290+07:00" testType="13cdc9d9-ddb5-4fa4-a97d-d965ccfc6d4b" outcome="Passed" testListId="8c84fa94-04c1-424b-9868-57a2d4851a1d" relativeResultsDirectory="0e8364ec-7cc8-4afc-b0d5-164b602f063c" />
    <UnitTestResult executionId="3ae2d417-e02c-4120-98ff-95c0bfa54b86" testId="f75d862e-7e7f-f5a2-2b88-a529ca943498" testName="Nalix.Framework.Tests.Logging.NLogixLoggingTests.IsEnabled_RespectsConfiguredMinimumLevel(levelToCheck: Trace, minimumLevel: Trace, expected: True)" computerName="PHCNGUYEN" duration="00:00:00.0021762" startTime="2026-04-12T23:36:33.5410369+07:00" endTime="2026-04-12T23:36:33.5422446+07:00" testType="13cdc9d9-ddb5-4fa4-a97d-d965ccfc6d4b" outcome="Passed" testListId="8c84fa94-04c1-424b-9868-57a2d4851a1d" relativeResultsDirectory="3ae2d417-e02c-4120-98ff-95c0bfa54b86" />
    <UnitTestResult executionId="4799752d-4e77-4df5-b28a-226a2981ec72" testId="147e6466-277c-27a0-0b48-1d72675bca45" testName="Nalix.Framework.Tests.DataFrames.DataFramesPublicApiTests.AddWhenChunkSequenceStartsCorrectlyAndCompletesAssemblesPayload" computerName="PHCNGUYEN" duration="00:00:00.0001862" startTime="2026-04-12T23:36:35.0281647+07:00" endTime="2026-04-12T23:36:35.0281982+07:00" testType="13cdc9d9-ddb5-4fa4-a97d-d965ccfc6d4b" outcome="Passed" testListId="8c84fa94-04c1-424b-9868-57a2d4851a1d" relativeResultsDirectory="4799752d-4e77-4df5-b28a-226a2981ec72" />
    <UnitTestResult executionId="c5d44927-27e6-489a-950c-9106167aa0b6" testId="ac9ec1c0-cd3d-a2a2-b60d-8a20a48e8253" testName="Nalix.Framework.Tests.Cryptography.AeadEngineTests.ChaCha20Poly1305WrongKeyLengthThrows" computerName="PHCNGUYEN" duration="00:00:00.0004289" startTime="2026-04-12T23:36:33.5374115+07:00" endTime="2026-04-12T23:36:33.5374375+07:00" testType="13cdc9d9-ddb5-4fa4-a97d-d965ccfc6d4b" outcome="Passed" testListId="8c84fa94-04c1-424b-9868-57a2d4851a1d" relativeResultsDirectory="c5d44927-27e6-489a-950c-9106167aa0b6" />
    <UnitTestResult executionId="bffba807-0168-4a40-ab71-4db3bc62a1ec" testId="afb64efe-481c-2aa3-d902-e5792f07a5fe" testName="Nalix.Framework.Tests.Serialization.LiteSerializerObjectTests.SerializeDeserialize_ValueStruct_RoundTripsState" computerName="PHCNGUYEN" duration="00:00:00.0023882" startTime="2026-04-12T23:36:33.5560439+07:00" endTime="2026-04-12T23:36:33.5570614+07:00" testType="13cdc9d9-ddb5-4fa4-a97d-d965ccfc6d4b" outcome="Passed" testListId="8c84fa94-04c1-424b-9868-57a2d4851a1d" relativeResultsDirectory="bffba807-0168-4a40-ab71-4db3bc62a1ec" />
    <UnitTestResult executionId="5cee1c8c-f4a3-485f-86a2-fd2e6e367ff2" testId="e4a7ef1e-0feb-2b8d-a016-03322a910f08" testName="Nalix.Framework.Tests.Memory.MemoryTests.DataWriter_StateUnderTest_InvalidInitialSizeThrows(size: 0)" computerName="PHCNGUYEN" duration="00:00:00.0001497" startTime="2026-04-12T23:36:33.5642046+07:00" endTime="2026-04-12T23:36:33.5642233+07:00" testType="13cdc9d9-ddb5-4fa4-a97d-d965ccfc6d4b" outcome="Passed" testListId="8c84fa94-04c1-424b-9868-57a2d4851a1d" relativeResultsDirectory="5cee1c8c-f4a3-485f-86a2-fd2e6e367ff2" />
    <UnitTestResult executionId="2d777d22-4443-4614-a695-3e59eab8c29f" testId="71b46f8f-6129-cb9c-6653-41185cde2e2c" testName="Nalix.Framework.Tests.Serialization.LiteSerializerReferenceTypeTests.SerializeDeserialize_StringReference_RoundTripsValue(input: &quot;xin chào tiếng Việt&quot;)" computerName="PHCNGUYEN" duration="00:00:00.0007315" startTime="2026-04-12T23:36:33.5475401+07:00" endTime="2026-04-12T23:36:33.5478347+07:00" testType="13cdc9d9-ddb5-4fa4-a97d-d965ccfc6d4b" outcome="Passed" testListId="8c84fa94-04c1-424b-9868-57a2d4851a1d" relativeResultsDirectory="2d777d22-4443-4614-a695-3e59eab8c29f" />
    <UnitTestResult executionId="a56df1aa-14ff-4b06-a994-c24863ea6d59" testId="1b243973-dff1-32a7-4a05-4e072bf22250" testName="Nalix.Framework.Tests.DataFrames.DataFramesPublicApiTests.AddWhenStreamHasTimedOutEvictsStreamAndReturnsNull" computerName="PHCNGUYEN" duration="00:00:01.5094696" startTime="2026-04-12T23:36:35.0283551+07:00" endTime="2026-04-12T23:36:36.5374998+07:00" testType="13cdc9d9-ddb5-4fa4-a97d-d965ccfc6d4b" outcome="Passed" testListId="8c84fa94-04c1-424b-9868-57a2d4851a1d" relativeResultsDirectory="a56df1aa-14ff-4b06-a994-c24863ea6d59" />
    <UnitTestResult executionId="3249daf4-b606-4dd6-bb9f-31b68f588a3f" testId="e49b1e89-fb4f-55c9-f7ab-2d390025658b" testName="Nalix.Framework.Tests.Configuration.ConfigurationManagerTests.ReloadAllWhenConfigurationFileChangesReloadsLoadedConfigurationsAndUpdatesTimestamp" computerName="PHCNGUYEN" duration="00:00:00.0448235" startTime="2026-04-12T23:36:33.5513983+07:00" endTime="2026-04-12T23:36:33.5624118+07:00" testType="13cdc9d9-ddb5-4fa4-a97d-d965ccfc6d4b" outcome="Passed" testListId="8c84fa94-04c1-424b-9868-57a2d4851a1d" relativeResultsDirectory="3249daf4-b606-4dd6-bb9f-31b68f588a3f" />
    <UnitTestResult executionId="e2402805-0282-47c3-ace1-8e0c059f9589" testId="531cfffc-cc77-fff6-1c66-ddab7cc0ed37" testName="Nalix.Framework.Tests.Tasks.TasksTests.SanitizeTokenReturnsExpectedValue(value: &quot;name:with:colon&quot;, expected: &quot;name_with_colon&quot;)" computerName="PHCNGUYEN" duration="00:00:00.0000058" startTime="2026-04-12T23:36:33.5156521+07:00" endTime="2026-04-12T23:36:33.5156989+07:00" testType="13cdc9d9-ddb5-4fa4-a97d-d965ccfc6d4b" outcome="Passed" testListId="8c84fa94-04c1-424b-9868-57a2d4851a1d" relativeResultsDirectory="e2402805-0282-47c3-ace1-8e0c059f9589" />
    <UnitTestResult executionId="396e96c4-f32c-4ddb-9e9f-b387717c626c" testId="db041aff-9909-edc8-f1ec-f9ec72fbb716" testName="Nalix.Framework.Tests.Memory.MemoryTests.ClearPool_ObjectPoolManagerMaintenanceApis_ReturnExpectedCounts" computerName="PHCNGUYEN" duration="00:00:00.0012033" startTime="2026-04-12T23:36:33.5651670+07:00" endTime="2026-04-12T23:36:33.5651853+07:00" testType="13cdc9d9-ddb5-4fa4-a97d-d965ccfc6d4b" outcome="Passed" testListId="8c84fa94-04c1-424b-9868-57a2d4851a1d" relativeResultsDirectory="396e96c4-f32c-4ddb-9e9f-b387717c626c" />
    <UnitTestResult executionId="4e37b2cb-5a7f-45ae-8e07-3ccc8badd716" testId="63b6b28f-12a8-4151-ceac-28b5cbf090ee" testName="Nalix.Framework.Tests.Cryptography.AeadEngineTests.Salsa20Poly1305EncryptDecrypt128BitKeyRoundTrips" computerName="PHCNGUYEN" duration="00:00:00.0002244" startTime="2026-04-12T23:36:33.5377524+07:00" endTime="2026-04-12T23:36:33.5377711+07:00" testType="13cdc9d9-ddb5-4fa4-a97d-d965ccfc6d4b" outcome="Passed" testListId="8c84fa94-04c1-424b-9868-57a2d4851a1d" relativeResultsDirectory="4e37b2cb-5a7f-45ae-8e07-3ccc8badd716" />
    <UnitTestResult executionId="c4fb3313-0743-4b5d-a019-56e0a496df04" testId="ec52681c-dda8-c75e-4131-a4d17e88fba0" testName="Nalix.Framework.Tests.Tasks.TaskManagerTests.RunOnceAsyncWhenNameIsWhitespaceThrowsArgumentException(name: &quot;&quot;)" computerName="PHCNGUYEN" duration="00:00:00.0002748" startTime="2026-04-12T23:36:33.5782579+07:00" endTime="2026-04-12T23:36:33.5785401+07:00" testType="13cdc9d9-ddb5-4fa4-a97d-d965ccfc6d4b" outcome="Passed" testListId="8c84fa94-04c1-424b-9868-57a2d4851a1d" relativeResultsDirectory="c4fb3313-0743-4b5d-a019-56e0a496df04" />
    <UnitTestResult executionId="5e135e1b-e4e4-43e1-8788-dc81287f36c7" testId="b39c3820-2d8a-7ead-04a5-3109fe36678e" testName="Nalix.Framework.Tests.Cryptography.Salsa20Poly1305Tests.EncryptThenDecryptWithSpanApiRoundTripsPayload(keySize: 16)" computerName="PHCNGUYEN" duration="00:00:00.0024146" startTime="2026-04-12T23:36:33.5479725+07:00" endTime="2026-04-12T23:36:33.5500940+07:00" testType="13cdc9d9-ddb5-4fa4-a97d-d965ccfc6d4b" outcome="Passed" testListId="8c84fa94-04c1-424b-9868-57a2d4851a1d" relativeResultsDirectory="5e135e1b-e4e4-43e1-8788-dc81287f36c7" />
    <UnitTestResult executionId="215479ae-f0da-4a5e-8caa-84e78ff798ae" testId="912ab4fa-63dd-fa81-9dea-6521e4641e2e" testName="Nalix.Framework.Tests.DataFrames.DataFramesPublicApiTests.ValidateWhenFragmentOptionsVaryMatchesExpectedValidity(maxPayloadSize: 0, maxChunkSize: 1400, shouldSucceed: False)" computerName="PHCNGUYEN" duration="00:00:00.0002613" startTime="2026-04-12T23:36:33.5572012+07:00" endTime="2026-04-12T23:36:33.5572198+07:00" testType="13cdc9d9-ddb5-4fa4-a97d-d965ccfc6d4b" outcome="Passed" testListId="8c84fa94-04c1-424b-9868-57a2d4851a1d" relativeResultsDirectory="215479ae-f0da-4a5e-8caa-84e78ff798ae" />
    <UnitTestResult executionId="5ba3abf4-8964-4180-8cdb-8b9433a57edf" testId="cf820bfd-abe2-df53-8981-69cc44120b12" testName="Nalix.Framework.Tests.DataFrames.PacketBaseLengthTests.LengthWhenPacketContainsStringMatchesSerializedByteCount(text: &quot;hello&quot;)" computerName="PHCNGUYEN" duration="00:00:00.0000111" startTime="2026-04-12T23:36:33.5538079+07:00" endTime="2026-04-12T23:36:33.5538322+07:00" testType="13cdc9d9-ddb5-4fa4-a97d-d965ccfc6d4b" outcome="Passed" testListId="8c84fa94-04c1-424b-9868-57a2d4851a1d" relativeResultsDirectory="5ba3abf4-8964-4180-8cdb-8b9433a57edf" />
    <UnitTestResult executionId="7dd252c2-d97a-42e1-b559-262fe3032759" testId="e45e2472-460e-fdc1-f20a-1eda9ed0f148" testName="Nalix.Framework.Tests.Cryptography.AeadEngineTests.AeadEngineEnvelopeEmptyPlaintextRoundTrips(algorithm: Chacha20Poly1305)" computerName="PHCNGUYEN" duration="00:00:00.0005517" startTime="2026-04-12T23:36:33.5403870+07:00" endTime="2026-04-12T23:36:33.5405234+07:00" testType="13cdc9d9-ddb5-4fa4-a97d-d965ccfc6d4b" outcome="Passed" testListId="8c84fa94-04c1-424b-9868-57a2d4851a1d" relativeResultsDirectory="7dd252c2-d97a-42e1-b559-262fe3032759" />
    <UnitTestResult executionId="eb565748-1de5-448e-8bed-746739832456" testId="f84a6d73-d55c-1253-118c-34a5c70b2a79" testName="Nalix.Framework.Tests.Time.ClockTests.UnixTicksNowShouldMatch" computerName="PHCNGUYEN" duration="00:00:00.0008642" startTime="2026-04-12T23:36:36.6739517+07:00" endTime="2026-04-12T23:36:36.6746760+07:00" testType="13cdc9d9-ddb5-4fa4-a97d-d965ccfc6d4b" outcome="Passed" testListId="8c84fa94-04c1-424b-9868-57a2d4851a1d" relativeResultsDirectory="eb565748-1de5-448e-8bed-746739832456" />
    <UnitTestResult executionId="628bcd6f-5a92-4da8-8dba-20c1a5a1a30a" testId="e30258ce-6cf1-2340-f6fd-4b99be07322f" testName="Nalix.Framework.Tests.Cryptography.AeadEngineTests.ChaCha20Poly1305EncryptDecryptOneBlockRoundTrips" computerName="PHCNGUYEN" duration="00:00:00.0002898" startTime="2026-04-12T23:36:33.5389700+07:00" endTime="2026-04-12T23:36:33.5390085+07:00" testType="13cdc9d9-ddb5-4fa4-a97d-d965ccfc6d4b" outcome="Passed" testListId="8c84fa94-04c1-424b-9868-57a2d4851a1d" relativeResultsDirectory="628bcd6f-5a92-4da8-8dba-20c1a5a1a30a" />
    <UnitTestResult executionId="97193496-096a-456c-b8b6-6090ea3ef0d4" testId="f359223b-ad46-f4b7-1379-6fce32ff3878" testName="Nalix.Framework.Tests.LZ4.LZ4CodecTests.EncodeDecodeWithSpanRoundTripsData" computerName="PHCNGUYEN" duration="00:00:00.0060603" startTime="2026-04-12T23:36:33.5111490+07:00" endTime="2026-04-12T23:36:33.5190758+07:00" testType="13cdc9d9-ddb5-4fa4-a97d-d965ccfc6d4b" outcome="Passed" testListId="8c84fa94-04c1-424b-9868-57a2d4851a1d" relativeResultsDirectory="97193496-096a-456c-b8b6-6090ea3ef0d4" />
    <UnitTestResult executionId="efac640e-503a-47ea-89a7-b7597c53ecde" testId="2d8cc268-41c6-b44a-be22-f7d41981e498" testName="Nalix.Framework.Tests.Memory.MemoryTests.TakeOwnership_SliceExceedsBufferBounds_ThrowsArgumentOutOfRangeException" computerName="PHCNGUYEN" duration="00:00:00.0001410" startTime="2026-04-12T23:36:33.5652281+07:00" endTime="2026-04-12T23:36:33.5652463+07:00" testType="13cdc9d9-ddb5-4fa4-a97d-d965ccfc6d4b" outcome="Passed" testListId="8c84fa94-04c1-424b-9868-57a2d4851a1d" relativeResultsDirectory="efac640e-503a-47ea-89a7-b7597c53ecde" />
    <UnitTestResult executionId="40334304-b922-4f6e-9c78-bed977b87b1c" testId="72073992-29ce-11cf-a08c-f561b9f57e0a" testName="Nalix.Framework.Tests.Cryptography.AeadEngineTests.AeadEngineEnvelopeTruncatedToHeaderOnlyDecryptReturnsFalse" computerName="PHCNGUYEN" duration="00:00:00.0013311" startTime="2026-04-12T23:36:33.5428846+07:00" endTime="2026-04-12T23:36:33.5431708+07:00" testType="13cdc9d9-ddb5-4fa4-a97d-d965ccfc6d4b" outcome="Passed" testListId="8c84fa94-04c1-424b-9868-57a2d4851a1d" relativeResultsDirectory="40334304-b922-4f6e-9c78-bed977b87b1c" />
    <UnitTestResult executionId="69604f81-7241-448f-bd20-463121dcd2ce" testId="dfdbd005-d38b-bfe7-e71b-d920a4e81f6a" testName="Nalix.Framework.Tests.Memory.MemoryTests.GetUsageRatio_StateVaries_ReturnsExpectedMetrics(totalBuffers: 100, freeBuffers: 80, misses: 10, expectedCanShrink: True, expectedNeedsExpansion: False, expectedUsageRatio: 0.20000000000000001, expectedMissRate: 0.10000000000000001)" computerName="PHCNGUYEN" duration="00:00:00.0000152" startTime="2026-04-12T23:36:33.5463181+07:00" endTime="2026-04-12T23:36:33.5463374+07:00" testType="13cdc9d9-ddb5-4fa4-a97d-d965ccfc6d4b" outcome="Passed" testListId="8c84fa94-04c1-424b-9868-57a2d4851a1d" relativeResultsDirectory="69604f81-7241-448f-bd20-463121dcd2ce" />
    <UnitTestResult executionId="b13796b7-9da9-441e-9789-93b826868224" testId="eed23603-0fa9-8dd0-9c69-b2878a9162c3" testName="Nalix.Framework.Tests.Tasks.TaskManagerTests.CancelWorkerWhenWorkerExistsReturnsTrue" computerName="PHCNGUYEN" duration="00:00:00.0023547" startTime="2026-04-12T23:36:33.5787057+07:00" endTime="2026-04-12T23:36:33.5810917+07:00" testType="13cdc9d9-ddb5-4fa4-a97d-d965ccfc6d4b" outcome="Passed" testListId="8c84fa94-04c1-424b-9868-57a2d4851a1d" relativeResultsDirectory="b13796b7-9da9-441e-9789-93b826868224" />
    <UnitTestResult executionId="353741de-7fe5-4dad-b066-b1f64526f86a" testId="8ae801be-5088-083a-8208-bea82923bea0" testName="Nalix.Framework.Tests.Identity.IdentifierTests.RandomNewIdByTypeAndMachineRoundTripsFromBytes" computerName="PHCNGUYEN" duration="00:00:00.0133632" startTime="2026-04-12T23:36:33.5354206+07:00" endTime="2026-04-12T23:36:33.5391108+07:00" testType="13cdc9d9-ddb5-4fa4-a97d-d965ccfc6d4b" outcome="Passed" testListId="8c84fa94-04c1-424b-9868-57a2d4851a1d" relativeResultsDirectory="353741de-7fe5-4dad-b066-b1f64526f86a" />
    <UnitTestResult executionId="350ea295-03a1-4461-9d16-6384550aa107" testId="11d24ae0-e95e-eff0-fa13-ab2cee289596" testName="Nalix.Framework.Tests.DataFrames.DataFramesPublicApiTests.AddWhenHeaderIsInvalidThrowsInvalidDataException(streamId: 0, chunkIndex: 0, totalChunks: 1)" computerName="PHCNGUYEN" duration="00:00:00.0000119" startTime="2026-04-12T23:36:35.0268412+07:00" endTime="2026-04-12T23:36:35.0268633+07:00" testType="13cdc9d9-ddb5-4fa4-a97d-d965ccfc6d4b" outcome="Passed" testListId="8c84fa94-04c1-424b-9868-57a2d4851a1d" relativeResultsDirectory="350ea295-03a1-4461-9d16-6384550aa107" />
    <UnitTestResult executionId="2062723f-477b-4767-a526-9f11222f866c" testId="3b04f6e2-ae60-235d-47d0-e0ae8db3044d" testName="Nalix.Framework.Tests.Cryptography.SymmetricEngineTests.ChaCha20GenerateKeyBlockMatchesRfc7539Vector" computerName="PHCNGUYEN" duration="00:00:00.0007952" startTime="2026-04-12T23:36:33.5484057+07:00" endTime="2026-04-12T23:36:33.5487460+07:00" testType="13cdc9d9-ddb5-4fa4-a97d-d965ccfc6d4b" outcome="Passed" testListId="8c84fa94-04c1-424b-9868-57a2d4851a1d" relativeResultsDirectory="2062723f-477b-4767-a526-9f11222f866c" />
    <UnitTestResult executionId="4fd7bb02-05cb-42f3-bfb7-2defe6563117" testId="8e38a7b0-6d32-d422-1838-3111642605f3" testName="Nalix.Framework.Tests.Cryptography.AeadEngineTests.AeadEngineEnvelopeEmptyEnvelopeDecryptReturnsFalse" computerName="PHCNGUYEN" duration="00:00:00.0012664" startTime="2026-04-12T23:36:33.5355840+07:00" endTime="2026-04-12T23:36:33.5356735+07:00" testType="13cdc9d9-ddb5-4fa4-a97d-d965ccfc6d4b" outcome="Passed" testListId="8c84fa94-04c1-424b-9868-57a2d4851a1d" relativeResultsDirectory="4fd7bb02-05cb-42f3-bfb7-2defe6563117" />
    <UnitTestResult executionId="e2a6c567-a26f-4b5d-a53d-5125b70359cd" testId="0f70fba1-1527-5293-ecf1-dd6c6765720f" testName="Nalix.Framework.Tests.Memory.MemoryTests.ParseBufferAllocations_InvalidInput_ThrowsArgumentException(value: &quot; &quot;)" computerName="PHCNGUYEN" duration="00:00:00.0000040" startTime="2026-04-12T23:36:33.5605150+07:00" endTime="2026-04-12T23:36:33.5605352+07:00" testType="13cdc9d9-ddb5-4fa4-a97d-d965ccfc6d4b" outcome="Passed" testListId="8c84fa94-04c1-424b-9868-57a2d4851a1d" relativeResultsDirectory="e2a6c567-a26f-4b5d-a53d-5125b70359cd" />
    <UnitTestResult executionId="7b3df386-13b3-4d9d-9c40-eff40d7b21a6" testId="a1aa5208-17e6-571f-f1e8-70ca5d65701e" testName="Nalix.Framework.Tests.Memory.MemoryTests.GenerateReport_StateUnderTest_ReturnsReportAndData" computerName="PHCNGUYEN" duration="00:00:00.0373413" startTime="2026-04-12T23:36:33.5464445+07:00" endTime="2026-04-12T23:36:33.5573335+07:00" testType="13cdc9d9-ddb5-4fa4-a97d-d965ccfc6d4b" outcome="Passed" testListId="8c84fa94-04c1-424b-9868-57a2d4851a1d" relativeResultsDirectory="7b3df386-13b3-4d9d-9c40-eff40d7b21a6" />
    <UnitTestResult executionId="3358f210-acd3-41b7-a354-a8f191bfaa6e" testId="9543ed7e-79fc-631f-e360-6ab5e8d16e39" testName="Nalix.Framework.Tests.Cryptography.SymmetricEngineTests.Salsa20OutputBufferTooSmallThrowsArgumentException" computerName="PHCNGUYEN" duration="00:00:00.0012848" startTime="2026-04-12T23:36:33.5502405+07:00" endTime="2026-04-12T23:36:33.5509556+07:00" testType="13cdc9d9-ddb5-4fa4-a97d-d965ccfc6d4b" outcome="Passed" testListId="8c84fa94-04c1-424b-9868-57a2d4851a1d" relativeResultsDirectory="3358f210-acd3-41b7-a354-a8f191bfaa6e" />
    <UnitTestResult executionId="7fde4174-3b42-4a3e-96f7-42aa021196db" testId="fc378e26-5561-1e84-d335-03d7cc656aeb" testName="Nalix.Framework.Tests.DataFrames.DataFramesPublicApiTests.IsFragmentedFrameWhenPayloadVariesReturnsExpectedResult(useValidPayload: True)" computerName="PHCNGUYEN" duration="00:00:00.0006043" startTime="2026-04-12T23:36:33.5528483+07:00" endTime="2026-04-12T23:36:33.5528744+07:00" testType="13cdc9d9-ddb5-4fa4-a97d-d965ccfc6d4b" outcome="Passed" testListId="8c84fa94-04c1-424b-9868-57a2d4851a1d" relativeResultsDirectory="7fde4174-3b42-4a3e-96f7-42aa021196db" />
    <UnitTestResult executionId="accaf7c9-74c4-42ee-b89b-cf05f3190382" testId="f5da2cba-b059-9125-e488-d45db0604da0" testName="Nalix.Framework.Tests.DataFrames.DataFramesPublicApiTests.InitializeDirectivePacketUpdatesPublicProperties" computerName="PHCNGUYEN" duration="00:00:00.0001591" startTime="2026-04-12T23:36:36.5402872+07:00" endTime="2026-04-12T23:36:36.5403655+07:00" testType="13cdc9d9-ddb5-4fa4-a97d-d965ccfc6d4b" outcome="Passed" testListId="8c84fa94-04c1-424b-9868-57a2d4851a1d" relativeResultsDirectory="accaf7c9-74c4-42ee-b89b-cf05f3190382" />
    <UnitTestResult executionId="fec566b6-f736-4d8e-9ea2-7cb7b6ce777d" testId="f4491fb8-6e86-3e8f-9d00-551081672a46" testName="Nalix.Framework.Tests.Tasks.TaskManagerTests.CleanupWorkersRemovesUnusedGroupGateAfterRetentionExpires" computerName="PHCNGUYEN" duration="00:00:01.0285428" startTime="2026-04-12T23:36:34.2013354+07:00" endTime="2026-04-12T23:36:35.2291822+07:00" testType="13cdc9d9-ddb5-4fa4-a97d-d965ccfc6d4b" outcome="Passed" testListId="8c84fa94-04c1-424b-9868-57a2d4851a1d" relativeResultsDirectory="fec566b6-f736-4d8e-9ea2-7cb7b6ce777d" />
    <UnitTestResult executionId="c414701a-fceb-49a1-96e2-810ee1a47765" testId="a4a5ff64-994d-0224-ffbb-b784b42b61b2" testName="Nalix.Framework.Tests.Cryptography.AeadEngineTests.ChaCha20Poly1305DifferentNoncesProduceDifferentCiphertext" computerName="PHCNGUYEN" duration="00:00:00.0007330" startTime="2026-04-12T23:36:33.5316560+07:00" endTime="2026-04-12T23:36:33.5320489+07:00" testType="13cdc9d9-ddb5-4fa4-a97d-d965ccfc6d4b" outcome="Passed" testListId="8c84fa94-04c1-424b-9868-57a2d4851a1d" relativeResultsDirectory="c414701a-fceb-49a1-96e2-810ee1a47765" />
    <UnitTestResult executionId="ed073980-1662-4387-9315-fc3b0da3bcc1" testId="698b797d-efdf-6b63-9cc6-edf12ef11556" testName="Nalix.Framework.Tests.Configuration.ConfigurationManagerTests.GetWhenConfigurationFileDoesNotExistReturnsDefaultValues" computerName="PHCNGUYEN" duration="00:00:00.0225629" startTime="2026-04-12T23:36:33.5219437+07:00" endTime="2026-04-12T23:36:33.5385149+07:00" testType="13cdc9d9-ddb5-4fa4-a97d-d965ccfc6d4b" outcome="Passed" testListId="8c84fa94-04c1-424b-9868-57a2d4851a1d" relativeResultsDirectory="ed073980-1662-4387-9315-fc3b0da3bcc1" />
    <UnitTestResult executionId="dcad8f57-3093-4e78-9f41-cdab95325416" testId="0045f643-e6bc-cea9-b10c-95737f734272" testName="Nalix.Framework.Tests.Tasks.TaskManagerTests.ScheduleWorkerAverageExecutionTimeTracksRuntimeInsteadOfEnqueueTime" computerName="PHCNGUYEN" duration="00:00:00.1323400" startTime="2026-04-12T23:36:33.5811791+07:00" endTime="2026-04-12T23:36:33.7137157+07:00" testType="13cdc9d9-ddb5-4fa4-a97d-d965ccfc6d4b" outcome="Passed" testListId="8c84fa94-04c1-424b-9868-57a2d4851a1d" relativeResultsDirectory="dcad8f57-3093-4e78-9f41-cdab95325416" />
    <UnitTestResult executionId="c8b8efe2-6483-4a03-b1ca-eff668795040" testId="44254b9e-491c-5fcb-10c3-210e0f28bc35" testName="Nalix.Framework.Tests.Memory.MemoryTests.FromRented_StateUnderTest_PreservesPayload(zeroOnDispose: False)" computerName="PHCNGUYEN" duration="00:00:00.0001494" startTime="2026-04-12T23:36:33.5643196+07:00" endTime="2026-04-12T23:36:33.5643375+07:00" testType="13cdc9d9-ddb5-4fa4-a97d-d965ccfc6d4b" outcome="Passed" testListId="8c84fa94-04c1-424b-9868-57a2d4851a1d" relativeResultsDirectory="c8b8efe2-6483-4a03-b1ca-eff668795040" />
    <UnitTestResult executionId="702ea90a-6c9e-4169-a820-81e6cb49533a" testId="dd890c31-0670-7964-5bb9-a49e58520263" testName="Nalix.Framework.Tests.Tasks.TasksTests.TagsExposeExpectedPublicConstants" computerName="PHCNGUYEN" duration="00:00:00.0061388" startTime="2026-04-12T23:36:33.4630089+07:00" endTime="2026-04-12T23:36:33.4695844+07:00" testType="13cdc9d9-ddb5-4fa4-a97d-d965ccfc6d4b" outcome="Passed" testListId="8c84fa94-04c1-424b-9868-57a2d4851a1d" relativeResultsDirectory="702ea90a-6c9e-4169-a820-81e6cb49533a" />
    <UnitTestResult executionId="5f718a8b-2ed7-4cc8-b6c1-f52fc3b08e23" testId="56e6d9cb-9e91-027f-9677-f0f8c4beb891" testName="Nalix.Framework.Tests.DataFrames.PacketBaseLengthTests.LengthWhenPacketContainsNestedPacketMatchesSerializedByteCount" computerName="PHCNGUYEN" duration="00:00:00.0021508" startTime="2026-04-12T23:36:33.5559122+07:00" endTime="2026-04-12T23:36:33.5569294+07:00" testType="13cdc9d9-ddb5-4fa4-a97d-d965ccfc6d4b" outcome="Passed" testListId="8c84fa94-04c1-424b-9868-57a2d4851a1d" relativeResultsDirectory="5f718a8b-2ed7-4cc8-b6c1-f52fc3b08e23" />
    <UnitTestResult executionId="a55b9229-0b6d-464f-932e-8da7ecaa758d" testId="c39f53a6-2dfb-1140-c465-670cdfb82369" testName="Nalix.Framework.Tests.Serialization.LiteSerializerReferenceTypeTests.SerializeDeserialize_StringReference_RoundTripsValue(input: &quot;\ud83d\ude00 unicode&quot;)" computerName="PHCNGUYEN" duration="00:00:00.0000060" startTime="2026-04-12T23:36:33.5479143+07:00" endTime="2026-04-12T23:36:33.5479451+07:00" testType="13cdc9d9-ddb5-4fa4-a97d-d965ccfc6d4b" outcome="Passed" testListId="8c84fa94-04c1-424b-9868-57a2d4851a1d" relativeResultsDirectory="a55b9229-0b6d-464f-932e-8da7ecaa758d" />
    <UnitTestResult executionId="e854ebd1-1561-4460-8e22-2102aff8ae6a" testId="9f6b4afb-06b4-b8f5-a8fd-36abc46e7ea9" testName="Nalix.Framework.Tests.Configuration.ConfigurationManagerTests.GetWhenCalledMultipleTimesReturnsSameCachedInstance" computerName="PHCNGUYEN" duration="00:00:00.0034579" startTime="2026-04-12T23:36:33.5494946+07:00" endTime="2026-04-12T23:36:33.5513267+07:00" testType="13cdc9d9-ddb5-4fa4-a97d-d965ccfc6d4b" outcome="Passed" testListId="8c84fa94-04c1-424b-9868-57a2d4851a1d" relativeResultsDirectory="e854ebd1-1561-4460-8e22-2102aff8ae6a" />
    <UnitTestResult executionId="62582069-24f3-40f0-b414-3c7c93e926bc" testId="20d90cf1-3887-4820-53c9-cc9cefab8190" testName="Nalix.Framework.Tests.DataFrames.DataFramesPublicApiTests.ResetForPoolWhenHandshakeContainsDataClearsPayload" computerName="PHCNGUYEN" duration="00:00:00.0006299" startTime="2026-04-12T23:36:39.2215639+07:00" endTime="2026-04-12T23:36:39.2220628+07:00" testType="13cdc9d9-ddb5-4fa4-a97d-d965ccfc6d4b" outcome="Passed" testListId="8c84fa94-04c1-424b-9868-57a2d4851a1d" relativeResultsDirectory="62582069-24f3-40f0-b414-3c7c93e926bc" />
    <UnitTestResult executionId="2ff2f5c4-ab38-452f-baca-298d25d4fcdc" testId="61ddb5e5-a3cb-2a4e-b593-348b6fa42136" testName="Nalix.Framework.Tests.DataFrames.PacketTransformTests.PacketCompression_Roundtrip_ShouldSucceed" computerName="PHCNGUYEN" duration="00:00:00.0214113" startTime="2026-04-12T23:36:33.4631490+07:00" endTime="2026-04-12T23:36:33.5201104+07:00" testType="13cdc9d9-ddb5-4fa4-a97d-d965ccfc6d4b" outcome="Passed" testListId="8c84fa94-04c1-424b-9868-57a2d4851a1d" relativeResultsDirectory="2ff2f5c4-ab38-452f-baca-298d25d4fcdc" />
    <UnitTestResult executionId="4d26df7c-e7a2-40a5-8666-4cf25b5b5f9f" testId="33777281-a30a-d4df-00ba-87aeed45273c" testName="Nalix.Framework.Tests.Cryptography.AeadEngineTests.AeadEngineEnvelopeTamperedSequenceHeaderDecryptReturnsFalse(algorithm: Chacha20Poly1305)" computerName="PHCNGUYEN" duration="00:00:00.0184503" startTime="2026-04-12T23:36:33.4649729+07:00" endTime="2026-04-12T23:36:33.5199576+07:00" testType="13cdc9d9-ddb5-4fa4-a97d-d965ccfc6d4b" outcome="Passed" testListId="8c84fa94-04c1-424b-9868-57a2d4851a1d" relativeResultsDirectory="4d26df7c-e7a2-40a5-8666-4cf25b5b5f9f" />
    <UnitTestResult executionId="1315ea3a-85c8-4acb-878e-67a4caade49c" testId="d2e0b51c-5dd6-688b-8200-00dbf8780ad1" testName="Nalix.Framework.Tests.Configuration.ConfigurationManagerTests.SetConfigFilePathWhenAutoReloadIsEnabledUpdatesExistingLoadedInstance" computerName="PHCNGUYEN" duration="00:00:00.0035326" startTime="2026-04-12T23:36:33.5627284+07:00" endTime="2026-04-12T23:36:33.5633437+07:00" testType="13cdc9d9-ddb5-4fa4-a97d-d965ccfc6d4b" outcome="Passed" testListId="8c84fa94-04c1-424b-9868-57a2d4851a1d" relativeResultsDirectory="1315ea3a-85c8-4acb-878e-67a4caade49c" />
    <UnitTestResult executionId="a5d9049d-b420-4cbf-9529-ddd10bf8432e" testId="b8529983-acd3-b38b-cdbf-15dc332d9a07" testName="Nalix.Framework.Tests.DataFrames.PacketBaseLengthTests.LengthWhenNestedPacketIsNullMatchesSerializedByteCount" computerName="PHCNGUYEN" duration="00:00:00.0034228" startTime="2026-04-12T23:36:33.5538965+07:00" endTime="2026-04-12T23:36:33.5552887+07:00" testType="13cdc9d9-ddb5-4fa4-a97d-d965ccfc6d4b" outcome="Passed" testListId="8c84fa94-04c1-424b-9868-57a2d4851a1d" relativeResultsDirectory="a5d9049d-b420-4cbf-9529-ddd10bf8432e" />
    <UnitTestResult executionId="3a779906-ccf4-4dd7-912e-73667407a7ff" testId="1325e994-dfa9-e3aa-3d66-e679f8c9dfb6" testName="Nalix.Framework.Tests.Memory.MemoryTests.GetUsageRatio_StateVaries_ReturnsExpectedMetrics(totalBuffers: 0, freeBuffers: 0, misses: 5, expectedCanShrink: False, expectedNeedsExpansion: False, expectedUsageRatio: 0, expectedMissRate: 0)" computerName="PHCNGUYEN" duration="00:00:00.0000080" startTime="2026-04-12T23:36:33.5463839+07:00" endTime="2026-04-12T23:36:33.5464016+07:00" testType="13cdc9d9-ddb5-4fa4-a97d-d965ccfc6d4b" outcome="Passed" testListId="8c84fa94-04c1-424b-9868-57a2d4851a1d" relativeResultsDirectory="3a779906-ccf4-4dd7-912e-73667407a7ff" />
    <UnitTestResult executionId="7c5180f8-27bd-46ee-b0ea-1370715f8f6b" testId="628e30da-f9e1-ea68-b7de-1e28920c4302" testName="Nalix.Framework.Tests.DataFrames.DataFramesPublicApiTests.AddWhenHeaderIsInvalidThrowsInvalidDataException(streamId: 1, chunkIndex: 0, totalChunks: 0)" computerName="PHCNGUYEN" duration="00:00:00.0001971" startTime="2026-04-12T23:36:35.0264283+07:00" endTime="2026-04-12T23:36:35.0265627+07:00" testType="13cdc9d9-ddb5-4fa4-a97d-d965ccfc6d4b" outcome="Passed" testListId="8c84fa94-04c1-424b-9868-57a2d4851a1d" relativeResultsDirectory="7c5180f8-27bd-46ee-b0ea-1370715f8f6b" />
    <UnitTestResult executionId="e5ca4ba5-f5c8-41ea-8d39-3bc6b7cccf41" testId="35c46e9a-7187-8c72-dc71-578583770e63" testName="Nalix.Framework.Tests.Tasks.TaskManagerTests.GetWorkersWhenFilteredByGroupAndRunningStateReturnsExpectedWorkers" computerName="PHCNGUYEN" duration="00:00:00.0030752" startTime="2026-04-12T23:36:34.1963348+07:00" endTime="2026-04-12T23:36:34.1995248+07:00" testType="13cdc9d9-ddb5-4fa4-a97d-d965ccfc6d4b" outcome="Passed" testListId="8c84fa94-04c1-424b-9868-57a2d4851a1d" relativeResultsDirectory="e5ca4ba5-f5c8-41ea-8d39-3bc6b7cccf41" />
    <UnitTestResult executionId="9e5f1354-fa2f-4f78-a8ae-5ad77a12b95c" testId="730b24e8-276d-3254-745d-32a2030bec7d" testName="Nalix.Framework.Tests.Cryptography.AeadEngineTests.AeadEngineEnvelopeMultiBlockRoundTrips(algorithm: Chacha20Poly1305)" computerName="PHCNGUYEN" duration="00:00:00.0005123" startTime="2026-04-12T23:36:33.5375796+07:00" endTime="2026-04-12T23:36:33.5375992+07:00" testType="13cdc9d9-ddb5-4fa4-a97d-d965ccfc6d4b" outcome="Passed" testListId="8c84fa94-04c1-424b-9868-57a2d4851a1d" relativeResultsDirectory="9e5f1354-fa2f-4f78-a8ae-5ad77a12b95c" />
    <UnitTestResult executionId="35f337d0-b94f-4200-b517-3be5b172224b" testId="673715d8-4b84-018c-3900-b1bfb438f165" testName="Nalix.Framework.Tests.Configuration.ConfigurationManagerTests.GetWithPathOverloadUsesProvidedConfigurationFile" computerName="PHCNGUYEN" duration="00:00:00.0042476" startTime="2026-04-12T23:36:33.5468680+07:00" endTime="2026-04-12T23:36:33.5493655+07:00" testType="13cdc9d9-ddb5-4fa4-a97d-d965ccfc6d4b" outcome="Passed" testListId="8c84fa94-04c1-424b-9868-57a2d4851a1d" relativeResultsDirectory="35f337d0-b94f-4200-b517-3be5b172224b" />
    <UnitTestResult executionId="adbf0e55-ad19-45d1-b834-ea0f3be772d0" testId="c959aca1-b660-eeff-a0c6-e74fc8805a2c" testName="Nalix.Framework.Tests.DataFrames.DataFramesPublicApiTests.GetMaxCiphertextSizeWhenSuiteIsValidReturnsExpectedEnvelopeCapacity(suite: Chacha20Poly1305, plaintextSize: 10)" computerName="PHCNGUYEN" duration="00:00:00.0001814" startTime="2026-04-12T23:36:33.5488378+07:00" endTime="2026-04-12T23:36:33.5488694+07:00" testType="13cdc9d9-ddb5-4fa4-a97d-d965ccfc6d4b" outcome="Passed" testListId="8c84fa94-04c1-424b-9868-57a2d4851a1d" relativeResultsDirectory="adbf0e55-ad19-45d1-b834-ea0f3be772d0" />
    <UnitTestResult executionId="50fd6ed5-117c-44f4-961a-bcf6b25fce84" testId="e25d86a8-919e-2c66-8cdb-72f09850e593" testName="Nalix.Framework.Tests.Tasks.TaskManagerTests.ScheduleWorkerWhenGroupConcurrencyLimitIsOneRunsWorkersSequentially" computerName="PHCNGUYEN" duration="00:00:00.1378759" startTime="2026-04-12T23:36:33.7138445+07:00" endTime="2026-04-12T23:36:33.8518350+07:00" testType="13cdc9d9-ddb5-4fa4-a97d-d965ccfc6d4b" outcome="Passed" testListId="8c84fa94-04c1-424b-9868-57a2d4851a1d" relativeResultsDirectory="50fd6ed5-117c-44f4-961a-bcf6b25fce84" />
    <UnitTestResult executionId="bc6367ba-55ef-42ae-80f5-b4d14b7b888e" testId="4c082315-dc0e-067b-e13d-a0bfb7b0614f" testName="Nalix.Framework.Tests.DataFrames.PacketRegistryTests.DeserializeWhenBufferIsTooShortThrowsArgumentException" computerName="PHCNGUYEN" duration="00:00:00.0006034" startTime="2026-04-12T23:36:33.5562660+07:00" endTime="2026-04-12T23:36:33.5563150+07:00" testType="13cdc9d9-ddb5-4fa4-a97d-d965ccfc6d4b" outcome="Passed" testListId="8c84fa94-04c1-424b-9868-57a2d4851a1d" relativeResultsDirectory="bc6367ba-55ef-42ae-80f5-b4d14b7b888e" />
    <UnitTestResult executionId="f603a3be-16c3-4fa1-9186-88fc14212d91" testId="f305ae76-c17e-8e89-e8d0-0545e6bb4ace" testName="Nalix.Framework.Tests.Identity.IdentifierTests.UnsafeSizeOfIs7ForExplicitLayout" computerName="PHCNGUYEN" duration="00:00:00.0009150" startTime="2026-04-12T23:36:33.5345757+07:00" endTime="2026-04-12T23:36:33.5349980+07:00" testType="13cdc9d9-ddb5-4fa4-a97d-d965ccfc6d4b" outcome="Passed" testListId="8c84fa94-04c1-424b-9868-57a2d4851a1d" relativeResultsDirectory="f603a3be-16c3-4fa1-9186-88fc14212d91" />
    <UnitTestResult executionId="81fb69b4-cf29-4e9c-921f-1f69630f4d74" testId="5b9b104c-e976-3c41-13d4-190837e3417f" testName="Nalix.Framework.Tests.Time.ClockOverflowTests.UnixMillisecondsNowShouldHandleCurrentTime" computerName="PHCNGUYEN" duration="00:00:00.0000388" startTime="2026-04-12T23:36:36.7595289+07:00" endTime="2026-04-12T23:36:36.7596001+07:00" testType="13cdc9d9-ddb5-4fa4-a97d-d965ccfc6d4b" outcome="Passed" testListId="8c84fa94-04c1-424b-9868-57a2d4851a1d" relativeResultsDirectory="81fb69b4-cf29-4e9c-921f-1f69630f4d74" />
[...]
    <TestEntry testId="e4bed33f-7361-c591-cbb7-9d727e8d614f" executionId="162ea635-33c8-4dfb-9fa6-e5c9dc5a0146" testListId="8c84fa94-04c1-424b-9868-57a2d4851a1d" />
    <TestEntry testId="f93bd730-eacd-f25c-9db4-d33dd52dc26f" executionId="17facc50-5dd3-4261-bef4-b425010933fa" testListId="8c84fa94-04c1-424b-9868-57a2d4851a1d" />
    <TestEntry testId="91113f4e-24c3-8d03-be85-3b06b98f9ecd" executionId="5edbae98-754b-4bbd-af66-34deea400e58" testListId="8c84fa94-04c1-424b-9868-57a2d4851a1d" />
    <TestEntry testId="17d10503-4eac-5110-7533-fcd25a8cbf96" executionId="7ba49df5-9a5a-4f36-8432-6da5d55336a4" testListId="8c84fa94-04c1-424b-9868-57a2d4851a1d" />
    <TestEntry testId="0c9d85df-f932-5602-12c1-2ed4e36c114a" executionId="402dd7f9-a1fa-4cff-8716-ab02afff33ef" testListId="8c84fa94-04c1-424b-9868-57a2d4851a1d" />
    <TestEntry testId="96b0fdf2-78cf-fe30-74a0-3fb4248a36f3" executionId="ec7e185c-3aa9-46e5-b8ff-21a9145b1d27" testListId="8c84fa94-04c1-424b-9868-57a2d4851a1d" />
    <TestEntry testId="cfec3873-3f41-810a-1409-7556e176ea75" executionId="ad13f5d6-ae57-41ab-9603-696e88bd944d" testListId="8c84fa94-04c1-424b-9868-57a2d4851a1d" />
    <TestEntry testId="1dbeb325-7f28-8cb8-3962-0c0fa63b51b2" executionId="cc3cd0ea-3734-46c0-8d8a-e45a3a8d5bde" testListId="8c84fa94-04c1-424b-9868-57a2d4851a1d" />
    <TestEntry testId="472f86e9-c35a-6efe-1426-e9ffc4a855cb" executionId="42f3408d-3c71-4e59-b6f2-efb37b137989" testListId="8c84fa94-04c1-424b-9868-57a2d4851a1d" />
    <TestEntry testId="6e838fb3-a886-ba19-5dea-57aaac04b0b9" executionId="3051ccc5-3c2f-4ebf-9a81-6e917f756577" testListId="8c84fa94-04c1-424b-9868-57a2d4851a1d" />
    <TestEntry testId="2ceedfc7-27b2-476d-a1ed-18680f6ae63c" executionId="8f8613c1-89f1-434d-8f23-d4e9ffd3d2c1" testListId="8c84fa94-04c1-424b-9868-57a2d4851a1d" />
    <TestEntry testId="4505774e-46db-59c7-1184-353137805783" executionId="69c64d32-89e7-468e-8bca-2059b6a303ea" testListId="8c84fa94-04c1-424b-9868-57a2d4851a1d" />
    <TestEntry testId="55895d1c-6c70-e0b3-d8f7-83e77db94527" executionId="f99e52b3-28a4-4c2b-8ffe-5063e28b5003" testListId="8c84fa94-04c1-424b-9868-57a2d4851a1d" />
    <TestEntry testId="1eff2f32-fae1-a6fe-2615-dcf4de3a3a1a" executionId="e5c516fe-5707-4ff8-b4f9-a3d265a1da05" testListId="8c84fa94-04c1-424b-9868-57a2d4851a1d" />
    <TestEntry testId="102f1fc9-771c-79fc-95db-7183fabe0fe4" executionId="880c70e6-888e-405a-b9ea-9e6d143cb13e" testListId="8c84fa94-04c1-424b-9868-57a2d4851a1d" />
    <TestEntry testId="418736d4-dc2e-84e2-68f6-dc0b029b3c1f" executionId="1399bac9-e151-42e2-a72c-791d8b4f37de" testListId="8c84fa94-04c1-424b-9868-57a2d4851a1d" />
    <TestEntry testId="f365a20a-e738-10c0-b361-2827a9d31062" executionId="a572bbd0-70f5-4236-9143-3beb1f609766" testListId="8c84fa94-04c1-424b-9868-57a2d4851a1d" />
    <TestEntry testId="d25558dc-7035-c2b2-d6a3-0c1ea2494f37" executionId="9b7268e0-5367-4dd6-bb53-f3c397dad104" testListId="8c84fa94-04c1-424b-9868-57a2d4851a1d" />
    <TestEntry testId="609bec79-237c-bc1c-7ac2-db4963551f91" executionId="9046c144-21d2-4ec0-bae9-5739671f955d" testListId="8c84fa94-04c1-424b-9868-57a2d4851a1d" />
    <TestEntry testId="abacafe0-e9ec-de65-5964-66984db7a4e7" executionId="5749fdbc-75e2-410f-ba68-016759b78126" testListId="8c84fa94-04c1-424b-9868-57a2d4851a1d" />
    <TestEntry testId="1693e699-d4a8-83a6-2449-8fb839f1381d" executionId="d873dcd9-f6ec-42e2-be06-6f7a8834a82f" testListId="8c84fa94-04c1-424b-9868-57a2d4851a1d" />
    <TestEntry testId="33aa0318-7053-0d81-d58b-1d63fec7298d" executionId="205682f4-9eb7-42bd-9a56-0fe721db0c68" testListId="8c84fa94-04c1-424b-9868-57a2d4851a1d" />
    <TestEntry testId="960041c4-1257-b112-6ae9-cb950e167da3" executionId="e5eca1fc-6b89-4e5b-91d8-7e68fab5796b" testListId="8c84fa94-04c1-424b-9868-57a2d4851a1d" />
    <TestEntry testId="f467686c-b9ea-e80f-da09-400593ce3693" executionId="38ee5dfc-66e8-4bb7-878e-dcec295f8bec" testListId="8c84fa94-04c1-424b-9868-57a2d4851a1d" />
    <TestEntry testId="bd39515a-d984-89fe-dd5f-dca1e52a74c1" executionId="7926fba3-018a-4b3c-b5e9-a55743618b0c" testListId="8c84fa94-04c1-424b-9868-57a2d4851a1d" />
    <TestEntry testId="66f2d8e8-4972-56ff-1e19-349edb7eaaa0" executionId="1869ce66-ef27-49a3-bb5a-f9db310ecd67" testListId="8c84fa94-04c1-424b-9868-57a2d4851a1d" />
    <TestEntry testId="cfc2ff5b-5c52-a44a-aeb3-c6e66e925036" executionId="50d770d5-269e-475f-8da8-e466d5a99ea5" testListId="8c84fa94-04c1-424b-9868-57a2d4851a1d" />
    <TestEntry testId="af9d4e44-a062-138e-8811-67c05bdc4e5c" executionId="0dc8babd-6456-490b-a400-42245e173f91" testListId="8c84fa94-04c1-424b-9868-57a2d4851a1d" />
    <TestEntry testId="d9963685-3e9e-7ec9-72c1-549841bf0e9c" executionId="a7a38381-e8f1-40c5-a4ab-808965370d62" testListId="8c84fa94-04c1-424b-9868-57a2d4851a1d" />
    <TestEntry testId="6d4f53dd-ae75-bd8d-3675-cb222af94afd" executionId="08f77e47-feae-447d-b802-b88e1ef5db06" testListId="8c84fa94-04c1-424b-9868-57a2d4851a1d" />
    <TestEntry testId="bf13cc9f-025b-416e-b993-8a2be1b6e5d8" executionId="8f70017f-228b-4efb-b338-10d1280943b9" testListId="8c84fa94-04c1-424b-9868-57a2d4851a1d" />
    <TestEntry testId="033a78c4-4df7-66a1-9650-710f2d6916b6" executionId="ff2c8f8b-e695-4b99-b7a7-1652a9c82e7e" testListId="8c84fa94-04c1-424b-9868-57a2d4851a1d" />
    <TestEntry testId="1ac66ad1-7a34-62ee-8545-b5971f5ce87f" executionId="cf80e539-649d-4b1c-b884-9e5f440e646a" testListId="8c84fa94-04c1-424b-9868-57a2d4851a1d" />
    <TestEntry testId="4af66912-5b9d-fa81-f8c8-b7a153a06cda" executionId="d76c7751-fd8f-45ab-9fc4-990c315170b3" testListId="8c84fa94-04c1-424b-9868-57a2d4851a1d" />
    <TestEntry testId="5a2eb70d-3395-6351-d20e-3530894e22de" executionId="e0aad467-0e6d-4b3d-b2e2-a46cb0fc6720" testListId="8c84fa94-04c1-424b-9868-57a2d4851a1d" />
    <TestEntry testId="f25f2895-e3d1-5852-def3-3ece153b21c6" executionId="bf4f19fc-4356-4673-856f-efa938ac1922" testListId="8c84fa94-04c1-424b-9868-57a2d4851a1d" />
    <TestEntry testId="48cd1ed3-6774-22c0-2955-71d4cf447c2a" executionId="66b2260c-0409-4934-8c79-e70cb714cc5a" testListId="8c84fa94-04c1-424b-9868-57a2d4851a1d" />
    <TestEntry testId="cd2aa294-cafa-b9d4-d20a-9a07d18003b7" executionId="476a5d6f-4e5d-4ff1-a883-b2b0e1e1ee81" testListId="8c84fa94-04c1-424b-9868-57a2d4851a1d" />
    <TestEntry testId="9cfb8776-51fa-a53d-9362-c35601d334b7" executionId="164c3c4d-b933-4eaf-afd5-d282ca2f2f43" testListId="8c84fa94-04c1-424b-9868-57a2d4851a1d" />
    <TestEntry testId="e7d4efa6-cef6-0126-f460-79f7154b893f" executionId="6c25dffc-1ef7-4bac-b2b2-802761e408bc" testListId="8c84fa94-04c1-424b-9868-57a2d4851a1d" />
    <TestEntry testId="166b4c92-7a7a-2995-ff30-d9aec6c3d85a" executionId="e93b3f7a-ec7c-4bf5-b011-44a554a1b73c" testListId="8c84fa94-04c1-424b-9868-57a2d4851a1d" />
    <TestEntry testId="30c5909e-4845-50bb-6f60-8b5ffaa46ee4" executionId="70fbd2b7-e05c-49c6-a9a1-0ac31deef64e" testListId="8c84fa94-04c1-424b-9868-57a2d4851a1d" />
    <TestEntry testId="8c3c3e89-1695-5a1c-c4ff-f2a4bc7a7156" executionId="1e110472-b792-49ce-805c-425ae9d425bc" testListId="8c84fa94-04c1-424b-9868-57a2d4851a1d" />
    <TestEntry testId="c304a82d-64ac-40ad-5128-7ee6f56a47b3" executionId="9474e8df-2e92-45fd-9233-9b241477e995" testListId="8c84fa94-04c1-424b-9868-57a2d4851a1d" />
    <TestEntry testId="c1f3b36b-39d0-32e7-d007-dec6157d0bb8" executionId="a8d66fd8-5c5a-4d87-955c-8b5eaccd1bd4" testListId="8c84fa94-04c1-424b-9868-57a2d4851a1d" />
    <TestEntry testId="705f1acc-afb1-7d8d-a0ba-0651ffb026fd" executionId="746300eb-3d91-49a4-a754-dd90dd19f138" testListId="8c84fa94-04c1-424b-9868-57a2d4851a1d" />
    <TestEntry testId="d1adfb89-4ee1-624f-c7cb-4e52edd139be" executionId="769082c0-69e2-45ec-860d-2c0c51b3a5e0" testListId="8c84fa94-04c1-424b-9868-57a2d4851a1d" />
    <TestEntry testId="910b3980-8d9d-53e6-2ea5-f46cc60765dc" executionId="e6d9330d-4cf9-4975-b530-05e711723d21" testListId="8c84fa94-04c1-424b-9868-57a2d4851a1d" />
    <TestEntry testId="5425f246-0793-d405-d8fc-20f5f2ef1acc" executionId="88b776ff-4618-4d40-a129-54e582352469" testListId="8c84fa94-04c1-424b-9868-57a2d4851a1d" />
    <TestEntry testId="e433a9c9-f3a3-afa3-1dcc-2a69c34e8691" executionId="e21629b8-842c-4634-ba04-308d51712bec" testListId="8c84fa94-04c1-424b-9868-57a2d4851a1d" />
    <TestEntry testId="75b773f6-5b2a-7905-acd1-b3e458194d11" executionId="dca65d30-46c6-4a8a-9975-925e5946d152" testListId="8c84fa94-04c1-424b-9868-57a2d4851a1d" />
    <TestEntry testId="8f6348fd-3743-b533-b80e-0e2a072772e9" executionId="bcc9314e-eb32-418b-a659-866172978314" testListId="8c84fa94-04c1-424b-9868-57a2d4851a1d" />
    <TestEntry testId="42866640-928c-da31-b577-0f8ee02bc9f8" executionId="9cb934c9-1406-4ab1-920d-c9fac7f22c50" testListId="8c84fa94-04c1-424b-9868-57a2d4851a1d" />
    <TestEntry testId="c740ada5-fd89-5db0-7357-bc13a814452e" executionId="65ffb9da-d2b6-4dab-9e4b-56719bb298de" testListId="8c84fa94-04c1-424b-9868-57a2d4851a1d" />
    <TestEntry testId="1bd19ac6-86c0-1beb-f2e8-cd251cce92fd" executionId="19d467ae-01b3-4d13-8083-f2f01970d934" testListId="8c84fa94-04c1-424b-9868-57a2d4851a1d" />
    <TestEntry testId="5d617825-8d72-0cfb-a18c-fcb7c6e2af76" executionId="4e3fe10b-bdfa-4ade-8a5c-f893647a1308" testListId="8c84fa94-04c1-424b-9868-57a2d4851a1d" />
    <TestEntry testId="d8daba83-c686-35a2-110f-6daff9199edc" executionId="83fc5b43-db0e-4deb-bc0a-07366237d3b2" testListId="8c84fa94-04c1-424b-9868-57a2d4851a1d" />
    <TestEntry testId="6ef6c7c5-63f8-0b62-5e1b-7a0af4180be8" executionId="b2296be5-1191-4e3c-94d7-a7840ff51835" testListId="8c84fa94-04c1-424b-9868-57a2d4851a1d" />
    <TestEntry testId="33c76c2b-d419-8afb-2fbb-0fff26479db3" executionId="272ecf7f-8557-4797-b442-0b2d4308ad8c" testListId="8c84fa94-04c1-424b-9868-57a2d4851a1d" />
    <TestEntry testId="90760c01-c0e6-5cde-af4c-278de4ee4599" executionId="fe41d739-ab23-4736-899e-6261a99ac12e" testListId="8c84fa94-04c1-424b-9868-57a2d4851a1d" />
    <TestEntry testId="8e905c91-79f8-9452-b679-b2cad51e2e8e" executionId="3b685700-730f-4e8a-8b38-a95fc8e3474a" testListId="8c84fa94-04c1-424b-9868-57a2d4851a1d" />
    <TestEntry testId="ac979a83-08df-5ed3-6277-5596afee484f" executionId="9eb716ed-7981-4ae7-ae42-b7800f3b8067" testListId="8c84fa94-04c1-424b-9868-57a2d4851a1d" />
    <TestEntry testId="dad9f0b1-f4ac-f815-d243-5b30f66f51c2" executionId="39ed3d31-eb14-4374-8f71-58fc1269f9f1" testListId="8c84fa94-04c1-424b-9868-57a2d4851a1d" />
    <TestEntry testId="214ed1b8-a1ef-d2f8-aa09-dbc9f90c712c" executionId="7371ec18-c6ab-46e8-9cb5-b9b0840426e2" testListId="8c84fa94-04c1-424b-9868-57a2d4851a1d" />
    <TestEntry testId="efa20404-452b-e37c-bc9b-f47ae15bdced" executionId="27c9e8bc-2a9c-4046-af07-35ef7a639ae4" testListId="8c84fa94-04c1-424b-9868-57a2d4851a1d" />
    <TestEntry testId="b153fccc-ef1f-195a-6bc5-1e37eba17ee9" executionId="f2b3f3c9-6c01-4842-9fce-3ae873d07e2d" testListId="8c84fa94-04c1-424b-9868-57a2d4851a1d" />
    <TestEntry testId="757fa4d0-2438-5c4c-41fa-15add2ea31b9" executionId="70949b66-702d-49c2-8f54-1999d90caaca" testListId="8c84fa94-04c1-424b-9868-57a2d4851a1d" />
    <TestEntry testId="db818bf0-c5bc-697e-db0f-77184e727169" executionId="9d9a7f6f-a94c-42df-ac6d-36e3c94c460d" testListId="8c84fa94-04c1-424b-9868-57a2d4851a1d" />
    <TestEntry testId="0510fcd1-4dba-3530-370f-934a7b5206ae" executionId="6fead82e-2372-4318-ae52-1cca5cfc45a7" testListId="8c84fa94-04c1-424b-9868-57a2d4851a1d" />
    <TestEntry testId="3819126c-2d38-c026-1fa0-3c0523edd5f8" executionId="0e07d8aa-3c26-4778-a51c-ee9fd8a57e7d" testListId="8c84fa94-04c1-424b-9868-57a2d4851a1d" />
    <TestEntry testId="d6a59241-146b-97d4-ddc7-f763392ac803" executionId="8c79078d-9bea-4582-9949-7b6ac4bbc1ec" testListId="8c84fa94-04c1-424b-9868-57a2d4851a1d" />
    <TestEntry testId="899bfeae-17ef-3a4b-8253-0c080c3ccc50" executionId="8a1cbb25-b8d3-4e6d-a15c-dfc3517001ba" testListId="8c84fa94-04c1-424b-9868-57a2d4851a1d" />
    <TestEntry testId="59947a1c-2564-a5c4-5fda-b8ba3678908c" executionId="248a9c04-e38f-4389-aaed-b11c2b06a037" testListId="8c84fa94-04c1-424b-9868-57a2d4851a1d" />
    <TestEntry testId="56854657-8b9d-a4a6-68e9-5a4169e11caf" executionId="d76b8274-0b32-4492-83a3-dbe791d3ee0c" testListId="8c84fa94-04c1-424b-9868-57a2d4851a1d" />
    <TestEntry testId="9a7f0927-06e6-deb8-515e-b5d020aa003b" executionId="302249b5-cdd1-4ad1-970e-38698a52083f" testListId="8c84fa94-04c1-424b-9868-57a2d4851a1d" />
    <TestEntry testId="02f79ec6-374f-0702-3fe1-041dd0f5ef2b" executionId="6b726269-d0b8-4aef-ae13-9e02fd17efd1" testListId="8c84fa94-04c1-424b-9868-57a2d4851a1d" />
    <TestEntry testId="bd9abc29-2e8f-e9c9-a259-982f0feecc40" executionId="577e0a54-a960-42a5-9e96-b7fb042b0714" testListId="8c84fa94-04c1-424b-9868-57a2d4851a1d" />
    <TestEntry testId="eec14c11-5489-4371-71ed-c158f5b07408" executionId="0d58afbe-999a-47ad-98ce-4b2ec25082df" testListId="8c84fa94-04c1-424b-9868-57a2d4851a1d" />
    <TestEntry testId="f1178a40-b7ad-87b9-2a62-805467791589" executionId="a7ed46ec-cfda-406f-ad9c-96a329c883bd" testListId="8c84fa94-04c1-424b-9868-57a2d4851a1d" />
    <TestEntry testId="20d830dc-b3cc-1c94-b717-f9489df1f5a4" executionId="3c592ac7-db93-42fa-9147-0dac5fbdedf9" testListId="8c84fa94-04c1-424b-9868-57a2d4851a1d" />
    <TestEntry testId="e3890884-4033-11fc-f02f-00f8d765ebe6" executionId="20be2e4b-a0ed-4769-bf74-f4f0907e3942" testListId="8c84fa94-04c1-424b-9868-57a2d4851a1d" />
    <TestEntry testId="f560ecb2-0362-ef08-709e-5ca01cf1d6d2" executionId="be9a97ea-f86e-4912-b4aa-ce16e51429f6" testListId="8c84fa94-04c1-424b-9868-57a2d4851a1d" />
    <TestEntry testId="5f78ce92-2920-1a51-72b2-80e2beb4c09d" executionId="3b45651b-24c1-4910-806f-d0e5f0928fdf" testListId="8c84fa94-04c1-424b-9868-57a2d4851a1d" />
    <TestEntry testId="1dea61f6-6d9a-32da-896e-1f505e2b1084" executionId="edf9b4ff-b8f0-4c10-8452-60d24c98eb89" testListId="8c84fa94-04c1-424b-9868-57a2d4851a1d" />
    <TestEntry testId="f6bf0478-7029-818c-f09b-66a64d092d78" executionId="00ab7ed2-fe79-41d1-9079-46def01c8743" testListId="8c84fa94-04c1-424b-9868-57a2d4851a1d" />
    <TestEntry testId="4843e579-6753-f68e-1e22-2dc2cfb6a559" executionId="c66abf2e-ae41-4cb0-9f5e-19ec65128cda" testListId="8c84fa94-04c1-424b-9868-57a2d4851a1d" />
    <TestEntry testId="9bca2452-ef63-02d3-5b4d-9c1af8cff1f7" executionId="8c1f4cc8-6375-43e4-b198-78ea8fa1695e" testListId="8c84fa94-04c1-424b-9868-57a2d4851a1d" />
    <TestEntry testId="3e66847c-894f-9e94-990e-8f9d88a0201e" executionId="1b99a227-9685-4b01-ac97-d6b0a79a4ca8" testListId="8c84fa94-04c1-424b-9868-57a2d4851a1d" />
    <TestEntry testId="94227f4d-0425-9e43-5b7a-094937903f03" executionId="b8d7257d-d643-486c-a8b6-30612d133df0" testListId="8c84fa94-04c1-424b-9868-57a2d4851a1d" />
    <TestEntry testId="c0d91bea-38a4-2f23-4568-21d978b843b2" executionId="202f1745-9187-4c97-95cb-24c03c505b0d" testListId="8c84fa94-04c1-424b-9868-57a2d4851a1d" />
    <TestEntry testId="ce5fdda5-2876-7f30-fbd4-3dfd0ec617f2" executionId="460d87de-eb3a-4d2b-af3f-9650765de13d" testListId="8c84fa94-04c1-424b-9868-57a2d4851a1d" />
    <TestEntry testId="21b6354d-5e33-bd7f-8d22-099d156f500a" executionId="6b1d77c4-6002-4200-9928-ab30a788893f" testListId="8c84fa94-04c1-424b-9868-57a2d4851a1d" />
    <TestEntry testId="23ecd90c-6f5b-3d61-6fab-730652a47deb" executionId="550a3c30-353a-49a5-b426-312a17940c9d" testListId="8c84fa94-04c1-424b-9868-57a2d4851a1d" />
    <TestEntry testId="9247c723-7a73-8d7a-3afc-cbb85e6ba5aa" executionId="677ef550-0591-4a14-87b1-65cd844c7cbc" testListId="8c84fa94-04c1-424b-9868-57a2d4851a1d" />
    <TestEntry testId="f5379970-0b57-455b-4a7c-77e9786a23f1" executionId="36836db3-851e-4d71-8cb8-7d3aafb11dae" testListId="8c84fa94-04c1-424b-9868-57a2d4851a1d" />
    <TestEntry testId="209d5fe0-381a-0f65-11be-dbe02ed5d6e9" executionId="02147b0b-84b3-46ec-a9d9-4f290ea4a5d3" testListId="8c84fa94-04c1-424b-9868-57a2d4851a1d" />
    <TestEntry testId="4ee0e48e-8eae-a73f-8a76-1cb319eb95e5" executionId="2a6e106f-a2a6-4a0a-8510-b0cde64bae1c" testListId="8c84fa94-04c1-424b-9868-57a2d4851a1d" />
    <TestEntry testId="2c470668-8bbd-6b07-8d5c-e37ec03519be" executionId="4c649cb9-9a8c-4b3e-abca-10d06cfee108" testListId="8c84fa94-04c1-424b-9868-57a2d4851a1d" />
    <TestEntry testId="40a0f29d-133c-17e2-8073-ce57b9fd8a54" executionId="6c8c275a-eb26-4bc6-ba32-c445b8c0485d" testListId="8c84fa94-04c1-424b-9868-57a2d4851a1d" />
    <TestEntry testId="d0accd30-a9e5-f2b7-1bf0-5143d49606f9" executionId="0974de95-ad97-4245-a800-b12f15ddbcd1" testListId="8c84fa94-04c1-424b-9868-57a2d4851a1d" />
    <TestEntry testId="413622be-3df1-c295-ad12-805965121976" executionId="bf84125f-730d-47c3-8c65-fe8418b3833c" testListId="8c84fa94-04c1-424b-9868-57a2d4851a1d" />
    <TestEntry testId="2c2a63d4-49fc-06af-a339-816afc8d6c4d" executionId="f38a8465-3afc-4f0b-aa8b-6b7e0c2756e1" testListId="8c84fa94-04c1-424b-9868-57a2d4851a1d" />
    <TestEntry testId="3cc4e64f-6e3e-e9cc-da91-2e0a10f56d9d" executionId="12ca715a-59cc-48bf-969e-94b10f79a392" testListId="8c84fa94-04c1-424b-9868-57a2d4851a1d" />
    <TestEntry testId="1c838b1c-9d8d-deee-7e01-1606d3b7b58f" executionId="223da3a5-055f-400e-8df2-1bb708039752" testListId="8c84fa94-04c1-424b-9868-57a2d4851a1d" />
    <TestEntry testId="ac633d1f-589c-d016-9962-419526a4cfd7" executionId="1448d848-5541-4f8a-b755-457c3e01a5f0" testListId="8c84fa94-04c1-424b-9868-57a2d4851a1d" />
    <TestEntry testId="450abdcf-50b5-e4ec-7642-0d643e2ee25d" executionId="05100068-cecf-4b97-ba3b-66774fa3b0b4" testListId="8c84fa94-04c1-424b-9868-57a2d4851a1d" />
    <TestEntry testId="defb29ef-408c-18c2-68b3-b0d2c8d05e27" executionId="8647fa54-b7b9-4f18-9b19-f29887187435" testListId="8c84fa94-04c1-424b-9868-57a2d4851a1d" />
    <TestEntry testId="bd57918c-6632-4eeb-95c4-0fa0d574dfa6" executionId="0ae5a59d-1091-4080-b760-de7c31b3009a" testListId="8c84fa94-04c1-424b-9868-57a2d4851a1d" />
    <TestEntry testId="078d396f-b753-ff0c-d6db-5f1b32a571ff" executionId="41a7824b-540e-4a5c-9d1a-90220a228414" testListId="8c84fa94-04c1-424b-9868-57a2d4851a1d" />
    <TestEntry testId="8cee49f9-3e24-1ac3-5c94-a0e6701a74a1" executionId="d7b7ebcc-87e1-46bf-926f-0c1cd6c93d9a" testListId="8c84fa94-04c1-424b-9868-57a2d4851a1d" />
    <TestEntry testId="643b4e94-9754-d542-9c3e-dc2b4b5cfc2c" executionId="fd393707-9aab-4aa2-8572-d647906ba08a" testListId="8c84fa94-04c1-424b-9868-57a2d4851a1d" />
    <TestEntry testId="d00f1be8-dbf5-627f-a12f-7f8fe7aaf2c0" executionId="1216bab5-837f-4fd7-bf29-578e4a597062" testListId="8c84fa94-04c1-424b-9868-57a2d4851a1d" />
    <TestEntry testId="fc3687d3-ec13-6997-be0a-773f7e8fab71" executionId="113a82d2-4c1c-41aa-8538-ebbb6b6db55c" testListId="8c84fa94-04c1-424b-9868-57a2d4851a1d" />
    <TestEntry testId="a12d32b6-841e-7627-c821-2404e5915411" executionId="c5aae501-9729-455c-bd5b-d2fd811d3d82" testListId="8c84fa94-04c1-424b-9868-57a2d4851a1d" />
    <TestEntry testId="794d47e7-fe15-fd06-704e-2887bcdad3be" executionId="9f310838-3092-4925-8ec4-482179f78465" testListId="8c84fa94-04c1-424b-9868-57a2d4851a1d" />
  </TestEntries>
  <TestLists>
    <TestList name="Results Not in a List" id="8c84fa94-04c1-424b-9868-57a2d4851a1d" />
    <TestList name="All Loaded Results" id="19431567-8539-422a-85d7-44ee4e166bda" />
  </TestLists>
  <ResultSummary outcome="Completed">
    <Counters total="342" executed="342" passed="342" failed="0" error="0" timeout="0" aborted="0" inconclusive="0" passedButRunAborted="0" notRunnable="0" notExecuted="0" disconnected="0" warning="0" completed="0" inProgress="0" pending="0" />
    <Output>
      <StdOut>[xUnit.net 00:00:00.00] xUnit.net VSTest Adapter v3.1.5+1b188a7b0a (64-bit .NET 10.0.5)&#xD;
[xUnit.net 00:00:00.06]   Discovering: Nalix.Framework.Tests&#xD;
[xUnit.net 00:00:00.12]   Discovered:  Nalix.Framework.Tests&#xD;
[xUnit.net 00:00:00.17]   Starting:    Nalix.Framework.Tests&#xD;
[xUnit.net 00:00:05.99]   Finished:    Nalix.Framework.Tests&#xD;
</StdOut>
    </Output>
  </ResultSummary>
</TestRun>