<?xml version="1.0" encoding="utf-8"?>
<TestRun id="4e555e23-a0d1-4b7d-a07b-f005e54542e4" name="pngz@PHCNGUYEN 2026-04-12 23:36:23" runUser="PHCNGUYEN\pngz" xmlns="http://microsoft.com/schemas/VisualStudio/TeamTest/2010">
  <Times creation="2026-04-12T23:36:23.5698597+07:00" queuing="2026-04-12T23:36:23.5698600+07:00" start="2026-04-12T23:36:22.9010026+07:00" finish="2026-04-12T23:36:23.5747126+07:00" />
  <TestSettings name="default" id="c2097dc9-8685-462a-8284-fa1ce2f12192">
    <Deployment runDeploymentRoot="pngz_PHCNGUYEN_2026-04-12_23_36_23" />
  </TestSettings>
  <Results>
    <UnitTestResult executionId="7d2b6631-0e87-44d0-8004-dc7fad18c922" testId="ab9ed446-5438-9aff-abc4-18412e0cbaaa" testName="Nalix.Framework.Tests.Memory.MemoryTests.PerformHealthCheck_StateUnderTest_ReportsUnhealthyPoolsAndStopsScheduledWork" computerName="PHCNGUYEN" duration="00:00:00.0309991" startTime="2026-04-12T23:36:23.4436524+07:00" endTime="2026-04-12T23:36:23.4809306+07:00" testType="13cdc9d9-ddb5-4fa4-a97d-d965ccfc6d4b" outcome="Passed" testListId="8c84fa94-04c1-424b-9868-57a2d4851a1d" relativeResultsDirectory="7d2b6631-0e87-44d0-8004-dc7fad18c922" />
  </Results>
  <TestDefinitions>
    <UnitTest name="Nalix.Framework.Tests.Memory.MemoryTests.PerformHealthCheck_StateUnderTest_ReportsUnhealthyPoolsAndStopsScheduledWork" storage="e:\cs\nalix\tests\nalix.framework.tests\bin\release\net10.0\nalix.framework.tests.dll" id="ab9ed446-5438-9aff-abc4-18412e0cbaaa">
      <Execution id="7d2b6631-0e87-44d0-8004-dc7fad18c922" />
      <TestMethod codeBase="E:\Cs\Nalix\tests\Nalix.Framework.Tests\bin\Release\net10.0\Nalix.Framework.Tests.dll" adapterTypeName="executor://xunit/VsTestRunner3/netcore/" className="Nalix.Framework.Tests.Memory.MemoryTests" name="PerformHealthCheck_StateUnderTest_ReportsUnhealthyPoolsAndStopsScheduledWork" />
    </UnitTest>
  </TestDefinitions>
  <TestEntries>
    <TestEntry testId="ab9ed446-5438-9aff-abc4-18412e0cbaaa" executionId="7d2b6631-0e87-44d0-8004-dc7fad18c922" testListId="8c84fa94-04c1-424b-9868-57a2d4851a1d" />
  </TestEntries>
  <TestLists>
    <TestList name="Results Not in a List" id="8c84fa94-04c1-424b-9868-57a2d4851a1d" />
    <TestList name="All Loaded Results" id="19431567-8539-422a-85d7-44ee4e166bda" />
  </TestLists>
  <ResultSummary outcome="Completed">
    <Counters total="1" executed="1" passed="1" failed="0" error="0" timeout="0" aborted="0" inconclusive="0" passedButRunAborted="0" notRunnable="0" notExecuted="0" disconnected="0" warning="0" completed="0" inProgress="0" pending="0" />
    <Output>
      <StdOut>[xUnit.net 00:00:00.00] xUnit.net VSTest Adapter v3.1.5+1b188a7b0a (64-bit .NET 10.0.5)&#xD;
[xUnit.net 00:00:00.07]   Discovering: Nalix.Framework.Tests&#xD;
[xUnit.net 00:00:00.13]   Discovered:  Nalix.Framework.Tests&#xD;
[xUnit.net 00:00:00.15]   Starting:    Nalix.Framework.Tests&#xD;
[xUnit.net 00:00:00.21]   Finished:    Nalix.Framework.Tests&#xD;
</StdOut>
    </Output>
  </ResultSummary>
</TestRun>