<?xml version="1.0" encoding="utf-8"?>
<TestRun id="8472aaab-abe5-4669-8469-07370aa29aa5" name="pngz@PHCNGUYEN 2026-04-26 12:27:05" runUser="PHCNGUYEN\pngz" xmlns="http://microsoft.com/schemas/VisualStudio/TeamTest/2010">
  <Times creation="2026-04-26T12:27:05.3835979+07:00" queuing="2026-04-26T12:27:05.3835982+07:00" start="2026-04-26T12:27:03.8084187+07:00" finish="2026-04-26T12:27:05.3887956+07:00" />
  <TestSettings name="default" id="0d91c6a1-eddb-49e3-a102-4ef85fba5e7a">
    <Deployment runDeploymentRoot="pngz_PHCNGUYEN_2026-04-26_12_27_05" />
  </TestSettings>
  <Results>
    <UnitTestResult executionId="b39d5b71-8563-4e29-88cb-88913d6c6cfe" testId="85eeeaae-9660-f973-e01c-e622cd705e7a" testName="Nalix.SDK.Tests.HandshakeIntegrationTests.HandshakeAsync_FullFlow_Succeeds" computerName="PHCNGUYEN" duration="00:00:00.5146953" startTime="2026-04-26T12:27:04.6606519+07:00" endTime="2026-04-26T12:27:05.1900870+07:00" testType="13cdc9d9-ddb5-4fa4-a97d-d965ccfc6d4b" outcome="Failed" testListId="8c84fa94-04c1-424b-9868-57a2d4851a1d" relativeResultsDirectory="b39d5b71-8563-4e29-88cb-88913d6c6cfe">
      <Output>
        <ErrorInfo>
          <Message>Nalix.Common.Exceptions.NetworkException : [SDK.RequestAsync&lt;Handshake&gt;] Client is not connected.</Message>
          <StackTrace>   at Nalix.SDK.Transport.Extensions.RequestExtensions.RequestAsync[TResponse](TransportSession client, IPacket request, RequestOptions options, Func`2 predicate, CancellationToken ct) in E:\Cs\Nalix\src\Nalix.SDK\Transport\Extensions\RequestExtensions.cs:line 116&#xD;
   at Nalix.SDK.Transport.Extensions.HandshakeExtensions.HandshakeAsync(TransportSession session, CancellationToken ct) in E:\Cs\Nalix\src\Nalix.SDK\Transport\Extensions\HandshakeExtensions.cs:line 127&#xD;
   at Nalix.SDK.Tests.HandshakeIntegrationTests.HandshakeAsync_FullFlow_Succeeds() in E:\Cs\Nalix\tests\Nalix.SDK.Tests\HandshakeIntegrationTests.cs:line 107&#xD;
   at Nalix.SDK.Tests.HandshakeIntegrationTests.HandshakeAsync_FullFlow_Succeeds() in E:\Cs\Nalix\tests\Nalix.SDK.Tests\HandshakeIntegrationTests.cs:line 118&#xD;
--- End of stack trace from previous location ---</StackTrace>
        </ErrorInfo>
      </Output>
    </UnitTestResult>
    <UnitTestResult executionId="0d248a4d-b823-40c7-86b0-ca0aefbd9e65" testId="3d44c6bd-9164-e978-4f0a-0174a9857ac0" testName="Nalix.SDK.Tests.HandshakeIntegrationTests.ConnectWithResumeAsync_FullCycle_Succeeds" computerName="PHCNGUYEN" duration="00:00:00.0579754" startTime="2026-04-26T12:27:05.2081361+07:00" endTime="2026-04-26T12:27:05.2504863+07:00" testType="13cdc9d9-ddb5-4fa4-a97d-d965ccfc6d4b" outcome="Failed" testListId="8c84fa94-04c1-424b-9868-57a2d4851a1d" relativeResultsDirectory="0d248a4d-b823-40c7-86b0-ca0aefbd9e65">
      <Output>
        <ErrorInfo>
          <Message>Nalix.Common.Exceptions.NetworkException : [SDK.RequestAsync&lt;Handshake&gt;] Client is not connected.</Message>
          <StackTrace>   at Nalix.SDK.Transport.Extensions.RequestExtensions.RequestAsync[TResponse](TransportSession client, IPacket request, RequestOptions options, Func`2 predicate, CancellationToken ct) in E:\Cs\Nalix\src\Nalix.SDK\Transport\Extensions\RequestExtensions.cs:line 116&#xD;
   at Nalix.SDK.Transport.Extensions.HandshakeExtensions.HandshakeAsync(TransportSession session, CancellationToken ct) in E:\Cs\Nalix\src\Nalix.SDK\Transport\Extensions\HandshakeExtensions.cs:line 127&#xD;
   at Nalix.SDK.Transport.Extensions.ResumeExtensions.ConnectWithResumeAsync(TcpSession session, String host, Nullable`1 port, CancellationToken ct) in E:\Cs\Nalix\src\Nalix.SDK\Transport\Extensions\ResumeExtensions.cs:line 143&#xD;
   at Nalix.SDK.Tests.HandshakeIntegrationTests.ConnectWithResumeAsync_FullCycle_Succeeds() in E:\Cs\Nalix\tests\Nalix.SDK.Tests\HandshakeIntegrationTests.cs:line 144&#xD;
   at Nalix.SDK.Tests.HandshakeIntegrationTests.ConnectWithResumeAsync_FullCycle_Succeeds() in E:\Cs\Nalix\tests\Nalix.SDK.Tests\HandshakeIntegrationTests.cs:line 163&#xD;
--- End of stack trace from previous location ---</StackTrace>
        </ErrorInfo>
      </Output>
    </UnitTestResult>
  </Results>
  <TestDefinitions>
    <UnitTest name="Nalix.SDK.Tests.HandshakeIntegrationTests.ConnectWithResumeAsync_FullCycle_Succeeds" storage="e:\cs\nalix\tests\nalix.sdk.tests\bin\debug\net10.0\nalix.sdk.tests.dll" id="3d44c6bd-9164-e978-4f0a-0174a9857ac0">
      <Execution id="0d248a4d-b823-40c7-86b0-ca0aefbd9e65" />
      <TestMethod codeBase="E:\Cs\Nalix\tests\Nalix.SDK.Tests\bin\Debug\net10.0\Nalix.SDK.Tests.dll" adapterTypeName="executor://xunit/VsTestRunner3/netcore/" className="Nalix.SDK.Tests.HandshakeIntegrationTests" name="ConnectWithResumeAsync_FullCycle_Succeeds" />
    </UnitTest>
    <UnitTest name="Nalix.SDK.Tests.HandshakeIntegrationTests.HandshakeAsync_FullFlow_Succeeds" storage="e:\cs\nalix\tests\nalix.sdk.tests\bin\debug\net10.0\nalix.sdk.tests.dll" id="85eeeaae-9660-f973-e01c-e622cd705e7a">
      <Execution id="b39d5b71-8563-4e29-88cb-88913d6c6cfe" />
      <TestMethod codeBase="E:\Cs\Nalix\tests\Nalix.SDK.Tests\bin\Debug\net10.0\Nalix.SDK.Tests.dll" adapterTypeName="executor://xunit/VsTestRunner3/netcore/" className="Nalix.SDK.Tests.HandshakeIntegrationTests" name="HandshakeAsync_FullFlow_Succeeds" />
    </UnitTest>
  </TestDefinitions>
  <TestEntries>
    <TestEntry testId="85eeeaae-9660-f973-e01c-e622cd705e7a" executionId="b39d5b71-8563-4e29-88cb-88913d6c6cfe" testListId="8c84fa94-04c1-424b-9868-57a2d4851a1d" />
    <TestEntry testId="3d44c6bd-9164-e978-4f0a-0174a9857ac0" executionId="0d248a4d-b823-40c7-86b0-ca0aefbd9e65" testListId="8c84fa94-04c1-424b-9868-57a2d4851a1d" />
  </TestEntries>
  <TestLists>
    <TestList name="Results Not in a List" id="8c84fa94-04c1-424b-9868-57a2d4851a1d" />
    <TestList name="All Loaded Results" id="19431567-8539-422a-85d7-44ee4e166bda" />
  </TestLists>
  <ResultSummary outcome="Failed">
    <Counters total="2" executed="2" passed="0" failed="2" error="0" timeout="0" aborted="0" inconclusive="0" passedButRunAborted="0" notRunnable="0" notExecuted="0" disconnected="0" warning="0" completed="0" inProgress="0" pending="0" />
    <Output>
      <StdOut>[xUnit.net 00:00:00.00] xUnit.net VSTest Adapter v3.1.5+1b188a7b0a (64-bit .NET 10.0.6)&#xD;
[xUnit.net 00:00:00.10]   Discovering: Nalix.SDK.Tests&#xD;
[xUnit.net 00:00:00.15]   Discovered:  Nalix.SDK.Tests&#xD;
[xUnit.net 00:00:00.18]   Starting:    Nalix.SDK.Tests&#xD;
    _   __      ___&#xD;
   / | / /___ _/ (_)  __&#xD;
  /  |/ / __ `/ / / |/_/&#xD;
 / /|  / /_/ / / /&gt;  &lt;&#xD;
/_/ |_/\__,_/_/_/_/|_|  SERVER CORE&#xD;
[INIT] Version   : 12.0.7.0&#xD;
[INIT] PID       : 15296&#xD;
[INIT] OS        : Microsoft Windows NT 10.0.26200.0&#xD;
[INIT] Arch      : X64&#xD;
[INIT] Runtime   : .NET 10.0.6&#xD;
[INIT] Config    : C:\Users\nguye\AppData\Local\Temp\NalixSdkTests\aea2ba5108194e91ae22c8fff85abf65\config\server.ini&#xD;
[INIT] GC Mode   : Workstation GC&#xD;
[INIT] Processors: 16&#xD;
[WARN] Server GC is NOT enabled. Performance may be degraded in high-load scenarios.&#xD;
------------------------------------------------------------------&#xD;
[TEST] Dispatch.ExecutePacketAsync: Deserialize SUCCESS. OpCode=0, Magic=1279036208&#xD;
[TEST] OnOnce: Received Handshake. OpCode=0&#xD;
[TEST] OnOnce: Calling handler for Handshake&#xD;
[TEST] OnOnce: Handler called.&#xD;
[xUnit.net 00:00:00.74]       Nalix.Common.Exceptions.NetworkException : [SDK.RequestAsync&lt;Handshake&gt;] Client is not connected.&#xD;
[xUnit.net 00:00:00.74]       Stack Trace:&#xD;
[xUnit.net 00:00:00.74]         E:\Cs\Nalix\src\Nalix.SDK\Transport\Extensions\RequestExtensions.cs(116,0): at Nalix.SDK.Transport.Extensions.RequestExtensions.RequestAsync[TResponse](TransportSession client, IPacket request, RequestOptions options, Func`2 predicate, CancellationToken ct)&#xD;
[xUnit.net 00:00:00.74]         E:\Cs\Nalix\src\Nalix.SDK\Transport\Extensions\HandshakeExtensions.cs(127,0): at Nalix.SDK.Transport.Extensions.HandshakeExtensions.HandshakeAsync(TransportSession session, CancellationToken ct)&#xD;
[xUnit.net 00:00:00.74]         E:\Cs\Nalix\tests\Nalix.SDK.Tests\HandshakeIntegrationTests.cs(107,0): at Nalix.SDK.Tests.HandshakeIntegrationTests.HandshakeAsync_FullFlow_Succeeds()&#xD;
[xUnit.net 00:00:00.74]         E:\Cs\Nalix\tests\Nalix.SDK.Tests\HandshakeIntegrationTests.cs(118,0): at Nalix.SDK.Tests.HandshakeIntegrationTests.HandshakeAsync_FullFlow_Succeeds()&#xD;
[xUnit.net 00:00:00.74]         --- End of stack trace from previous location ---&#xD;
[TEST] Dispatch.ExecutePacketAsync: Deserialize SUCCESS. OpCode=0, Magic=1279036208&#xD;
[TEST] OnOnce: Received Handshake. OpCode=0&#xD;
[TEST] OnOnce: Calling handler for Handshake&#xD;
[TEST] OnOnce: Handler called.&#xD;
[xUnit.net 00:00:00.80]       Nalix.Common.Exceptions.NetworkException : [SDK.RequestAsync&lt;Handshake&gt;] Client is not connected.&#xD;
[xUnit.net 00:00:00.80]       Stack Trace:&#xD;
[xUnit.net 00:00:00.80]         E:\Cs\Nalix\src\Nalix.SDK\Transport\Extensions\RequestExtensions.cs(116,0): at Nalix.SDK.Transport.Extensions.RequestExtensions.RequestAsync[TResponse](TransportSession client, IPacket request, RequestOptions options, Func`2 predicate, CancellationToken ct)&#xD;
[xUnit.net 00:00:00.80]         E:\Cs\Nalix\src\Nalix.SDK\Transport\Extensions\HandshakeExtensions.cs(127,0): at Nalix.SDK.Transport.Extensions.HandshakeExtensions.HandshakeAsync(TransportSession session, CancellationToken ct)&#xD;
[xUnit.net 00:00:00.80]         E:\Cs\Nalix\src\Nalix.SDK\Transport\Extensions\ResumeExtensions.cs(143,0): at Nalix.SDK.Transport.Extensions.ResumeExtensions.ConnectWithResumeAsync(TcpSession session, String host, Nullable`1 port, CancellationToken ct)&#xD;
[xUnit.net 00:00:00.80]         E:\Cs\Nalix\tests\Nalix.SDK.Tests\HandshakeIntegrationTests.cs(144,0): at Nalix.SDK.Tests.HandshakeIntegrationTests.ConnectWithResumeAsync_FullCycle_Succeeds()&#xD;
[xUnit.net 00:00:00.80]         E:\Cs\Nalix\tests\Nalix.SDK.Tests\HandshakeIntegrationTests.cs(163,0): at Nalix.SDK.Tests.HandshakeIntegrationTests.ConnectWithResumeAsync_FullCycle_Succeeds()&#xD;
[xUnit.net 00:00:00.80]         --- End of stack trace from previous location ---&#xD;
[xUnit.net 00:00:00.80]   Finished:    Nalix.SDK.Tests&#xD;
</StdOut>
    </Output>
    <RunInfos>
      <RunInfo computerName="PHCNGUYEN" outcome="Error" timestamp="2026-04-26T12:27:05.1938180+07:00">
        <Text>[xUnit.net 00:00:00.74]     Nalix.SDK.Tests.HandshakeIntegrationTests.HandshakeAsync_FullFlow_Succeeds [FAIL]</Text>
      </RunInfo>
      <RunInfo computerName="PHCNGUYEN" outcome="Error" timestamp="2026-04-26T12:27:05.2511558+07:00">
        <Text>[xUnit.net 00:00:00.80]     Nalix.SDK.Tests.HandshakeIntegrationTests.ConnectWithResumeAsync_FullCycle_Succeeds [FAIL]</Text>
      </RunInfo>
    </RunInfos>
  </ResultSummary>
</TestRun>