<?xml version="1.0" encoding="utf-8"?>
<TestRun id="55eeccf8-d55a-44ec-a83b-8ba8d03d4e59" name="pngz@PHCNGUYEN 2026-04-26 12:24:21" runUser="PHCNGUYEN\pngz" xmlns="http://microsoft.com/schemas/VisualStudio/TeamTest/2010">
  <Times creation="2026-04-26T12:24:21.1475393+07:00" queuing="2026-04-26T12:24:21.1475397+07:00" start="2026-04-26T12:24:19.3228720+07:00" finish="2026-04-26T12:24:21.1551570+07:00" />
  <TestSettings name="default" id="4bebe674-cdf1-417e-8f0e-0e8b964f6235">
    <Deployment runDeploymentRoot="pngz_PHCNGUYEN_2026-04-26_12_24_21" />
  </TestSettings>
  <Results>
    <UnitTestResult executionId="6eb0109c-668b-49e4-8d68-b070a83bbf5c" testId="85eeeaae-9660-f973-e01c-e622cd705e7a" testName="Nalix.SDK.Tests.HandshakeIntegrationTests.HandshakeAsync_FullFlow_Succeeds" computerName="PHCNGUYEN" duration="00:00:00.5874661" startTime="2026-04-26T12:24:20.2811017+07:00" endTime="2026-04-26T12:24:20.8880405+07:00" testType="13cdc9d9-ddb5-4fa4-a97d-d965ccfc6d4b" outcome="Failed" testListId="8c84fa94-04c1-424b-9868-57a2d4851a1d" relativeResultsDirectory="6eb0109c-668b-49e4-8d68-b070a83bbf5c">
      <Output>
        <ErrorInfo>
          <Message>Nalix.Common.Exceptions.NetworkException : [SDK.RequestAsync&lt;Handshake&gt;] Client is not connected.</Message>
          <StackTrace>   at Nalix.SDK.Transport.Extensions.RequestExtensions.RequestAsync[TResponse](TransportSession client, IPacket request, RequestOptions options, Func`2 predicate, CancellationToken ct) in E:\Cs\Nalix\src\Nalix.SDK\Transport\Extensions\RequestExtensions.cs:line 116&#xD;
   at Nalix.SDK.Transport.Extensions.HandshakeExtensions.HandshakeAsync(TransportSession session, CancellationToken ct) in E:\Cs\Nalix\src\Nalix.SDK\Transport\Extensions\HandshakeExtensions.cs:line 118&#xD;
   at Nalix.SDK.Tests.HandshakeIntegrationTests.HandshakeAsync_FullFlow_Succeeds() in E:\Cs\Nalix\tests\Nalix.SDK.Tests\HandshakeIntegrationTests.cs:line 107&#xD;
   at Nalix.SDK.Tests.HandshakeIntegrationTests.HandshakeAsync_FullFlow_Succeeds() in E:\Cs\Nalix\tests\Nalix.SDK.Tests\HandshakeIntegrationTests.cs:line 118&#xD;
--- End of stack trace from previous location ---</StackTrace>
        </ErrorInfo>
      </Output>
    </UnitTestResult>
    <UnitTestResult executionId="4cac177a-c867-4875-ad0c-11ee8f747e95" testId="3d44c6bd-9164-e978-4f0a-0174a9857ac0" testName="Nalix.SDK.Tests.HandshakeIntegrationTests.ConnectWithResumeAsync_FullCycle_Succeeds" computerName="PHCNGUYEN" duration="00:00:00.0724907" startTime="2026-04-26T12:24:20.9234381+07:00" endTime="2026-04-26T12:24:20.9629069+07:00" testType="13cdc9d9-ddb5-4fa4-a97d-d965ccfc6d4b" outcome="Failed" testListId="8c84fa94-04c1-424b-9868-57a2d4851a1d" relativeResultsDirectory="4cac177a-c867-4875-ad0c-11ee8f747e95">
      <Output>
        <ErrorInfo>
          <Message>Nalix.Common.Exceptions.NetworkException : [SDK.RequestAsync&lt;Handshake&gt;] Client is not connected.</Message>
          <StackTrace>   at Nalix.SDK.Transport.Extensions.RequestExtensions.RequestAsync[TResponse](TransportSession client, IPacket request, RequestOptions options, Func`2 predicate, CancellationToken ct) in E:\Cs\Nalix\src\Nalix.SDK\Transport\Extensions\RequestExtensions.cs:line 116&#xD;
   at Nalix.SDK.Transport.Extensions.HandshakeExtensions.HandshakeAsync(TransportSession session, CancellationToken ct) in E:\Cs\Nalix\src\Nalix.SDK\Transport\Extensions\HandshakeExtensions.cs:line 118&#xD;
   at Nalix.SDK.Transport.Extensions.ResumeExtensions.ConnectWithResumeAsync(TcpSession session, String host, Nullable`1 port, CancellationToken ct) in E:\Cs\Nalix\src\Nalix.SDK\Transport\Extensions\ResumeExtensions.cs:line 143&#xD;
   at Nalix.SDK.Tests.HandshakeIntegrationTests.ConnectWithResumeAsync_FullCycle_Succeeds() in E:\Cs\Nalix\tests\Nalix.SDK.Tests\HandshakeIntegrationTests.cs:line 144&#xD;
   at Nalix.SDK.Tests.HandshakeIntegrationTests.ConnectWithResumeAsync_FullCycle_Succeeds() in E:\Cs\Nalix\tests\Nalix.SDK.Tests\HandshakeIntegrationTests.cs:line 163&#xD;
--- End of stack trace from previous location ---</StackTrace>
        </ErrorInfo>
      </Output>
    </UnitTestResult>
  </Results>
  <TestDefinitions>
    <UnitTest name="Nalix.SDK.Tests.HandshakeIntegrationTests.ConnectWithResumeAsync_FullCycle_Succeeds" storage="e:\cs\nalix\tests\nalix.sdk.tests\bin\debug\net10.0\nalix.sdk.tests.dll" id="3d44c6bd-9164-e978-4f0a-0174a9857ac0">
      <Execution id="4cac177a-c867-4875-ad0c-11ee8f747e95" />
      <TestMethod codeBase="E:\Cs\Nalix\tests\Nalix.SDK.Tests\bin\Debug\net10.0\Nalix.SDK.Tests.dll" adapterTypeName="executor://xunit/VsTestRunner3/netcore/" className="Nalix.SDK.Tests.HandshakeIntegrationTests" name="ConnectWithResumeAsync_FullCycle_Succeeds" />
    </UnitTest>
    <UnitTest name="Nalix.SDK.Tests.HandshakeIntegrationTests.HandshakeAsync_FullFlow_Succeeds" storage="e:\cs\nalix\tests\nalix.sdk.tests\bin\debug\net10.0\nalix.sdk.tests.dll" id="85eeeaae-9660-f973-e01c-e622cd705e7a">
      <Execution id="6eb0109c-668b-49e4-8d68-b070a83bbf5c" />
      <TestMethod codeBase="E:\Cs\Nalix\tests\Nalix.SDK.Tests\bin\Debug\net10.0\Nalix.SDK.Tests.dll" adapterTypeName="executor://xunit/VsTestRunner3/netcore/" className="Nalix.SDK.Tests.HandshakeIntegrationTests" name="HandshakeAsync_FullFlow_Succeeds" />
    </UnitTest>
  </TestDefinitions>
  <TestEntries>
    <TestEntry testId="85eeeaae-9660-f973-e01c-e622cd705e7a" executionId="6eb0109c-668b-49e4-8d68-b070a83bbf5c" testListId="8c84fa94-04c1-424b-9868-57a2d4851a1d" />
    <TestEntry testId="3d44c6bd-9164-e978-4f0a-0174a9857ac0" executionId="4cac177a-c867-4875-ad0c-11ee8f747e95" testListId="8c84fa94-04c1-424b-9868-57a2d4851a1d" />
  </TestEntries>
  <TestLists>
    <TestList name="Results Not in a List" id="8c84fa94-04c1-424b-9868-57a2d4851a1d" />
    <TestList name="All Loaded Results" id="19431567-8539-422a-85d7-44ee4e166bda" />
  </TestLists>
  <ResultSummary outcome="Failed">
    <Counters total="2" executed="2" passed="0" failed="2" error="0" timeout="0" aborted="0" inconclusive="0" passedButRunAborted="0" notRunnable="0" notExecuted="0" disconnected="0" warning="0" completed="0" inProgress="0" pending="0" />
    <Output>
      <StdOut>[xUnit.net 00:00:00.00] xUnit.net VSTest Adapter v3.1.5+1b188a7b0a (64-bit .NET 10.0.6)&#xD;
[xUnit.net 00:00:00.15]   Discovering: Nalix.SDK.Tests&#xD;
[xUnit.net 00:00:00.21]   Discovered:  Nalix.SDK.Tests&#xD;
[xUnit.net 00:00:00.24]   Starting:    Nalix.SDK.Tests&#xD;
    _   __      ___&#xD;
   / | / /___ _/ (_)  __&#xD;
  /  |/ / __ `/ / / |/_/&#xD;
 / /|  / /_/ / / /&gt;  &lt;&#xD;
/_/ |_/\__,_/_/_/_/|_|  SERVER CORE&#xD;
[INIT] Version   : 12.0.7.0&#xD;
[INIT] PID       : 27588&#xD;
[INIT] OS        : Microsoft Windows NT 10.0.26200.0&#xD;
[INIT] Arch      : X64&#xD;
[INIT] Runtime   : .NET 10.0.6&#xD;
[INIT] Config    : C:\Users\nguye\AppData\Local\Temp\NalixSdkTests\49d6296edef4462795a6e1bdad2247b6\config\server.ini&#xD;
[INIT] GC Mode   : Workstation GC&#xD;
[INIT] Processors: 16&#xD;
[WARN] Server GC is NOT enabled. Performance may be degraded in high-load scenarios.&#xD;
------------------------------------------------------------------&#xD;
[TEST] Dispatch.ExecutePacketAsync: Deserialize SUCCESS. OpCode=0, Magic=1279036208&#xD;
[TEST] OnOnce: Received Handshake. OpCode=0&#xD;
[TEST] OnOnce: Calling handler for Handshake&#xD;
[TEST] OnOnce: Handler called.&#xD;
[xUnit.net 00:00:00.89]       Nalix.Common.Exceptions.NetworkException : [SDK.RequestAsync&lt;Handshake&gt;] Client is not connected.&#xD;
[xUnit.net 00:00:00.89]       Stack Trace:&#xD;
[xUnit.net 00:00:00.89]         E:\Cs\Nalix\src\Nalix.SDK\Transport\Extensions\RequestExtensions.cs(116,0): at Nalix.SDK.Transport.Extensions.RequestExtensions.RequestAsync[TResponse](TransportSession client, IPacket request, RequestOptions options, Func`2 predicate, CancellationToken ct)&#xD;
[xUnit.net 00:00:00.89]         E:\Cs\Nalix\src\Nalix.SDK\Transport\Extensions\HandshakeExtensions.cs(118,0): at Nalix.SDK.Transport.Extensions.HandshakeExtensions.HandshakeAsync(TransportSession session, CancellationToken ct)&#xD;
[xUnit.net 00:00:00.89]         E:\Cs\Nalix\tests\Nalix.SDK.Tests\HandshakeIntegrationTests.cs(107,0): at Nalix.SDK.Tests.HandshakeIntegrationTests.HandshakeAsync_FullFlow_Succeeds()&#xD;
[xUnit.net 00:00:00.89]         E:\Cs\Nalix\tests\Nalix.SDK.Tests\HandshakeIntegrationTests.cs(118,0): at Nalix.SDK.Tests.HandshakeIntegrationTests.HandshakeAsync_FullFlow_Succeeds()&#xD;
[xUnit.net 00:00:00.89]         --- End of stack trace from previous location ---&#xD;
[TEST] Dispatch.ExecutePacketAsync: Deserialize SUCCESS. OpCode=0, Magic=1279036208&#xD;
[TEST] OnOnce: Received Handshake. OpCode=0&#xD;
[TEST] OnOnce: Calling handler for Handshake&#xD;
[TEST] OnOnce: Handler called.&#xD;
[xUnit.net 00:00:00.95]       Nalix.Common.Exceptions.NetworkException : [SDK.RequestAsync&lt;Handshake&gt;] Client is not connected.&#xD;
[xUnit.net 00:00:00.95]       Stack Trace:&#xD;
[xUnit.net 00:00:00.95]         E:\Cs\Nalix\src\Nalix.SDK\Transport\Extensions\RequestExtensions.cs(116,0): at Nalix.SDK.Transport.Extensions.RequestExtensions.RequestAsync[TResponse](TransportSession client, IPacket request, RequestOptions options, Func`2 predicate, CancellationToken ct)&#xD;
[xUnit.net 00:00:00.96]         E:\Cs\Nalix\src\Nalix.SDK\Transport\Extensions\HandshakeExtensions.cs(118,0): at Nalix.SDK.Transport.Extensions.HandshakeExtensions.HandshakeAsync(TransportSession session, CancellationToken ct)&#xD;
[xUnit.net 00:00:00.96]         E:\Cs\Nalix\src\Nalix.SDK\Transport\Extensions\ResumeExtensions.cs(143,0): at Nalix.SDK.Transport.Extensions.ResumeExtensions.ConnectWithResumeAsync(TcpSession session, String host, Nullable`1 port, CancellationToken ct)&#xD;
[xUnit.net 00:00:00.96]         E:\Cs\Nalix\tests\Nalix.SDK.Tests\HandshakeIntegrationTests.cs(144,0): at Nalix.SDK.Tests.HandshakeIntegrationTests.ConnectWithResumeAsync_FullCycle_Succeeds()&#xD;
[xUnit.net 00:00:00.96]         E:\Cs\Nalix\tests\Nalix.SDK.Tests\HandshakeIntegrationTests.cs(163,0): at Nalix.SDK.Tests.HandshakeIntegrationTests.ConnectWithResumeAsync_FullCycle_Succeeds()&#xD;
[xUnit.net 00:00:00.96]         --- End of stack trace from previous location ---&#xD;
[xUnit.net 00:00:00.97]   Finished:    Nalix.SDK.Tests&#xD;
</StdOut>
    </Output>
    <RunInfos>
      <RunInfo computerName="PHCNGUYEN" outcome="Error" timestamp="2026-04-26T12:24:20.8941015+07:00">
        <Text>[xUnit.net 00:00:00.88]     Nalix.SDK.Tests.HandshakeIntegrationTests.HandshakeAsync_FullFlow_Succeeds [FAIL]</Text>
      </RunInfo>
      <RunInfo computerName="PHCNGUYEN" outcome="Error" timestamp="2026-04-26T12:24:20.9636318+07:00">
        <Text>[xUnit.net 00:00:00.95]     Nalix.SDK.Tests.HandshakeIntegrationTests.ConnectWithResumeAsync_FullCycle_Succeeds [FAIL]</Text>
      </RunInfo>
    </RunInfos>
  </ResultSummary>
</TestRun>