<?xml version="1.0" encoding="utf-8"?>
<TestRun id="d6b012b6-3086-43ab-bfe2-ebfb4467fa28" name="pngz@PHCNGUYEN 2026-04-12 23:36:33" runUser="PHCNGUYEN\pngz" xmlns="http://microsoft.com/schemas/VisualStudio/TeamTest/2010">
  <Times creation="2026-04-12T23:36:33.6029632+07:00" queuing="2026-04-12T23:36:33.6029634+07:00" start="2026-04-12T23:36:33.0925441+07:00" finish="2026-04-12T23:36:33.6032717+07:00" />
  <TestSettings name="default" id="7ad358f8-a544-4f84-85f2-6d1fbd5cf749">
    <Deployment runDeploymentRoot="pngz_PHCNGUYEN_2026-04-12_23_36_33" />
  </TestSettings>
  <TestLists>
    <TestList name="Results Not in a List" id="8c84fa94-04c1-424b-9868-57a2d4851a1d" />
    <TestList name="All Loaded Results" id="19431567-8539-422a-85d7-44ee4e166bda" />
  </TestLists>
  <ResultSummary outcome="Completed">
    <Counters total="0" executed="0" passed="0" failed="0" error="0" timeout="0" aborted="0" inconclusive="0" passedButRunAborted="0" notRunnable="0" notExecuted="0" disconnected="0" warning="0" completed="0" inProgress="0" pending="0" />
    <Output>
      <StdOut>[xUnit.net 00:00:00.00] xUnit.net VSTest Adapter v3.1.5+1b188a7b0a (64-bit .NET 10.0.5)&#xD;
[xUnit.net 00:00:00.08]   Discovering: Nalix.Analyzers.Tests&#xD;
[xUnit.net 00:00:00.11]   Discovered:  Nalix.Analyzers.Tests&#xD;
</StdOut>
    </Output>
    <RunInfos>
      <RunInfo computerName="PHCNGUYEN" outcome="Warning" timestamp="2026-04-12T23:36:33.5601656+07:00">
        <Text>No test matches the given testcase filter `FullyQualifiedName~Nalix.Framework.Tests` in E:\Cs\Nalix\tests\Nalix.Analyzers.Tests\bin\Release\net10.0\Nalix.Analyzers.Tests.dll</Text>
      </RunInfo>
    </RunInfos>
  </ResultSummary>
</TestRun>