<?xml version="1.0" encoding="utf-8"?>
<TestRun id="0e8c1717-938d-4aa4-a898-319f876aad46" name="pngz@PHCNGUYEN 2026-04-12 23:36:23" runUser="PHCNGUYEN\pngz" xmlns="http://microsoft.com/schemas/VisualStudio/TeamTest/2010">
  <Times creation="2026-04-12T23:36:23.5355714+07:00" queuing="2026-04-12T23:36:23.5355719+07:00" start="2026-04-12T23:36:23.0277580+07:00" finish="2026-04-12T23:36:23.5360350+07:00" />
  <TestSettings name="default" id="c7ddb193-1d72-48c9-85bb-7e88b74b8ce2">
    <Deployment runDeploymentRoot="pngz_PHCNGUYEN_2026-04-12_23_36_23" />
  </TestSettings>
  <TestLists>
    <TestList name="Results Not in a List" id="8c84fa94-04c1-424b-9868-57a2d4851a1d" />
    <TestList name="All Loaded Results" id="19431567-8539-422a-85d7-44ee4e166bda" />
  </TestLists>
  <ResultSummary outcome="Completed">
    <Counters total="0" executed="0" passed="0" failed="0" error="0" timeout="0" aborted="0" inconclusive="0" passedButRunAborted="0" notRunnable="0" notExecuted="0" disconnected="0" warning="0" completed="0" inProgress="0" pending="0" />
    <Output>
      <StdOut>[xUnit.net 00:00:00.00] xUnit.net VSTest Adapter v3.1.5+1b188a7b0a (64-bit .NET 10.0.5)&#xD;
[xUnit.net 00:00:00.07]   Discovering: Nalix.Network.Tests&#xD;
[xUnit.net 00:00:00.09]   Discovered:  Nalix.Network.Tests&#xD;
</StdOut>
    </Output>
    <RunInfos>
      <RunInfo computerName="PHCNGUYEN" outcome="Warning" timestamp="2026-04-12T23:36:23.4903749+07:00">
        <Text>No test matches the given testcase filter `FullyQualifiedName~PerformHealthCheck_StateUnderTest_ReportsUnhealthyPoolsAndStopsScheduledWork` in E:\Cs\Nalix\tests\Nalix.Network.Test\bin\Release\net10.0\Nalix.Network.Tests.dll</Text>
      </RunInfo>
    </RunInfos>
  </ResultSummary>
</TestRun>